#
# A fatal error has been detected by the Java Runtime Environment:
#
#  SIGSEGV (0xb) at pc=0x00007fff8e0520dd, pid=7157, tid=0x0000000000000713
#
# JRE version: Java(TM) SE Runtime Environment (8.0_121-b13) (build 1.8.0_121-b13)
# Java VM: Java HotSpot(TM) 64-Bit Server VM (25.121-b13 mixed mode bsd-amd64 compressed oops)
# Problematic frame:
# C  [libobjc.A.dylib+0x10dd]  objc_msgSend+0x1d
#
# Failed to write core dump. Core dumps have been disabled. To enable core dumping, try "ulimit -c unlimited" before starting Java again
#
# If you would like to submit a bug report, please visit:
#   http://bugreport.java.com/bugreport/crash.jsp
# The crash happened outside the Java Virtual Machine in native code.
# See problematic frame for where to report the bug.
#

---------------  T H R E A D  ---------------

Current thread (0x00007fd219142800):  JavaThread "AppKit Thread" daemon [_thread_in_native, id=1811, stack(0x00007fff5a7af000,0x00007fff5afaf000)]

siginfo: si_signo: 11 (SIGSEGV), si_code: 1 (SEGV_MAPERR), si_addr: 0x0000000000000018

Registers:
RAX=0x00007fd218cacb60, RBX=0x00007fff5afa9f48, RCX=0x0000000000000000, RDX=0x00007fd218fb3660
RSP=0x00007fff5afa9d68, RBP=0x00007fff5afa9d70, RSI=0x00007fff897e841e, RDI=0x00007fd218cacb60
R8 =0x00007fff5afa9d50, R9 =0x0000000000000055, R10=0x00007fff897e841e, R11=0x0000000000000000
R12=0x00007fd218c246b0, R13=0x00000000000f42f6, R14=0x00007fd218cc1b80, R15=0x00007fff5afa9ea8
RIP=0x00007fff8e0520dd, EFLAGS=0x0000000000010246, ERR=0x0000000000000004
  TRAPNO=0x000000000000000e

Top of Stack: (sp=0x00007fff5afa9d68)
0x00007fff5afa9d68:   00007fff8543b45c 00007fff5afaa0d0
0x00007fff5afa9d78:   00007fff8532b444 00007fff5afa9dfc
0x00007fff5afa9d88:   00007fff5afa9e00 00007fff5afa9e04
0x00007fff5afa9d98:   00007fff726c9e00 ffffffffffffffff
0x00007fff5afa9da8:   00000000000007f8 00007fff726c9e18
0x00007fff5afa9db8:   00007fd218cc1b80 0000000000000000
0x00007fff5afa9dc8:   00007fff5afa9ea0 0000000000000000
0x00007fff5afa9dd8:   00007fd218d40e30 00007fff5afa9f20
0x00007fff5afa9de8:   0000000000000055 00000000000f42f8
0x00007fff5afa9df8:   00007fd218fb3660 00007fd218d40860
0x00007fff5afa9e08:   00007fd218c246b0 0000000000000001
0x00007fff5afa9e18:   00000000000f42f6 00007fd218c246a0
0x00007fff5afa9e28:   00007fff8abd6c05 0000000172e01070
0x00007fff5afa9e38:   00007fff7274d0d0 0000000042000000
0x00007fff5afa9e48:   00007fff8abdde63 00007fff72694240
0x00007fff5afa9e58:   00007fff5afa9f28 00007fff5afa9e80
0x00007fff5afa9e68:   00007fff5afa9ea0 0000000000000000
0x00007fff5afa9e78:   000000000000001a 0008ec038e07297a
0x00007fff5afa9e88:   00007fd218c246d4 0000000000000000
0x00007fff5afa9e98:   0000000000000000 00007fd218d40eb0
0x00007fff5afa9ea8:   00007fd218cc1b80 0000002000000000
0x00007fff5afa9eb8:   0000000000000000 00007fff7274d0d0
0x00007fff5afa9ec8:   0000000042000000 00007fff8abdd4f8
0x00007fff5afa9ed8:   00007fff72694350 00007fff5afa9e38
0x00007fff5afa9ee8:   0000000000000000 00007fff5afa9fb8
0x00007fff5afa9ef8:   00007fff72110ea0 00007fff5afa9ff0
0x00007fff5afa9f08:   00007fff879db770 00007fff5afa9fa0
0x00007fff5afa9f18:   00007fff88f1c4ed 0000000000000051
0x00007fff5afa9f28:   0000000000000000 00000000000f42e0
0x00007fff5afa9f38:   0000000000000053 0000000000000000
0x00007fff5afa9f48:   00000000000f42f6 00007fff5afa9fc4
0x00007fff5afa9f58:   00000000003fb801 00000000ffffffff 

Instructions: (pc=0x00007fff8e0520dd)
0x00007fff8e0520bd:   00 00 00 48 85 ff 2e 74 7a 40 f6 c7 01 2e 75 7e
0x00007fff8e0520cd:   49 bb f8 ff ff ff ff 7f 00 00 4c 23 1f 49 89 f2
0x00007fff8e0520dd:   45 23 53 18 49 c1 e2 04 4d 03 53 10 49 3b 32 75
0x00007fff8e0520ed:   04 41 ff 62 08 49 83 3a 00 74 6a 4d 3b 53 10 74 

Register to memory mapping:

RAX=0x00007fd218cacb60 is an unknown value
RBX=0x00007fff5afa9f48 is pointing into the stack for thread: 0x00007fd219142800
RCX=0x0000000000000000 is an unknown value
RDX=0x00007fd218fb3660 is an unknown value
RSP=0x00007fff5afa9d68 is pointing into the stack for thread: 0x00007fd219142800
RBP=0x00007fff5afa9d70 is pointing into the stack for thread: 0x00007fd219142800
RSI=0x00007fff897e841e: -[NSTitlebarContainerView transparent]+0x5e312 in /System/Library/Frameworks/AppKit.framework/Versions/C/AppKit at 0x00007fff88de7000
RDI=0x00007fd218cacb60 is an unknown value
R8 =0x00007fff5afa9d50 is pointing into the stack for thread: 0x00007fd219142800
R9 =0x0000000000000055 is an unknown value
R10=0x00007fff897e841e: -[NSTitlebarContainerView transparent]+0x5e312 in /System/Library/Frameworks/AppKit.framework/Versions/C/AppKit at 0x00007fff88de7000
R11=0x0000000000000000 is an unknown value
R12=0x00007fd218c246b0 is an unknown value
R13=0x00000000000f42f6 is an unknown value
R14=0x00007fd218cc1b80 is an unknown value
R15=0x00007fff5afa9ea8 is pointing into the stack for thread: 0x00007fd219142800


Stack: [0x00007fff5a7af000,0x00007fff5afaf000],  sp=0x00007fff5afa9d68,  free space=8171k
Native frames: (J=compiled Java code, j=interpreted, Vv=VM code, C=native code)
C  [libobjc.A.dylib+0x10dd]  objc_msgSend+0x1d
C  [CoreFoundation+0x10444]  _CFXNotificationPost+0xc44
C  [Foundation+0x7af1]  -[NSNotificationCenter postNotificationName:object:userInfo:]+0x42
C  [AppKit+0x439c2]  -[NSSurface _disposeSurface]+0x98
C  [AppKit+0x43426]  -[NSSurface setWindow:]+0x42
C  [AppKit+0x33910]  -[NSView _setWindow:]+0xa33
C  [AppKit+0x6af91]  -[NSView removeFromSuperview]+0x1c5
C  [AppKit+0x14bd99]  -[NSView removeFromSuperviewWithoutNeedingDisplay]+0x26
C  [liblwjgl.dylib+0xa205]  +[MacOSXKeyableWindow destroyWindow]+0xb5
C  [Foundation+0x92e20]  __NSThreadPerformPerform+0x125
C  [CoreFoundation+0x80821]  __CFRUNLOOP_IS_CALLING_OUT_TO_A_SOURCE0_PERFORM_FUNCTION__+0x11
C  [CoreFoundation+0x729ad]  __CFRunLoopDoSources0+0x10d
C  [CoreFoundation+0x71fdf]  __CFRunLoopRun+0x39f
C  [CoreFoundation+0x719f8]  CFRunLoopRunSpecific+0x128
C  [HIToolbox+0x3256f]  RunCurrentEventLoopInMode+0xeb
C  [HIToolbox+0x321ee]  ReceiveNextEventCommon+0xb3
C  [HIToolbox+0x3212b]  _BlockUntilNextEventMatchingListInModeWithFilter+0x47
C  [AppKit+0x918ab]  _DPSNextEvent+0x3d2
C  [AppKit+0x90e58]  -[NSApplication nextEventMatchingMask:untilDate:inMode:dequeue:]+0x15a
C  [libosxapp.dylib+0x23aa]  -[NSApplicationAWT nextEventMatchingMask:untilDate:inMode:dequeue:]+0x7c
C  [AppKit+0x86af3]  -[NSApplication run]+0x252
C  [libosxapp.dylib+0x214d]  +[NSApplicationAWT runAWTLoopWithApp:]+0x9c
C  [libawt_lwawt.dylib+0x45ff7]  -[AWTStarter starter:]+0x389
C  [Foundation+0x92e20]  __NSThreadPerformPerform+0x125
C  [CoreFoundation+0x80821]  __CFRUNLOOP_IS_CALLING_OUT_TO_A_SOURCE0_PERFORM_FUNCTION__+0x11
C  [CoreFoundation+0x729ad]  __CFRunLoopDoSources0+0x10d
C  [CoreFoundation+0x71fdf]  __CFRunLoopRun+0x39f
C  [CoreFoundation+0x719f8]  CFRunLoopRunSpecific+0x128
C  [java+0x6465]  CreateExecutionEnvironment+0x367
C  [java+0x218c]  JLI_Launch+0x7a0
C  [java+0x84c2]  main+0x65
C  [java+0x19e4]  start+0x34
C  0x0000000000000007


---------------  P R O C E S S  ---------------

Java Threads: ( => current thread )
  0x00007fd219bb2800 JavaThread "AWT-Shutdown" [_thread_blocked, id=62035, stack(0x000000011c7a1000,0x000000011c8a1000)]
  0x00007fd219327000 JavaThread "Java2D Disposer" daemon [_thread_blocked, id=65827, stack(0x00000001292e5000,0x00000001293e5000)]
=>0x00007fd219142800 JavaThread "AppKit Thread" daemon [_thread_in_native, id=1811, stack(0x00007fff5a7af000,0x00007fff5afaf000)]
  0x00007fd21983a800 JavaThread "Service Thread" daemon [_thread_blocked, id=18691, stack(0x000000011e6cf000,0x000000011e7cf000)]
  0x00007fd21a85f000 JavaThread "C1 CompilerThread2" daemon [_thread_blocked, id=18179, stack(0x000000011e5cc000,0x000000011e6cc000)]
  0x00007fd21a075800 JavaThread "C2 CompilerThread1" daemon [_thread_blocked, id=17667, stack(0x000000011e4c9000,0x000000011e5c9000)]
  0x00007fd21a85e800 JavaThread "C2 CompilerThread0" daemon [_thread_blocked, id=17155, stack(0x000000011e367000,0x000000011e467000)]
  0x00007fd21a074800 JavaThread "Monitor Ctrl-Break" daemon [_thread_in_native, id=16643, stack(0x000000011e264000,0x000000011e364000)]
  0x00007fd21a02a000 JavaThread "Signal Dispatcher" daemon [_thread_blocked, id=13579, stack(0x000000011e029000,0x000000011e129000)]
  0x00007fd21980b800 JavaThread "Finalizer" daemon [_thread_blocked, id=11523, stack(0x000000011c623000,0x000000011c723000)]
  0x00007fd219019800 JavaThread "Reference Handler" daemon [_thread_blocked, id=11011, stack(0x000000011c520000,0x000000011c620000)]
  0x00007fd21900d800 JavaThread "main" [_thread_in_native, id=3331, stack(0x0000000105cf3000,0x0000000105df3000)]

Other Threads:
  0x00007fd21a837800 VMThread [stack: 0x000000011c41d000,0x000000011c51d000] [id=10499]
  0x00007fd21a002000 WatcherThread [stack: 0x000000011e7d2000,0x000000011e8d2000] [id=19203]

VM state:not at safepoint (normal execution)

VM Mutex/Monitor currently owned by a thread: None

Heap:
 PSYoungGen      total 24576K, used 9557K [0x0000000795580000, 0x0000000796e80000, 0x00000007c0000000)
  eden space 24064K, 38% used [0x0000000795580000,0x0000000795e7d4d8,0x0000000796d00000)
  from space 512K, 68% used [0x0000000796e00000,0x0000000796e58000,0x0000000796e80000)
  to   space 512K, 0% used [0x0000000796d80000,0x0000000796d80000,0x0000000796e00000)
 ParOldGen       total 87552K, used 75259K [0x0000000740000000, 0x0000000745580000, 0x0000000795580000)
  object space 87552K, 85% used [0x0000000740000000,0x000000074497ec18,0x0000000745580000)
 Metaspace       used 9270K, capacity 9447K, committed 9728K, reserved 1058816K
  class space    used 914K, capacity 986K, committed 1024K, reserved 1048576K

Card table byte_map: [0x0000000115bc0000,0x0000000115fc1000] byte_map_base: 0x00000001121c0000

Marking Bits: (ParMarkBitMap*) 0x0000000105640d30
 Begin Bits: [0x0000000116575000, 0x0000000118575000)
 End Bits:   [0x0000000118575000, 0x000000011a575000)

Polling page: 0x0000000105e38000

CodeCache: size=245760Kb used=5865Kb max_used=6488Kb free=239894Kb
 bounds [0x0000000106800000, 0x0000000106ed0000, 0x0000000115800000]
 total_blobs=1864 nmethods=1424 adapters=354
 compilation: enabled

Compilation events (10 events):
Event: 120.871 Thread 0x00007fd21a85e800 1760       4       GameManager::render (60 bytes)
Event: 120.874 Thread 0x00007fd21a85e800 nmethod 1760 0x000000010693c550 code [0x000000010693c6a0, 0x000000010693c7c8]
Event: 124.559 Thread 0x00007fd21a85f000 1761   !   3       org.lwjgl.opengl.Display::update (154 bytes)
Event: 124.559 Thread 0x00007fd21a85e800 1762       4       org.lwjgl.opengl.DrawableGL::swapBuffers (4 bytes)
Event: 124.561 Thread 0x00007fd21a85f000 nmethod 1761 0x0000000106b41c90 code [0x0000000106b41f40, 0x0000000106b430d8]
Event: 124.562 Thread 0x00007fd21a85e800 nmethod 1762 0x000000010698e350 code [0x000000010698e4e0, 0x000000010698e908]
Event: 125.039 Thread 0x00007fd21a85f000 1763       3       org.newdawn.slick.Input::poll (1561 bytes)
Event: 125.051 Thread 0x00007fd21a85f000 nmethod 1763 0x0000000106d56c90 code [0x0000000106d57dc0, 0x0000000106d65078]
Event: 127.774 Thread 0x00007fd21a85f000 1764   !   3       org.lwjgl.input.Mouse::isButtonDown (61 bytes)
Event: 127.775 Thread 0x00007fd21a85f000 nmethod 1764 0x0000000106b29110 code [0x0000000106b292c0, 0x0000000106b298d8]

GC Heap History (10 events):
Event: 126.892 GC heap before
{Heap before GC invocations=216 (full 0):
 PSYoungGen      total 24576K, used 24384K [0x0000000795580000, 0x0000000796e80000, 0x00000007c0000000)
  eden space 24064K, 100% used [0x0000000795580000,0x0000000796d00000,0x0000000796d00000)
  from space 512K, 62% used [0x0000000796d80000,0x0000000796dd0000,0x0000000796e00000)
  to   space 512K, 0% used [0x0000000796e00000,0x0000000796e00000,0x0000000796e80000)
 ParOldGen       total 87552K, used 75219K [0x0000000740000000, 0x0000000745580000, 0x0000000795580000)
  object space 87552K, 85% used [0x0000000740000000,0x0000000744974c18,0x0000000745580000)
 Metaspace       used 9264K, capacity 9447K, committed 9728K, reserved 1058816K
  class space    used 913K, capacity 986K, committed 1024K, reserved 1048576K
Event: 126.894 GC heap after
Heap after GC invocations=216 (full 0):
 PSYoungGen      total 24576K, used 320K [0x0000000795580000, 0x0000000796e80000, 0x00000007c0000000)
  eden space 24064K, 0% used [0x0000000795580000,0x0000000795580000,0x0000000796d00000)
  from space 512K, 62% used [0x0000000796e00000,0x0000000796e50000,0x0000000796e80000)
  to   space 512K, 0% used [0x0000000796d80000,0x0000000796d80000,0x0000000796e00000)
 ParOldGen       total 87552K, used 75235K [0x0000000740000000, 0x0000000745580000, 0x0000000795580000)
  object space 87552K, 85% used [0x0000000740000000,0x0000000744978c18,0x0000000745580000)
 Metaspace       used 9264K, capacity 9447K, committed 9728K, reserved 1058816K
  class space    used 913K, capacity 986K, committed 1024K, reserved 1048576K
}
Event: 127.242 GC heap before
{Heap before GC invocations=217 (full 0):
 PSYoungGen      total 24576K, used 24384K [0x0000000795580000, 0x0000000796e80000, 0x00000007c0000000)
  eden space 24064K, 100% used [0x0000000795580000,0x0000000796d00000,0x0000000796d00000)
  from space 512K, 62% used [0x0000000796e00000,0x0000000796e50000,0x0000000796e80000)
  to   space 512K, 0% used [0x0000000796d80000,0x0000000796d80000,0x0000000796e00000)
 ParOldGen       total 87552K, used 75235K [0x0000000740000000, 0x0000000745580000, 0x0000000795580000)
  object space 87552K, 85% used [0x0000000740000000,0x0000000744978c18,0x0000000745580000)
 Metaspace       used 9264K, capacity 9447K, committed 9728K, reserved 1058816K
  class space    used 913K, capacity 986K, committed 1024K, reserved 1048576K
Event: 127.244 GC heap after
Heap after GC invocations=217 (full 0):
 PSYoungGen      total 24576K, used 320K [0x0000000795580000, 0x0000000796e80000, 0x00000007c0000000)
  eden space 24064K, 0% used [0x0000000795580000,0x0000000795580000,0x0000000796d00000)
  from space 512K, 62% used [0x0000000796d80000,0x0000000796dd0000,0x0000000796e00000)
  to   space 512K, 0% used [0x0000000796e00000,0x0000000796e00000,0x0000000796e80000)
 ParOldGen       total 87552K, used 75243K [0x0000000740000000, 0x0000000745580000, 0x0000000795580000)
  object space 87552K, 85% used [0x0000000740000000,0x000000074497ac18,0x0000000745580000)
 Metaspace       used 9264K, capacity 9447K, committed 9728K, reserved 1058816K
  class space    used 913K, capacity 986K, committed 1024K, reserved 1048576K
}
Event: 127.613 GC heap before
{Heap before GC invocations=218 (full 0):
 PSYoungGen      total 24576K, used 24384K [0x0000000795580000, 0x0000000796e80000, 0x00000007c0000000)
  eden space 24064K, 100% used [0x0000000795580000,0x0000000796d00000,0x0000000796d00000)
  from space 512K, 62% used [0x0000000796d80000,0x0000000796dd0000,0x0000000796e00000)
  to   space 512K, 0% used [0x0000000796e00000,0x0000000796e00000,0x0000000796e80000)
 ParOldGen       total 87552K, used 75243K [0x0000000740000000, 0x0000000745580000, 0x0000000795580000)
  object space 87552K, 85% used [0x0000000740000000,0x000000074497ac18,0x0000000745580000)
 Metaspace       used 9264K, capacity 9447K, committed 9728K, reserved 1058816K
  class space    used 913K, capacity 986K, committed 1024K, reserved 1048576K
Event: 127.614 GC heap after
Heap after GC invocations=218 (full 0):
 PSYoungGen      total 24576K, used 320K [0x0000000795580000, 0x0000000796e80000, 0x00000007c0000000)
  eden space 24064K, 0% used [0x0000000795580000,0x0000000795580000,0x0000000796d00000)
  from space 512K, 62% used [0x0000000796e00000,0x0000000796e50000,0x0000000796e80000)
  to   space 512K, 0% used [0x0000000796d80000,0x0000000796d80000,0x0000000796e00000)
 ParOldGen       total 87552K, used 75243K [0x0000000740000000, 0x0000000745580000, 0x0000000795580000)
  object space 87552K, 85% used [0x0000000740000000,0x000000074497ac18,0x0000000745580000)
 Metaspace       used 9264K, capacity 9447K, committed 9728K, reserved 1058816K
  class space    used 913K, capacity 986K, committed 1024K, reserved 1048576K
}
Event: 127.977 GC heap before
{Heap before GC invocations=219 (full 0):
 PSYoungGen      total 24576K, used 24384K [0x0000000795580000, 0x0000000796e80000, 0x00000007c0000000)
  eden space 24064K, 100% used [0x0000000795580000,0x0000000796d00000,0x0000000796d00000)
  from space 512K, 62% used [0x0000000796e00000,0x0000000796e50000,0x0000000796e80000)
  to   space 512K, 0% used [0x0000000796d80000,0x0000000796d80000,0x0000000796e00000)
 ParOldGen       total 87552K, used 75243K [0x0000000740000000, 0x0000000745580000, 0x0000000795580000)
  object space 87552K, 85% used [0x0000000740000000,0x000000074497ac18,0x0000000745580000)
 Metaspace       used 9264K, capacity 9447K, committed 9728K, reserved 1058816K
  class space    used 913K, capacity 986K, committed 1024K, reserved 1048576K
Event: 127.979 GC heap after
Heap after GC invocations=219 (full 0):
 PSYoungGen      total 24576K, used 320K [0x0000000795580000, 0x0000000796e80000, 0x00000007c0000000)
  eden space 24064K, 0% used [0x0000000795580000,0x0000000795580000,0x0000000796d00000)
  from space 512K, 62% used [0x0000000796d80000,0x0000000796dd0000,0x0000000796e00000)
  to   space 512K, 0% used [0x0000000796e00000,0x0000000796e00000,0x0000000796e80000)
 ParOldGen       total 87552K, used 75243K [0x0000000740000000, 0x0000000745580000, 0x0000000795580000)
  object space 87552K, 85% used [0x0000000740000000,0x000000074497ac18,0x0000000745580000)
 Metaspace       used 9264K, capacity 9447K, committed 9728K, reserved 1058816K
  class space    used 913K, capacity 986K, committed 1024K, reserved 1048576K
}
Event: 128.327 GC heap before
{Heap before GC invocations=220 (full 0):
 PSYoungGen      total 24576K, used 24384K [0x0000000795580000, 0x0000000796e80000, 0x00000007c0000000)
  eden space 24064K, 100% used [0x0000000795580000,0x0000000796d00000,0x0000000796d00000)
  from space 512K, 62% used [0x0000000796d80000,0x0000000796dd0000,0x0000000796e00000)
  to   space 512K, 0% used [0x0000000796e00000,0x0000000796e00000,0x0000000796e80000)
 ParOldGen       total 87552K, used 75243K [0x0000000740000000, 0x0000000745580000, 0x0000000795580000)
  object space 87552K, 85% used [0x0000000740000000,0x000000074497ac18,0x0000000745580000)
 Metaspace       used 9264K, capacity 9447K, committed 9728K, reserved 1058816K
  class space    used 913K, capacity 986K, committed 1024K, reserved 1048576K
Event: 128.329 GC heap after
Heap after GC invocations=220 (full 0):
 PSYoungGen      total 24576K, used 352K [0x0000000795580000, 0x0000000796e80000, 0x00000007c0000000)
  eden space 24064K, 0% used [0x0000000795580000,0x0000000795580000,0x0000000796d00000)
  from space 512K, 68% used [0x0000000796e00000,0x0000000796e58000,0x0000000796e80000)
  to   space 512K, 0% used [0x0000000796d80000,0x0000000796d80000,0x0000000796e00000)
 ParOldGen       total 87552K, used 75259K [0x0000000740000000, 0x0000000745580000, 0x0000000795580000)
  object space 87552K, 85% used [0x0000000740000000,0x000000074497ec18,0x0000000745580000)
 Metaspace       used 9264K, capacity 9447K, committed 9728K, reserved 1058816K
  class space    used 913K, capacity 986K, committed 1024K, reserved 1048576K
}

Deoptimization events (10 events):
Event: 28.867 Thread 0x00007fd21900d800 Uncommon trap: reason=unstable_if action=reinterpret pc=0x0000000106c473f0 method=sun.misc.URLClassPath$FileLoader.getResource(Ljava/lang/String;Z)Lsun/misc/Resource; @ 139
Event: 53.975 Thread 0x00007fd21900d800 Uncommon trap: reason=unstable_if action=reinterpret pc=0x0000000106e6181c method=GameRender.render(Lorg/newdawn/slick/GameContainer;Lorg/newdawn/slick/state/StateBasedGame;Lorg/newdawn/slick/Graphics;LPlayer;Ljava/util/ArrayList;IZZZZ)V @ 561
Event: 57.658 Thread 0x00007fd21900d800 Uncommon trap: reason=unstable_if action=reinterpret pc=0x0000000106a364e4 method=Room.checkCollision(LCharacter;)LEntity; @ 351
Event: 61.962 Thread 0x00007fd21900d800 Uncommon trap: reason=unstable_if action=reinterpret pc=0x00000001069d9c30 method=java.lang.AbstractStringBuilder.append(I)Ljava/lang/AbstractStringBuilder; @ 16
Event: 61.962 Thread 0x00007fd21900d800 Uncommon trap: reason=unstable_if action=reinterpret pc=0x000000010693c724 method=java.lang.Integer.getChars(II[C)V @ 7
Event: 99.982 Thread 0x00007fd219bb2800 Uncommon trap: reason=unstable_if action=reinterpret pc=0x0000000106a17f70 method=sun.awt.AppContext.get(Ljava/lang/Object;)Ljava/lang/Object; @ 21
Event: 122.523 Thread 0x00007fd21900d800 Uncommon trap: reason=unstable_if action=reinterpret pc=0x0000000106c69e08 method=org.lwjgl.opengl.MacOSXDisplay.update()V @ 86
Event: 123.271 Thread 0x00007fd21900d800 Uncommon trap: reason=unstable_if action=reinterpret pc=0x0000000106bf6e24 method=org.newdawn.slick.Input.poll(II)V @ 1050
Event: 127.306 Thread 0x00007fd21900d800 Uncommon trap: reason=unstable_if action=reinterpret pc=0x0000000106ceb694 method=org.lwjgl.opengl.MacOSXDisplay.update()V @ 86
Event: 128.446 Thread 0x00007fd21900d800 Uncommon trap: reason=unstable_if action=reinterpret pc=0x0000000106a3ad20 method=org.newdawn.slick.AppGameContainer.gameLoop()V @ 60

Internal exceptions (10 events):
Event: 1.573 Thread 0x00007fd21900d800 Exception <a 'java/io/FileNotFoundException'> (0x0000000795bad7c8) thrown at [/Users/java_re/workspace/8-2-build-macosx-x86_64/jdk8u121/8372/hotspot/src/share/vm/prims/jni.cpp, line 709]
Event: 1.574 Thread 0x00007fd21900d800 Exception <a 'java/io/FileNotFoundException'> (0x0000000795bae350) thrown at [/Users/java_re/workspace/8-2-build-macosx-x86_64/jdk8u121/8372/hotspot/src/share/vm/prims/jni.cpp, line 709]
Event: 1.661 Thread 0x00007fd21900d800 Exception <a 'java/security/PrivilegedActionException'> (0x0000000795e07d58) thrown at [/Users/java_re/workspace/8-2-build-macosx-x86_64/jdk8u121/8372/hotspot/src/share/vm/prims/jvm.cpp, line 1390]
Event: 1.661 Thread 0x00007fd21900d800 Exception <a 'java/security/PrivilegedActionException'> (0x0000000795e09940) thrown at [/Users/java_re/workspace/8-2-build-macosx-x86_64/jdk8u121/8372/hotspot/src/share/vm/prims/jvm.cpp, line 1390]
Event: 1.661 Thread 0x00007fd21900d800 Exception <a 'java/security/PrivilegedActionException'> (0x0000000795e0aa60) thrown at [/Users/java_re/workspace/8-2-build-macosx-x86_64/jdk8u121/8372/hotspot/src/share/vm/prims/jvm.cpp, line 1390]
Event: 1.662 Thread 0x00007fd21900d800 Exception <a 'java/security/PrivilegedActionException'> (0x0000000795e10158) thrown at [/Users/java_re/workspace/8-2-build-macosx-x86_64/jdk8u121/8372/hotspot/src/share/vm/prims/jvm.cpp, line 1390]
Event: 1.662 Thread 0x00007fd21900d800 Exception <a 'java/security/PrivilegedActionException'> (0x0000000795e10db0) thrown at [/Users/java_re/workspace/8-2-build-macosx-x86_64/jdk8u121/8372/hotspot/src/share/vm/prims/jvm.cpp, line 1390]
Event: 1.662 Thread 0x00007fd21900d800 Exception <a 'java/security/PrivilegedActionException'> (0x0000000795e119d8) thrown at [/Users/java_re/workspace/8-2-build-macosx-x86_64/jdk8u121/8372/hotspot/src/share/vm/prims/jvm.cpp, line 1390]
Event: 4.236 Thread 0x00007fd21900d800 Implicit null exception at 0x0000000106a6e07e to 0x0000000106a6e7e5
Event: 4.754 Thread 0x00007fd21900d800 Exception <a 'java/lang/NoClassDefFoundError': net/java/games/input/ControllerEnvironment> (0x0000000796d3c7d0) thrown at [/Users/java_re/workspace/8-2-build-macosx-x86_64/jdk8u121/8372/hotspot/src/share/vm/classfile/systemDictionary.cpp, line 199]

Events (10 events):
Event: 127.614 Executing VM operation: ParallelGCFailedAllocation done
Event: 127.977 Executing VM operation: ParallelGCFailedAllocation
Event: 127.979 Executing VM operation: ParallelGCFailedAllocation done
Event: 128.327 Executing VM operation: ParallelGCFailedAllocation
Event: 128.329 Executing VM operation: ParallelGCFailedAllocation done
Event: 128.446 Thread 0x00007fd21900d800 Uncommon trap: trap_request=0xffffff65 fr.pc=0x0000000106a3ad20
Event: 128.446 Thread 0x00007fd21900d800 DEOPT PACKING pc=0x0000000106a3ad20 sp=0x0000000105df2830
Event: 128.446 Thread 0x00007fd21900d800 DEOPT UNPACKING pc=0x0000000106805229 sp=0x0000000105df27f8 mode 2
Event: 128.450 loading class org/lwjgl/opengl/CallbackUtil
Event: 128.450 loading class org/lwjgl/opengl/CallbackUtil done


Dynamic libraries:
0x0000000000d84000 	/System/Library/Frameworks/Cocoa.framework/Versions/A/Cocoa
0x0000000000d84000 	/System/Library/Frameworks/Security.framework/Versions/A/Security
0x0000000000d84000 	/System/Library/Frameworks/ApplicationServices.framework/Versions/A/ApplicationServices
0x0000000000d84000 	/usr/lib/libz.1.dylib
0x0000000000d84000 	/usr/lib/libSystem.B.dylib
0x0000000000d84000 	/usr/lib/libobjc.A.dylib
0x0000000000d84000 	/System/Library/Frameworks/CoreFoundation.framework/Versions/A/CoreFoundation
0x0000000000d84000 	/System/Library/Frameworks/Foundation.framework/Versions/C/Foundation
0x0000000000d84000 	/System/Library/Frameworks/AppKit.framework/Versions/C/AppKit
0x0000000000d84000 	/System/Library/Frameworks/CoreData.framework/Versions/A/CoreData
0x0000000000d84000 	/System/Library/PrivateFrameworks/RemoteViewServices.framework/Versions/A/RemoteViewServices
0x0000000000d84000 	/System/Library/PrivateFrameworks/UIFoundation.framework/Versions/A/UIFoundation
0x0000000000d84000 	/System/Library/Frameworks/IOSurface.framework/Versions/A/IOSurface
0x0000000000d84000 	/System/Library/Frameworks/AudioToolbox.framework/Versions/A/AudioToolbox
0x0000000000d84000 	/System/Library/Frameworks/AudioUnit.framework/Versions/A/AudioUnit
0x0000000000d84000 	/System/Library/PrivateFrameworks/DataDetectorsCore.framework/Versions/A/DataDetectorsCore
0x0000000000d84000 	/System/Library/PrivateFrameworks/DesktopServicesPriv.framework/Versions/A/DesktopServicesPriv
0x0000000000d84000 	/System/Library/Frameworks/Carbon.framework/Versions/A/Frameworks/HIToolbox.framework/Versions/A/HIToolbox
0x0000000000d84000 	/System/Library/Frameworks/QuartzCore.framework/Versions/A/QuartzCore
0x0000000000d84000 	/System/Library/Frameworks/Carbon.framework/Versions/A/Frameworks/SpeechRecognition.framework/Versions/A/SpeechRecognition
0x0000000000d84000 	/usr/lib/libauto.dylib
0x0000000000d84000 	/usr/lib/libicucore.A.dylib
0x0000000000d84000 	/usr/lib/libxml2.2.dylib
0x0000000000d84000 	/System/Library/PrivateFrameworks/CoreUI.framework/Versions/A/CoreUI
0x0000000000d84000 	/System/Library/Frameworks/CoreAudio.framework/Versions/A/CoreAudio
0x0000000000d84000 	/System/Library/Frameworks/DiskArbitration.framework/Versions/A/DiskArbitration
0x0000000000d84000 	/usr/lib/liblangid.dylib
0x0000000000d84000 	/System/Library/PrivateFrameworks/MultitouchSupport.framework/Versions/A/MultitouchSupport
0x0000000000d84000 	/System/Library/Frameworks/IOKit.framework/Versions/A/IOKit
0x0000000000d84000 	/usr/lib/libDiagnosticMessagesClient.dylib
0x0000000000d84000 	/System/Library/Frameworks/CoreServices.framework/Versions/A/CoreServices
0x0000000000d84000 	/System/Library/PrivateFrameworks/PerformanceAnalysis.framework/Versions/A/PerformanceAnalysis
0x0000000000d84000 	/System/Library/PrivateFrameworks/GenerationalStorage.framework/Versions/A/GenerationalStorage
0x0000000000d84000 	/System/Library/Frameworks/OpenGL.framework/Versions/A/OpenGL
0x0000000000d84000 	/System/Library/PrivateFrameworks/Sharing.framework/Versions/A/Sharing
0x0000000000d84000 	/System/Library/Frameworks/CoreGraphics.framework/Versions/A/CoreGraphics
0x0000000000d84000 	/System/Library/Frameworks/CoreText.framework/Versions/A/CoreText
0x0000000000d84000 	/System/Library/Frameworks/ImageIO.framework/Versions/A/ImageIO
0x0000000000d84000 	/usr/lib/libextension.dylib
0x0000000000d84000 	/System/Library/PrivateFrameworks/Backup.framework/Versions/A/Backup
0x0000000000d84000 	/usr/lib/libarchive.2.dylib
0x0000000000d84000 	/System/Library/Frameworks/CFNetwork.framework/Versions/A/CFNetwork
0x0000000000d84000 	/System/Library/Frameworks/SystemConfiguration.framework/Versions/A/SystemConfiguration
0x0000000000d84000 	/usr/lib/libCRFSuite.dylib
0x0000000000d84000 	/usr/lib/libc++.1.dylib
0x0000000000d84000 	/usr/lib/libc++abi.dylib
0x0000000000d84000 	/usr/lib/system/libcache.dylib
0x0000000000d84000 	/usr/lib/system/libcommonCrypto.dylib
0x0000000000d84000 	/usr/lib/system/libcompiler_rt.dylib
0x0000000000d84000 	/usr/lib/system/libcopyfile.dylib
0x0000000000d84000 	/usr/lib/system/libcorecrypto.dylib
0x0000000000d84000 	/usr/lib/system/libdispatch.dylib
0x0000000000d84000 	/usr/lib/system/libdyld.dylib
0x0000000000d84000 	/usr/lib/system/libkeymgr.dylib
0x0000000000d84000 	/usr/lib/system/liblaunch.dylib
0x0000000000d84000 	/usr/lib/system/libmacho.dylib
0x0000000000d84000 	/usr/lib/system/libquarantine.dylib
0x0000000000d84000 	/usr/lib/system/libremovefile.dylib
0x0000000000d84000 	/usr/lib/system/libsystem_asl.dylib
0x0000000000d84000 	/usr/lib/system/libsystem_blocks.dylib
0x0000000000d84000 	/usr/lib/system/libsystem_c.dylib
0x0000000000d84000 	/usr/lib/system/libsystem_configuration.dylib
0x0000000000d84000 	/usr/lib/system/libsystem_coreservices.dylib
0x0000000000d84000 	/usr/lib/system/libsystem_coretls.dylib
0x0000000000d84000 	/usr/lib/system/libsystem_dnssd.dylib
0x0000000000d84000 	/usr/lib/system/libsystem_info.dylib
0x0000000000d84000 	/usr/lib/system/libsystem_kernel.dylib
0x0000000000d84000 	/usr/lib/system/libsystem_m.dylib
0x0000000000d84000 	/usr/lib/system/libsystem_malloc.dylib
0x0000000000d84000 	/usr/lib/system/libsystem_network.dylib
0x0000000000d84000 	/usr/lib/system/libsystem_networkextension.dylib
0x0000000000d84000 	/usr/lib/system/libsystem_notify.dylib
0x0000000000d84000 	/usr/lib/system/libsystem_platform.dylib
0x0000000000d84000 	/usr/lib/system/libsystem_pthread.dylib
0x0000000000d84000 	/usr/lib/system/libsystem_sandbox.dylib
0x0000000000d84000 	/usr/lib/system/libsystem_secinit.dylib
0x0000000000d84000 	/usr/lib/system/libsystem_stats.dylib
0x0000000000d84000 	/usr/lib/system/libsystem_trace.dylib
0x0000000000d84000 	/usr/lib/system/libunc.dylib
0x0000000000d84000 	/usr/lib/system/libunwind.dylib
0x0000000000d84000 	/usr/lib/system/libxpc.dylib
0x0000000000d84000 	/usr/lib/libbz2.1.0.dylib
0x0000000000d84000 	/usr/lib/liblzma.5.dylib
0x0000000000d84000 	/usr/lib/libbsm.0.dylib
0x0000000000d84000 	/usr/lib/libsqlite3.dylib
0x0000000000d84000 	/usr/lib/system/libkxld.dylib
0x0000000000d84000 	/usr/lib/libxar.1.dylib
0x0000000000d84000 	/usr/lib/libpam.2.dylib
0x0000000000d84000 	/usr/lib/libOpenScriptingUtil.dylib
0x0000000000d84000 	/System/Library/Frameworks/CoreServices.framework/Versions/A/Frameworks/FSEvents.framework/Versions/A/FSEvents
0x0000000000d84000 	/System/Library/Frameworks/CoreServices.framework/Versions/A/Frameworks/CarbonCore.framework/Versions/A/CarbonCore
0x0000000000d84000 	/System/Library/Frameworks/CoreServices.framework/Versions/A/Frameworks/Metadata.framework/Versions/A/Metadata
0x0000000000d84000 	/System/Library/Frameworks/CoreServices.framework/Versions/A/Frameworks/OSServices.framework/Versions/A/OSServices
0x0000000000d84000 	/System/Library/Frameworks/CoreServices.framework/Versions/A/Frameworks/SearchKit.framework/Versions/A/SearchKit
0x0000000000d84000 	/System/Library/Frameworks/CoreServices.framework/Versions/A/Frameworks/AE.framework/Versions/A/AE
0x0000000000d84000 	/System/Library/Frameworks/CoreServices.framework/Versions/A/Frameworks/LaunchServices.framework/Versions/A/LaunchServices
0x0000000000d84000 	/System/Library/Frameworks/CoreServices.framework/Versions/A/Frameworks/DictionaryServices.framework/Versions/A/DictionaryServices
0x0000000000d84000 	/System/Library/Frameworks/NetFS.framework/Versions/A/NetFS
0x0000000000d84000 	/System/Library/PrivateFrameworks/NetAuth.framework/Versions/A/NetAuth
0x0000000000d84000 	/System/Library/PrivateFrameworks/login.framework/Versions/A/Frameworks/loginsupport.framework/Versions/A/loginsupport
0x0000000000d84000 	/System/Library/PrivateFrameworks/TCC.framework/Versions/A/TCC
0x0000000000d84000 	/usr/lib/libmecabra.dylib
0x0000000000d84000 	/System/Library/Frameworks/ApplicationServices.framework/Versions/A/Frameworks/ATS.framework/Versions/A/ATS
0x0000000000d84000 	/System/Library/Frameworks/ApplicationServices.framework/Versions/A/Frameworks/ColorSync.framework/Versions/A/ColorSync
0x0000000000d84000 	/System/Library/Frameworks/ApplicationServices.framework/Versions/A/Frameworks/HIServices.framework/Versions/A/HIServices
0x0000000000d84000 	/System/Library/Frameworks/ApplicationServices.framework/Versions/A/Frameworks/LangAnalysis.framework/Versions/A/LangAnalysis
0x0000000000d84000 	/System/Library/Frameworks/ApplicationServices.framework/Versions/A/Frameworks/PrintCore.framework/Versions/A/PrintCore
0x0000000000d84000 	/System/Library/Frameworks/ApplicationServices.framework/Versions/A/Frameworks/QD.framework/Versions/A/QD
0x0000000000d84000 	/System/Library/Frameworks/ApplicationServices.framework/Versions/A/Frameworks/SpeechSynthesis.framework/Versions/A/SpeechSynthesis
0x0000000000d84000 	/System/Library/Frameworks/Accelerate.framework/Versions/A/Accelerate
0x0000000000d84000 	/System/Library/Frameworks/Accelerate.framework/Versions/A/Frameworks/vImage.framework/Versions/A/vImage
0x0000000000d84000 	/System/Library/Frameworks/Accelerate.framework/Versions/A/Frameworks/vecLib.framework/Versions/A/vecLib
0x0000000000d84000 	/System/Library/Frameworks/Accelerate.framework/Versions/A/Frameworks/vecLib.framework/Versions/A/libvDSP.dylib
0x0000000000d84000 	/System/Library/Frameworks/Accelerate.framework/Versions/A/Frameworks/vecLib.framework/Versions/A/libvMisc.dylib
0x0000000000d84000 	/System/Library/Frameworks/Accelerate.framework/Versions/A/Frameworks/vecLib.framework/Versions/A/libLAPACK.dylib
0x0000000000d84000 	/System/Library/Frameworks/Accelerate.framework/Versions/A/Frameworks/vecLib.framework/Versions/A/libBLAS.dylib
0x0000000000d84000 	/System/Library/Frameworks/Accelerate.framework/Versions/A/Frameworks/vecLib.framework/Versions/A/libLinearAlgebra.dylib
0x0000000000d84000 	/System/Library/Frameworks/ApplicationServices.framework/Versions/A/Frameworks/ATS.framework/Versions/A/Resources/libFontParser.dylib
0x0000000000d84000 	/System/Library/Frameworks/ApplicationServices.framework/Versions/A/Frameworks/ATS.framework/Versions/A/Resources/libFontRegistry.dylib
0x0000000000d84000 	/System/Library/PrivateFrameworks/AppleVPA.framework/Versions/A/AppleVPA
0x0000000000d84000 	/System/Library/PrivateFrameworks/AppleJPEG.framework/Versions/A/AppleJPEG
0x0000000000d84000 	/System/Library/Frameworks/ImageIO.framework/Versions/A/Resources/libJPEG.dylib
0x0000000000d84000 	/System/Library/Frameworks/ImageIO.framework/Versions/A/Resources/libTIFF.dylib
0x0000000000d84000 	/System/Library/Frameworks/ImageIO.framework/Versions/A/Resources/libPng.dylib
0x0000000000d84000 	/System/Library/Frameworks/ImageIO.framework/Versions/A/Resources/libGIF.dylib
0x0000000000d84000 	/System/Library/Frameworks/ImageIO.framework/Versions/A/Resources/libJP2.dylib
0x0000000000d84000 	/System/Library/Frameworks/ImageIO.framework/Versions/A/Resources/libRadiance.dylib
0x0000000000d84000 	/System/Library/Frameworks/CoreVideo.framework/Versions/A/CoreVideo
0x0000000000d84000 	/System/Library/Frameworks/OpenGL.framework/Versions/A/Libraries/libGLU.dylib
0x0000000000d84000 	/System/Library/Frameworks/OpenGL.framework/Versions/A/Libraries/libGFXShared.dylib
0x0000000000d84000 	/System/Library/Frameworks/OpenGL.framework/Versions/A/Libraries/libGL.dylib
0x0000000000d84000 	/System/Library/Frameworks/OpenGL.framework/Versions/A/Libraries/libGLImage.dylib
0x0000000000d84000 	/System/Library/Frameworks/OpenGL.framework/Versions/A/Libraries/libCVMSPluginSupport.dylib
0x0000000000d84000 	/System/Library/Frameworks/OpenGL.framework/Versions/A/Libraries/libCoreVMClient.dylib
0x0000000000d84000 	/usr/lib/libcups.2.dylib
0x0000000000d84000 	/System/Library/Frameworks/Kerberos.framework/Versions/A/Kerberos
0x0000000000d84000 	/System/Library/Frameworks/GSS.framework/Versions/A/GSS
0x0000000000d84000 	/usr/lib/libresolv.9.dylib
0x0000000000d84000 	/usr/lib/libiconv.2.dylib
0x0000000000d84000 	/System/Library/PrivateFrameworks/Heimdal.framework/Versions/A/Heimdal
0x0000000000d84000 	/usr/lib/libheimdal-asn1.dylib
0x0000000000d84000 	/System/Library/Frameworks/OpenDirectory.framework/Versions/A/OpenDirectory
0x0000000000d84000 	/System/Library/PrivateFrameworks/CommonAuth.framework/Versions/A/CommonAuth
0x0000000000d84000 	/System/Library/Frameworks/OpenDirectory.framework/Versions/A/Frameworks/CFOpenDirectory.framework/Versions/A/CFOpenDirectory
0x0000000000d84000 	/System/Library/Frameworks/SecurityFoundation.framework/Versions/A/SecurityFoundation
0x0000000000d84000 	/System/Library/PrivateFrameworks/LanguageModeling.framework/Versions/A/LanguageModeling
0x0000000000d84000 	/usr/lib/libcmph.dylib
0x0000000000d84000 	/System/Library/Frameworks/ServiceManagement.framework/Versions/A/ServiceManagement
0x0000000000d84000 	/usr/lib/libxslt.1.dylib
0x0000000000d84000 	/System/Library/Frameworks/Carbon.framework/Versions/A/Frameworks/Ink.framework/Versions/A/Ink
0x0000000000d84000 	/System/Library/Frameworks/QuartzCore.framework/Versions/A/Frameworks/CoreImage.framework/Versions/A/CoreImage
0x0000000000d84000 	/System/Library/PrivateFrameworks/CrashReporterSupport.framework/Versions/A/CrashReporterSupport
0x0000000000d84000 	/System/Library/Frameworks/OpenCL.framework/Versions/A/OpenCL
0x0000000000d84000 	/System/Library/PrivateFrameworks/FaceCore.framework/Versions/A/FaceCore
0x0000000000d84000 	/System/Library/PrivateFrameworks/Ubiquity.framework/Versions/A/Ubiquity
0x0000000000d84000 	/System/Library/PrivateFrameworks/IconServices.framework/Versions/A/IconServices
0x0000000000d84000 	/System/Library/PrivateFrameworks/ChunkingLibrary.framework/Versions/A/ChunkingLibrary
0x0000000000d84000 	/System/Library/PrivateFrameworks/Apple80211.framework/Versions/A/Apple80211
0x0000000000d84000 	/System/Library/Frameworks/CoreWLAN.framework/Versions/A/CoreWLAN
0x0000000000d84000 	/System/Library/Frameworks/IOBluetooth.framework/Versions/A/IOBluetooth
0x0000000000d84000 	/System/Library/PrivateFrameworks/CoreWiFi.framework/Versions/A/CoreWiFi
0x0000000000d84000 	/System/Library/Frameworks/CoreBluetooth.framework/Versions/A/CoreBluetooth
0x0000000000d84000 	/System/Library/PrivateFrameworks/DebugSymbols.framework/Versions/A/DebugSymbols
0x0000000000d84000 	/System/Library/PrivateFrameworks/CoreSymbolication.framework/Versions/A/CoreSymbolication
0x0000000000d84000 	/System/Library/PrivateFrameworks/Symbolication.framework/Versions/A/Symbolication
0x0000000000d84000 	/System/Library/PrivateFrameworks/SpeechRecognitionCore.framework/Versions/A/SpeechRecognitionCore
0x0000000104d50000 	/Library/Java/JavaVirtualMachines/jdk1.8.0_121.jdk/Contents/Home/jre/lib/server/libjvm.dylib
0x0000000000d84000 	/usr/lib/libstdc++.6.dylib
0x0000000105df5000 	/Library/Java/JavaVirtualMachines/jdk1.8.0_121.jdk/Contents/Home/jre/lib/libverify.dylib
0x0000000105e03000 	/Library/Java/JavaVirtualMachines/jdk1.8.0_121.jdk/Contents/Home/jre/lib/libjava.dylib
0x0000000105e39000 	/Library/Java/JavaVirtualMachines/jdk1.8.0_121.jdk/Contents/Home/jre/lib/libinstrument.dylib
0x0000000105eae000 	/Library/Java/JavaVirtualMachines/jdk1.8.0_121.jdk/Contents/Home/jre/lib/libzip.dylib
0x0000000105fe2000 	/System/Library/Frameworks/JavaVM.framework/Frameworks/JavaRuntimeSupport.framework/JavaRuntimeSupport
0x000000011c725000 	/System/Library/Frameworks/JavaVM.framework/Versions/A/Frameworks/JavaNativeFoundation.framework/Versions/A/JavaNativeFoundation
0x000000011c739000 	/System/Library/Frameworks/JavaVM.framework/Versions/A/JavaVM
0x0000000000d84000 	/System/Library/Frameworks/Carbon.framework/Versions/A/Carbon
0x000000011c745000 	/System/Library/PrivateFrameworks/JavaLaunching.framework/Versions/A/JavaLaunching
0x0000000000d84000 	/System/Library/Frameworks/Carbon.framework/Versions/A/Frameworks/CommonPanels.framework/Versions/A/CommonPanels
0x0000000000d84000 	/System/Library/Frameworks/Carbon.framework/Versions/A/Frameworks/Help.framework/Versions/A/Help
0x0000000000d84000 	/System/Library/Frameworks/Carbon.framework/Versions/A/Frameworks/ImageCapture.framework/Versions/A/ImageCapture
0x0000000000d84000 	/System/Library/Frameworks/Carbon.framework/Versions/A/Frameworks/OpenScripting.framework/Versions/A/OpenScripting
0x0000000000d84000 	/System/Library/Frameworks/Carbon.framework/Versions/A/Frameworks/Print.framework/Versions/A/Print
0x0000000000d84000 	/System/Library/Frameworks/Carbon.framework/Versions/A/Frameworks/SecurityHI.framework/Versions/A/SecurityHI
0x000000011e469000 	/Library/Java/JavaVirtualMachines/jdk1.8.0_121.jdk/Contents/Home/jre/lib/libnet.dylib
0x000000011e8d4000 	/Library/Java/JavaVirtualMachines/jdk1.8.0_121.jdk/Contents/Home/jre/lib/libawt.dylib
0x000000011e97c000 	/Library/Java/JavaVirtualMachines/jdk1.8.0_121.jdk/Contents/Home/jre/lib/./libmlib_image.dylib
0x000000011ea48000 	/Library/Java/JavaVirtualMachines/jdk1.8.0_121.jdk/Contents/Home/jre/lib/libawt_lwawt.dylib
0x000000011eaff000 	/Library/Java/JavaVirtualMachines/jdk1.8.0_121.jdk/Contents/Home/jre/lib/./libosxapp.dylib
0x0000000000d84000 	/System/Library/Frameworks/ExceptionHandling.framework/Versions/A/ExceptionHandling
0x0000000000d84000 	/System/Library/PrivateFrameworks/CoreServicesInternal.framework/Versions/A/CoreServicesInternal
0x0000000000d84000 	/System/Library/PrivateFrameworks/CloudDocs.framework/Versions/A/CloudDocs
0x0000000000d84000 	/System/Library/PrivateFrameworks/CoreDuet.framework/Versions/A/CoreDuet
0x0000000000d84000 	/System/Library/Frameworks/CloudKit.framework/Versions/A/CloudKit
0x0000000000d84000 	/System/Library/PrivateFrameworks/ProtocolBuffer.framework/Versions/A/ProtocolBuffer
0x0000000000d84000 	/System/Library/PrivateFrameworks/CoreDuetDaemonProtocol.framework/Versions/A/CoreDuetDaemonProtocol
0x0000000000d84000 	/System/Library/PrivateFrameworks/CoreDuetDebugLogging.framework/Versions/A/CoreDuetDebugLogging
0x0000000000d84000 	/System/Library/PrivateFrameworks/MMCS.framework/Versions/A/MMCS
0x0000000000d84000 	/System/Library/Frameworks/CoreLocation.framework/Versions/A/CoreLocation
0x0000000000d84000 	/System/Library/PrivateFrameworks/ProtectedCloudStorage.framework/Versions/A/ProtectedCloudStorage
0x0000000000d84000 	/System/Library/PrivateFrameworks/GeoServices.framework/Versions/A/GeoServices
0x0000000000d84000 	/System/Library/Frameworks/CoreGraphics.framework/Versions/A/Resources/libCGCMS.A.dylib
0x0000000000d84000 	/System/Library/Frameworks/CoreGraphics.framework/Versions/A/Resources/libRIP.A.dylib
0x0000000000d84000 	/System/Library/Frameworks/CoreGraphics.framework/Versions/A/Resources/libCGXType.A.dylib
0x0000000000d84000 	/System/Library/Frameworks/OpenCL.framework/Versions/A/Libraries/libcldcpuengine.dylib
0x0000000000d84000 	/System/Library/PrivateFrameworks/DiskImages.framework/Versions/A/DiskImages
0x0000000000d84000 	/System/Library/Frameworks/DiscRecording.framework/Versions/A/DiscRecording
0x0000000000d84000 	/usr/lib/libcsfde.dylib
0x0000000000d84000 	/usr/lib/libcurl.4.dylib
0x0000000000d84000 	/System/Library/PrivateFrameworks/MediaKit.framework/Versions/A/MediaKit
0x0000000000d84000 	/usr/lib/libCoreStorage.dylib
0x0000000000d84000 	/System/Library/PrivateFrameworks/EFILogin.framework/Versions/A/EFILogin
0x0000000000d84000 	/usr/lib/libutil.dylib
0x0000000000d84000 	/System/Library/PrivateFrameworks/FindMyDevice.framework/Versions/A/FindMyDevice
0x0000000000d84000 	/System/Library/Frameworks/LDAP.framework/Versions/A/LDAP
0x0000000000d84000 	/usr/lib/libsasl2.2.dylib
0x0000000000d84000 	/System/Library/PrivateFrameworks/CoreDaemon.framework/Versions/B/CoreDaemon
0x0000000000d84000 	/usr/lib/libcrypto.0.9.8.dylib
0x0000000000d84000 	/System/Library/PrivateFrameworks/AppleSRP.framework/Versions/A/AppleSRP
0x0000000000d84000 	/System/Library/PrivateFrameworks/TrustEvaluationAgent.framework/Versions/A/TrustEvaluationAgent
0x0000000121e18000 	cl_kernels
0x0000000121e1a000 	/System/Library/Frameworks/OpenCL.framework/Versions/A/Libraries/ImageFormats/unorm8_bgra.dylib
0x0000000121e0a000 	cl_kernels
0x0000000000d84000 	/System/Library/PrivateFrameworks/FamilyControls.framework/Versions/A/FamilyControls
0x0000000000d84000 	/System/Library/PrivateFrameworks/CommerceKit.framework/Versions/A/Frameworks/CommerceCore.framework/Versions/A/CommerceCore
0x0000000000d84000 	/System/Library/PrivateFrameworks/SystemAdministration.framework/Versions/A/SystemAdministration
0x0000000000d84000 	/System/Library/PrivateFrameworks/AppContainer.framework/Versions/A/AppContainer
0x0000000000d84000 	/System/Library/PrivateFrameworks/SecCodeWrapper.framework/Versions/A/SecCodeWrapper
0x0000000000d84000 	/System/Library/Frameworks/DirectoryService.framework/Versions/A/DirectoryService
0x0000000000d84000 	/System/Library/PrivateFrameworks/LoginUIKit.framework/Versions/A/Frameworks/LoginUICore.framework/Versions/A/LoginUICore
0x0000000000d84000 	/usr/lib/libodfde.dylib
0x000000012313c000 	/Library/Java/JavaVirtualMachines/jdk1.8.0_121.jdk/Contents/Home/jre/lib/libfontmanager.dylib
0x00000001231a3000 	/Users/wifinaynay/Desktop/3J.Nightmare-Dungeon-final2/lib/natives/macosx/liblwjgl.dylib
0x000000012128a000 	/Library/Java/JavaVirtualMachines/jdk1.8.0_121.jdk/Contents/Home/jre/lib/libjawt.dylib
0x0000000123225000 	/Users/wifinaynay/Desktop/3J.Nightmare-Dungeon-final2/lib/natives/macosx/openal.dylib
0x0000000123294000 	/System/Library/Components/CoreAudio.component/Contents/MacOS/CoreAudio
0x00000001212a2000 	/System/Library/Extensions/AppleHDA.kext/Contents/PlugIns/AppleHDAHALPlugIn.bundle/Contents/MacOS/AppleHDAHALPlugIn
0x0000000000d84000 	/System/Library/Frameworks/OpenGL.framework/Versions/A/Resources/GLEngine.bundle/GLEngine
0x0000000000d84000 	/System/Library/Frameworks/OpenGL.framework/Versions/A/Libraries/libGLProgrammability.dylib
0x00000001275ae000 	/System/Library/Extensions/AppleIntelBDWGraphicsGLDriver.bundle/Contents/MacOS/AppleIntelBDWGraphicsGLDriver
0x0000000000d84000 	/System/Library/PrivateFrameworks/IOAccelerator.framework/Versions/A/IOAccelerator
0x0000000000d84000 	/System/Library/PrivateFrameworks/GPUSupport.framework/Versions/A/Libraries/libGPUSupportMercury.dylib
0x0000000000d84000 	/System/Library/Frameworks/OpenGL.framework/Versions/A/Resources/GLRendererFloat.bundle/GLRendererFloat

VM Arguments:
jvm_args: -Djava.library.path=/Users/wifinaynay/Desktop/3J.Nightmare-Dungeon-final2/lib/natives/macosx -javaagent:/Applications/IntelliJ IDEA.app/Contents/lib/idea_rt.jar=49630:/Applications/IntelliJ IDEA.app/Contents/bin -Dfile.encoding=UTF-8 
java_command: Game
java_class_path (initial): /Library/Java/JavaVirtualMachines/jdk1.8.0_121.jdk/Contents/Home/jre/lib/charsets.jar:/Library/Java/JavaVirtualMachines/jdk1.8.0_121.jdk/Contents/Home/jre/lib/deploy.jar:/Library/Java/JavaVirtualMachines/jdk1.8.0_121.jdk/Contents/Home/jre/lib/ext/cldrdata.jar:/Library/Java/JavaVirtualMachines/jdk1.8.0_121.jdk/Contents/Home/jre/lib/ext/dnsns.jar:/Library/Java/JavaVirtualMachines/jdk1.8.0_121.jdk/Contents/Home/jre/lib/ext/jaccess.jar:/Library/Java/JavaVirtualMachines/jdk1.8.0_121.jdk/Contents/Home/jre/lib/ext/jfxrt.jar:/Library/Java/JavaVirtualMachines/jdk1.8.0_121.jdk/Contents/Home/jre/lib/ext/localedata.jar:/Library/Java/JavaVirtualMachines/jdk1.8.0_121.jdk/Contents/Home/jre/lib/ext/nashorn.jar:/Library/Java/JavaVirtualMachines/jdk1.8.0_121.jdk/Contents/Home/jre/lib/ext/sunec.jar:/Library/Java/JavaVirtualMachines/jdk1.8.0_121.jdk/Contents/Home/jre/lib/ext/sunjce_provider.jar:/Library/Java/JavaVirtualMachines/jdk1.8.0_121.jdk/Contents/Home/jre/lib/ext/sunpkcs11.jar:/Library/Java/JavaVirtualMachines/jdk1.8.0_121.jdk/Contents/Home/jre/lib/ext/zipfs.jar:/Library/Java/JavaVirtualMachines/jdk1.8.0_121.jdk/Contents/Home/jre/lib/javaws.jar:/Library/Java/JavaVirtualMachines/jdk1.8.0_121.jdk/Contents/Home/jre/lib/jce.jar:/Library/Java/JavaVirtualMachines/jdk1.8.0_121.jdk/Contents/Home/jre/lib/jfr.jar:/Library/Java/JavaVirtualMachines/jdk1.8.0_121.jdk/Contents/Home/jre/lib/jfxswt.jar:/Library/Java/JavaVirtualMachines/jdk1.8.0_121.jdk/Contents/Home/jre/lib/jsse.jar:/Library/Java/JavaVirtualMachines/jdk1.8.0_121.jdk/Contents/Home/jre/lib/management-agent.jar:/Library/Java/JavaVirtualMachines/jdk1.8.0_121.jdk/Contents/Home/jre/lib/plugin.jar:/Library/Java/JavaVirtualMachines/jdk1.8.0_121.jdk/Contents/Home/jre/lib/resources.jar:/Library/Java/JavaVirtualMachines/jdk1.8.0_121.jdk/Contents/Home/jre/lib/rt.jar:/Library/Java/JavaVirtualMachines/jdk1.8.0_121.jdk/Contents/Home/lib/ant-javafx.jar:/Library/Java/JavaVirtualMachines/jdk1.8.0_121.jdk/Contents/Home
Launcher Type: SUN_STANDARD

Environment Variables:
PATH=/Library/Frameworks/Python.framework/Versions/3.6/bin:/usr/local/bin:/usr/bin:/bin:/usr/sbin:/sbin:/usr/local/MacGPG2/bin
SHELL=/bin/bash

Signal Handlers:
SIGSEGV: [libjvm.dylib+0x5b1141], sa_mask[0]=11111111011111110111111111111111, sa_flags=SA_ONSTACK|SA_RESTART|SA_SIGINFO
SIGBUS: [libjvm.dylib+0x5b1141], sa_mask[0]=11111111011111110111111111111111, sa_flags=SA_RESTART|SA_SIGINFO
SIGFPE: [libjvm.dylib+0x487bc4], sa_mask[0]=11111111011111110111111111111111, sa_flags=SA_RESTART|SA_SIGINFO
SIGPIPE: [libjvm.dylib+0x487bc4], sa_mask[0]=11111111011111110111111111111111, sa_flags=SA_RESTART|SA_SIGINFO
SIGXFSZ: [libjvm.dylib+0x487bc4], sa_mask[0]=11111111011111110111111111111111, sa_flags=SA_RESTART|SA_SIGINFO
SIGILL: [libjvm.dylib+0x487bc4], sa_mask[0]=11111111011111110111111111111111, sa_flags=SA_RESTART|SA_SIGINFO
SIGUSR1: SIG_DFL, sa_mask[0]=00000000000000000000000000000000, sa_flags=none
SIGUSR2: [libjvm.dylib+0x4876e2], sa_mask[0]=00100000000000000000000000000000, sa_flags=SA_RESTART|SA_SIGINFO
SIGHUP: [libjvm.dylib+0x485cb9], sa_mask[0]=11111111011111110111111111111111, sa_flags=SA_RESTART|SA_SIGINFO
SIGINT: [libjvm.dylib+0x485cb9], sa_mask[0]=11111111011111110111111111111111, sa_flags=SA_RESTART|SA_SIGINFO
SIGTERM: [libjvm.dylib+0x485cb9], sa_mask[0]=11111111011111110111111111111111, sa_flags=SA_RESTART|SA_SIGINFO
SIGQUIT: [libjvm.dylib+0x485cb9], sa_mask[0]=11111111011111110111111111111111, sa_flags=SA_RESTART|SA_SIGINFO


---------------  S Y S T E M  ---------------

OS:Bsduname:Darwin 14.5.0 Darwin Kernel Version 14.5.0: Tue Apr 11 16:12:42 PDT 2017; root:xnu-2782.50.9.2.3~1/RELEASE_X86_64 x86_64
rlimit: STACK 8192k, CORE 0k, NPROC 709, NOFILE 10240, AS infinity
load average:2.04 2.12 2.16

CPU:total 4 (2 cores per cpu, 2 threads per core) family 6 model 61 stepping 4, cmov, cx8, fxsr, mmx, sse, sse2, sse3, ssse3, sse4.1, sse4.2, popcnt, avx, avx2, aes, clmul, erms, 3dnowpref, lzcnt, ht, tsc, tscinvbit, bmi1, bmi2, adx

Memory: 4k page, physical 8388608k(81144k free)

/proc/meminfo:


vm_info: Java HotSpot(TM) 64-Bit Server VM (25.121-b13) for bsd-amd64 JRE (1.8.0_121-b13), built on Dec 12 2016 20:39:32 by "java_re" with gcc 4.2.1 (Based on Apple Inc. build 5658) (LLVM build 2336.11.00)

time: Fri Dec 15 20:50:58 2017
elapsed time: 128 seconds (0d 0h 2m 8s)

