#
# A fatal error has been detected by the Java Runtime Environment:
#
#  SIGSEGV (0xb) at pc=0x00007fff8e0520dd, pid=6574, tid=0x0000000000000713
#
# JRE version: Java(TM) SE Runtime Environment (8.0_121-b13) (build 1.8.0_121-b13)
# Java VM: Java HotSpot(TM) 64-Bit Server VM (25.121-b13 mixed mode bsd-amd64 compressed oops)
# Problematic frame:
# C  [libobjc.A.dylib+0x10dd]  objc_msgSend+0x1d
#
# Failed to write core dump. Core dumps have been disabled. To enable core dumping, try "ulimit -c unlimited" before starting Java again
#
# If you would like to submit a bug report, please visit:
#   http://bugreport.java.com/bugreport/crash.jsp
# The crash happened outside the Java Virtual Machine in native code.
# See problematic frame for where to report the bug.
#

---------------  T H R E A D  ---------------

Current thread (0x00007fe7e3877800):  JavaThread "AppKit Thread" daemon [_thread_in_native, id=1811, stack(0x00007fff58584000,0x00007fff58d84000)]

siginfo: si_signo: 11 (SIGSEGV), si_code: 1 (SEGV_MAPERR), si_addr: 0x000007fe7e2e7cb8

Registers:
RAX=0x00007fe7e2e7c1f0, RBX=0x00007fff58d7ef18, RCX=0x0000000000000000, RDX=0x00007fe7e2f8b610
RSP=0x00007fff58d7ed38, RBP=0x00007fff58d7ed40, RSI=0x00007fff897e841e, RDI=0x00007fe7e2e7c1f0
R8 =0x00007fff58d7ed20, R9 =0x0000000000000055, R10=0x00007fff897e841e, R11=0x000007fe7e2e7ca0
R12=0x00007fe7e2c20e80, R13=0x00000000000f42ee, R14=0x00007fe7e2fa2cb0, R15=0x00007fff58d7ee78
RIP=0x00007fff8e0520dd, EFLAGS=0x0000000000010206, ERR=0x0000000000000004
  TRAPNO=0x000000000000000e

Top of Stack: (sp=0x00007fff58d7ed38)
0x00007fff58d7ed38:   00007fff8543b45c 00007fff58d7f0a0
0x00007fff58d7ed48:   00007fff8532b444 00007fff58d7edcc
0x00007fff58d7ed58:   00007fff58d7edd0 00007fff58d7edd4
0x00007fff58d7ed68:   00007fff726c9e00 ffffffffffffffff
0x00007fff58d7ed78:   00000000000007f8 00007fff726c9e18
0x00007fff58d7ed88:   00007fe7e2fa2cb0 0000000000000000
0x00007fff58d7ed98:   00007fff58d7ee70 0000000000000000
0x00007fff58d7eda8:   00007fe7e2d6b140 00007fff58d7eef0
0x00007fff58d7edb8:   0000000000000055 00000000000f42f0
0x00007fff58d7edc8:   00007fe7e2f8b610 00007fe7e2d6c9d0
0x00007fff58d7edd8:   00007fe7e2c20e80 0000000000000001
0x00007fff58d7ede8:   00000000000f42ee 00007fe7e2c20e70
0x00007fff58d7edf8:   00007fff8abd6c05 00000001e2e75fe0
0x00007fff58d7ee08:   00007fff7274d0d0 0000000042000000
0x00007fff58d7ee18:   00007fff8abdde63 00007fff72694240
0x00007fff58d7ee28:   00007fff58d7eef8 00007fff58d7ee50
0x00007fff58d7ee38:   00007fff58d7ee70 0000000000000000
0x00007fff58d7ee48:   0000000000000018 00037e0300000001
0x00007fff58d7ee58:   00007fe7e2c20ea4 0000000000000000
0x00007fff58d7ee68:   0000000000000000 00007fe7e2d6a570
0x00007fff58d7ee78:   00007fe7e2fa2cb0 0000002000000000
0x00007fff58d7ee88:   0000000000000000 00007fff7274d0d0
0x00007fff58d7ee98:   0000000042000000 00007fff8abdd4f8
0x00007fff58d7eea8:   00007fff72694350 00007fff58d7ee08
0x00007fff58d7eeb8:   0000000000000000 00007fff58d7ef88
0x00007fff58d7eec8:   00007fff72110ea0 00007fff58d7efc0
0x00007fff58d7eed8:   00007fff879db770 00007fff58d7ef70
0x00007fff58d7eee8:   00007fff88f1c4ed 0000000000000051
0x00007fff58d7eef8:   0000000000000000 00000000000f42e3
0x00007fff58d7ef08:   0000000000000053 0000000000000000
0x00007fff58d7ef18:   00000000000f42ee 00007fff58d7ef94
0x00007fff58d7ef28:   00000000003e4b01 00000000ffffffff 

Instructions: (pc=0x00007fff8e0520dd)
0x00007fff8e0520bd:   00 00 00 48 85 ff 2e 74 7a 40 f6 c7 01 2e 75 7e
0x00007fff8e0520cd:   49 bb f8 ff ff ff ff 7f 00 00 4c 23 1f 49 89 f2
0x00007fff8e0520dd:   45 23 53 18 49 c1 e2 04 4d 03 53 10 49 3b 32 75
0x00007fff8e0520ed:   04 41 ff 62 08 49 83 3a 00 74 6a 4d 3b 53 10 74 

Register to memory mapping:

RAX=0x00007fe7e2e7c1f0 is an unknown value
RBX=0x00007fff58d7ef18 is pointing into the stack for thread: 0x00007fe7e3877800
RCX=0x0000000000000000 is an unknown value
RDX=0x00007fe7e2f8b610 is an unknown value
RSP=0x00007fff58d7ed38 is pointing into the stack for thread: 0x00007fe7e3877800
RBP=0x00007fff58d7ed40 is pointing into the stack for thread: 0x00007fe7e3877800
RSI=0x00007fff897e841e: -[NSTitlebarContainerView transparent]+0x5e312 in /System/Library/Frameworks/AppKit.framework/Versions/C/AppKit at 0x00007fff88de7000
RDI=0x00007fe7e2e7c1f0 is an unknown value
R8 =0x00007fff58d7ed20 is pointing into the stack for thread: 0x00007fe7e3877800
R9 =0x0000000000000055 is an unknown value
R10=0x00007fff897e841e: -[NSTitlebarContainerView transparent]+0x5e312 in /System/Library/Frameworks/AppKit.framework/Versions/C/AppKit at 0x00007fff88de7000
R11=0x000007fe7e2e7ca0 is an unknown value
R12=0x00007fe7e2c20e80 is an unknown value
R13=0x00000000000f42ee is an unknown value
R14=0x00007fe7e2fa2cb0 is an unknown value
R15=0x00007fff58d7ee78 is pointing into the stack for thread: 0x00007fe7e3877800


Stack: [0x00007fff58584000,0x00007fff58d84000],  sp=0x00007fff58d7ed38,  free space=8171k
Native frames: (J=compiled Java code, j=interpreted, Vv=VM code, C=native code)
C  [libobjc.A.dylib+0x10dd]  objc_msgSend+0x1d
C  [CoreFoundation+0x10444]  _CFXNotificationPost+0xc44
C  [Foundation+0x7af1]  -[NSNotificationCenter postNotificationName:object:userInfo:]+0x42
C  [AppKit+0x439c2]  -[NSSurface _disposeSurface]+0x98
C  [AppKit+0x43426]  -[NSSurface setWindow:]+0x42
C  [AppKit+0x33910]  -[NSView _setWindow:]+0xa33
C  [AppKit+0x6af91]  -[NSView removeFromSuperview]+0x1c5
C  [AppKit+0x14bd99]  -[NSView removeFromSuperviewWithoutNeedingDisplay]+0x26
C  [liblwjgl.dylib+0xa205]  +[MacOSXKeyableWindow destroyWindow]+0xb5
C  [Foundation+0x92e20]  __NSThreadPerformPerform+0x125
C  [CoreFoundation+0x80821]  __CFRUNLOOP_IS_CALLING_OUT_TO_A_SOURCE0_PERFORM_FUNCTION__+0x11
C  [CoreFoundation+0x729ad]  __CFRunLoopDoSources0+0x10d
C  [CoreFoundation+0x71fdf]  __CFRunLoopRun+0x39f
C  [CoreFoundation+0x719f8]  CFRunLoopRunSpecific+0x128
C  [HIToolbox+0x3256f]  RunCurrentEventLoopInMode+0xeb
C  [HIToolbox+0x322ea]  ReceiveNextEventCommon+0x1af
C  [HIToolbox+0x3212b]  _BlockUntilNextEventMatchingListInModeWithFilter+0x47
C  [AppKit+0x918ab]  _DPSNextEvent+0x3d2
C  [AppKit+0x90e58]  -[NSApplication nextEventMatchingMask:untilDate:inMode:dequeue:]+0x15a
C  [libosxapp.dylib+0x23aa]  -[NSApplicationAWT nextEventMatchingMask:untilDate:inMode:dequeue:]+0x7c
C  [AppKit+0x86af3]  -[NSApplication run]+0x252
C  [libosxapp.dylib+0x214d]  +[NSApplicationAWT runAWTLoopWithApp:]+0x9c
C  [libawt_lwawt.dylib+0x45ff7]  -[AWTStarter starter:]+0x389
C  [Foundation+0x92e20]  __NSThreadPerformPerform+0x125
C  [CoreFoundation+0x80821]  __CFRUNLOOP_IS_CALLING_OUT_TO_A_SOURCE0_PERFORM_FUNCTION__+0x11
C  [CoreFoundation+0x729ad]  __CFRunLoopDoSources0+0x10d
C  [CoreFoundation+0x71fdf]  __CFRunLoopRun+0x39f
C  [CoreFoundation+0x719f8]  CFRunLoopRunSpecific+0x128
C  [java+0x6465]  CreateExecutionEnvironment+0x367
C  [java+0x218c]  JLI_Launch+0x7a0
C  [java+0x84c2]  main+0x65
C  [java+0x19e4]  start+0x34
C  0x0000000000000007


---------------  P R O C E S S  ---------------

Java Threads: ( => current thread )
  0x00007fe7e49a0000 JavaThread "AWT-Shutdown" [_thread_blocked, id=64327, stack(0x0000000125f68000,0x0000000126068000)]
  0x00007fe7e4913000 JavaThread "Java2D Disposer" daemon [_thread_blocked, id=48667, stack(0x00000001253ce000,0x00000001254ce000)]
=>0x00007fe7e3877800 JavaThread "AppKit Thread" daemon [_thread_in_native, id=1811, stack(0x00007fff58584000,0x00007fff58d84000)]
  0x00007fe7e3863000 JavaThread "Service Thread" daemon [_thread_blocked, id=18435, stack(0x0000000120877000,0x0000000120977000)]
  0x00007fe7e4820000 JavaThread "C1 CompilerThread2" daemon [_thread_blocked, id=17923, stack(0x0000000120774000,0x0000000120874000)]
  0x00007fe7e481f800 JavaThread "C2 CompilerThread1" daemon [_thread_blocked, id=17411, stack(0x0000000120671000,0x0000000120771000)]
  0x00007fe7e4046000 JavaThread "C2 CompilerThread0" daemon [_thread_blocked, id=16899, stack(0x000000012050f000,0x000000012060f000)]
  0x00007fe7e4037000 JavaThread "Monitor Ctrl-Break" daemon [_thread_in_native, id=16387, stack(0x000000012040c000,0x000000012050c000)]
  0x00007fe7e4815000 JavaThread "Signal Dispatcher" daemon [_thread_blocked, id=12303, stack(0x00000001201ce000,0x00000001202ce000)]
  0x00007fe7e4004000 JavaThread "Finalizer" daemon [_thread_blocked, id=11523, stack(0x000000011e84b000,0x000000011e94b000)]
  0x00007fe7e480b000 JavaThread "Reference Handler" daemon [_thread_blocked, id=11011, stack(0x000000011e748000,0x000000011e848000)]
  0x00007fe7e4800800 JavaThread "main" [_thread_in_native, id=3331, stack(0x0000000107f1e000,0x000000010801e000)]

Other Threads:
  0x00007fe7e480a000 VMThread [stack: 0x000000011e645000,0x000000011e745000] [id=10499]
  0x00007fe7e3865800 WatcherThread [stack: 0x000000012097a000,0x0000000120a7a000] [id=18947]

VM state:not at safepoint (normal execution)

VM Mutex/Monitor currently owned by a thread: None

Heap:
 PSYoungGen      total 26624K, used 21505K [0x0000000795580000, 0x0000000797200000, 0x00000007c0000000)
  eden space 26112K, 80% used [0x0000000795580000,0x0000000796a185b8,0x0000000796f00000)
  from space 512K, 81% used [0x0000000797180000,0x00000007971e8000,0x0000000797200000)
  to   space 1536K, 0% used [0x0000000796f00000,0x0000000796f00000,0x0000000797080000)
 ParOldGen       total 44032K, used 2310K [0x0000000740000000, 0x0000000742b00000, 0x0000000795580000)
  object space 44032K, 5% used [0x0000000740000000,0x0000000740241a10,0x0000000742b00000)
 Metaspace       used 9282K, capacity 9447K, committed 9728K, reserved 1058816K
  class space    used 916K, capacity 986K, committed 1024K, reserved 1048576K

Card table byte_map: [0x0000000117dc0000,0x00000001181c1000] byte_map_base: 0x00000001143c0000

Marking Bits: (ParMarkBitMap*) 0x000000010786bd30
 Begin Bits: [0x0000000118775000, 0x000000011a775000)
 End Bits:   [0x000000011a775000, 0x000000011c775000)

Polling page: 0x0000000108063000

CodeCache: size=245760Kb used=6246Kb max_used=6668Kb free=239513Kb
 bounds [0x0000000108a00000, 0x00000001090b0000, 0x0000000117a00000]
 total_blobs=1940 nmethods=1495 adapters=359
 compilation: enabled

Compilation events (10 events):
Event: 31.346 Thread 0x00007fe7e4820000 1620       3       java.nio.Bits::int0 (3 bytes)
Event: 31.346 Thread 0x00007fe7e4820000 nmethod 1620 0x0000000108d2f4d0 code [0x0000000108d2f620, 0x0000000108d2f750]
Event: 31.536 Thread 0x00007fe7e4820000 1621       3       java.nio.Bits::makeInt (29 bytes)
Event: 31.536 Thread 0x00007fe7e4820000 nmethod 1621 0x0000000108d13790 code [0x0000000108d138e0, 0x0000000108d13a30]
Event: 32.485 Thread 0x00007fe7e4820000 1622       1       org.newdawn.slick.state.StateBasedGame::inputEnded (1 bytes)
Event: 32.485 Thread 0x00007fe7e4820000 nmethod 1622 0x0000000109077650 code [0x00000001090777a0, 0x00000001090778b0]
Event: 33.107 Thread 0x00007fe7e4820000 1623       3       sun.awt.AWTAutoShutdown::notifyToolkitThreadBusy (8 bytes)
Event: 33.107 Thread 0x00007fe7e4820000 nmethod 1623 0x0000000108b3e790 code [0x0000000108b3e900, 0x0000000108b3eac8]
Event: 33.107 Thread 0x00007fe7e4820000 1624       3       sun.awt.AWTAutoShutdown::notifyToolkitThreadFree (8 bytes)
Event: 33.107 Thread 0x00007fe7e4820000 nmethod 1624 0x0000000108bbe9d0 code [0x0000000108bbeb40, 0x0000000108bbed08]

GC Heap History (10 events):
Event: 27.499 GC heap before
{Heap before GC invocations=15 (full 1):
 PSYoungGen      total 29696K, used 29216K [0x0000000795580000, 0x0000000797500000, 0x00000007c0000000)
  eden space 28672K, 100% used [0x0000000795580000,0x0000000797180000,0x0000000797180000)
  from space 1024K, 53% used [0x0000000797200000,0x0000000797288000,0x0000000797300000)
  to   space 1536K, 0% used [0x0000000797380000,0x0000000797380000,0x0000000797500000)
 ParOldGen       total 44032K, used 2198K [0x0000000740000000, 0x0000000742b00000, 0x0000000795580000)
  object space 44032K, 4% used [0x0000000740000000,0x0000000740225a10,0x0000000742b00000)
 Metaspace       used 9274K, capacity 9447K, committed 9728K, reserved 1058816K
  class space    used 916K, capacity 986K, committed 1024K, reserved 1048576K
Event: 27.501 GC heap after
Heap after GC invocations=15 (full 1):
 PSYoungGen      total 28672K, used 512K [0x0000000795580000, 0x0000000797400000, 0x00000007c0000000)
  eden space 28160K, 0% used [0x0000000795580000,0x0000000795580000,0x0000000797100000)
  from space 512K, 100% used [0x0000000797380000,0x0000000797400000,0x0000000797400000)
  to   space 1536K, 0% used [0x0000000797100000,0x0000000797100000,0x0000000797280000)
 ParOldGen       total 44032K, used 2198K [0x0000000740000000, 0x0000000742b00000, 0x0000000795580000)
  object space 44032K, 4% used [0x0000000740000000,0x0000000740225a10,0x0000000742b00000)
 Metaspace       used 9274K, capacity 9447K, committed 9728K, reserved 1058816K
  class space    used 916K, capacity 986K, committed 1024K, reserved 1048576K
}
Event: 28.919 GC heap before
{Heap before GC invocations=16 (full 1):
 PSYoungGen      total 28672K, used 28672K [0x0000000795580000, 0x0000000797400000, 0x00000007c0000000)
  eden space 28160K, 100% used [0x0000000795580000,0x0000000797100000,0x0000000797100000)
  from space 512K, 100% used [0x0000000797380000,0x0000000797400000,0x0000000797400000)
  to   space 1536K, 0% used [0x0000000797100000,0x0000000797100000,0x0000000797280000)
 ParOldGen       total 44032K, used 2198K [0x0000000740000000, 0x0000000742b00000, 0x0000000795580000)
  object space 44032K, 4% used [0x0000000740000000,0x0000000740225a10,0x0000000742b00000)
 Metaspace       used 9274K, capacity 9447K, committed 9728K, reserved 1058816K
  class space    used 916K, capacity 986K, committed 1024K, reserved 1048576K
Event: 28.921 GC heap after
Heap after GC invocations=16 (full 1):
 PSYoungGen      total 29184K, used 480K [0x0000000795580000, 0x0000000797400000, 0x00000007c0000000)
  eden space 27648K, 0% used [0x0000000795580000,0x0000000795580000,0x0000000797080000)
  from space 1536K, 31% used [0x0000000797100000,0x0000000797178000,0x0000000797280000)
  to   space 1536K, 0% used [0x0000000797280000,0x0000000797280000,0x0000000797400000)
 ParOldGen       total 44032K, used 2198K [0x0000000740000000, 0x0000000742b00000, 0x0000000795580000)
  object space 44032K, 4% used [0x0000000740000000,0x0000000740225a10,0x0000000742b00000)
 Metaspace       used 9274K, capacity 9447K, committed 9728K, reserved 1058816K
  class space    used 916K, capacity 986K, committed 1024K, reserved 1048576K
}
Event: 30.169 GC heap before
{Heap before GC invocations=17 (full 1):
 PSYoungGen      total 29184K, used 28128K [0x0000000795580000, 0x0000000797400000, 0x00000007c0000000)
  eden space 27648K, 100% used [0x0000000795580000,0x0000000797080000,0x0000000797080000)
  from space 1536K, 31% used [0x0000000797100000,0x0000000797178000,0x0000000797280000)
  to   space 1536K, 0% used [0x0000000797280000,0x0000000797280000,0x0000000797400000)
 ParOldGen       total 44032K, used 2198K [0x0000000740000000, 0x0000000742b00000, 0x0000000795580000)
  object space 44032K, 4% used [0x0000000740000000,0x0000000740225a10,0x0000000742b00000)
 Metaspace       used 9274K, capacity 9447K, committed 9728K, reserved 1058816K
  class space    used 916K, capacity 986K, committed 1024K, reserved 1048576K
Event: 30.171 GC heap after
Heap after GC invocations=17 (full 1):
 PSYoungGen      total 27648K, used 480K [0x0000000795580000, 0x0000000797300000, 0x00000007c0000000)
  eden space 27136K, 0% used [0x0000000795580000,0x0000000795580000,0x0000000797000000)
  from space 512K, 93% used [0x0000000797280000,0x00000007972f8000,0x0000000797300000)
  to   space 1536K, 0% used [0x0000000797000000,0x0000000797000000,0x0000000797180000)
 ParOldGen       total 44032K, used 2198K [0x0000000740000000, 0x0000000742b00000, 0x0000000795580000)
  object space 44032K, 4% used [0x0000000740000000,0x0000000740225a10,0x0000000742b00000)
 Metaspace       used 9274K, capacity 9447K, committed 9728K, reserved 1058816K
  class space    used 916K, capacity 986K, committed 1024K, reserved 1048576K
}
Event: 31.470 GC heap before
{Heap before GC invocations=18 (full 1):
 PSYoungGen      total 27648K, used 27616K [0x0000000795580000, 0x0000000797300000, 0x00000007c0000000)
  eden space 27136K, 100% used [0x0000000795580000,0x0000000797000000,0x0000000797000000)
  from space 512K, 93% used [0x0000000797280000,0x00000007972f8000,0x0000000797300000)
  to   space 1536K, 0% used [0x0000000797000000,0x0000000797000000,0x0000000797180000)
 ParOldGen       total 44032K, used 2198K [0x0000000740000000, 0x0000000742b00000, 0x0000000795580000)
  object space 44032K, 4% used [0x0000000740000000,0x0000000740225a10,0x0000000742b00000)
 Metaspace       used 9275K, capacity 9447K, committed 9728K, reserved 1058816K
  class space    used 916K, capacity 986K, committed 1024K, reserved 1048576K
Event: 31.472 GC heap after
Heap after GC invocations=18 (full 1):
 PSYoungGen      total 28160K, used 512K [0x0000000795580000, 0x0000000797300000, 0x00000007c0000000)
  eden space 26624K, 0% used [0x0000000795580000,0x0000000795580000,0x0000000796f80000)
  from space 1536K, 33% used [0x0000000797000000,0x0000000797080000,0x0000000797180000)
  to   space 1536K, 0% used [0x0000000797180000,0x0000000797180000,0x0000000797300000)
 ParOldGen       total 44032K, used 2238K [0x0000000740000000, 0x0000000742b00000, 0x0000000795580000)
  object space 44032K, 5% used [0x0000000740000000,0x000000074022fa10,0x0000000742b00000)
 Metaspace       used 9275K, capacity 9447K, committed 9728K, reserved 1058816K
  class space    used 916K, capacity 986K, committed 1024K, reserved 1048576K
}
Event: 32.620 GC heap before
{Heap before GC invocations=19 (full 1):
 PSYoungGen      total 28160K, used 27136K [0x0000000795580000, 0x0000000797300000, 0x00000007c0000000)
  eden space 26624K, 100% used [0x0000000795580000,0x0000000796f80000,0x0000000796f80000)
  from space 1536K, 33% used [0x0000000797000000,0x0000000797080000,0x0000000797180000)
  to   space 1536K, 0% used [0x0000000797180000,0x0000000797180000,0x0000000797300000)
 ParOldGen       total 44032K, used 2238K [0x0000000740000000, 0x0000000742b00000, 0x0000000795580000)
  object space 44032K, 5% used [0x0000000740000000,0x000000074022fa10,0x0000000742b00000)
 Metaspace       used 9275K, capacity 9447K, committed 9728K, reserved 1058816K
  class space    used 916K, capacity 986K, committed 1024K, reserved 1048576K
Event: 32.621 GC heap after
Heap after GC invocations=19 (full 1):
 PSYoungGen      total 26624K, used 416K [0x0000000795580000, 0x0000000797200000, 0x00000007c0000000)
  eden space 26112K, 0% used [0x0000000795580000,0x0000000795580000,0x0000000796f00000)
  from space 512K, 81% used [0x0000000797180000,0x00000007971e8000,0x0000000797200000)
  to   space 1536K, 0% used [0x0000000796f00000,0x0000000796f00000,0x0000000797080000)
 ParOldGen       total 44032K, used 2310K [0x0000000740000000, 0x0000000742b00000, 0x0000000795580000)
  object space 44032K, 5% used [0x0000000740000000,0x0000000740241a10,0x0000000742b00000)
 Metaspace       used 9275K, capacity 9447K, committed 9728K, reserved 1058816K
  class space    used 916K, capacity 986K, committed 1024K, reserved 1048576K
}

Deoptimization events (10 events):
Event: 2.002 Thread 0x00007fe7e4800800 Uncommon trap: reason=unstable_if action=reinterpret pc=0x0000000108c94928 method=org.newdawn.slick.openal.OggInputStream.read()I @ 60
Event: 4.156 Thread 0x00007fe7e4800800 Uncommon trap: reason=unstable_if action=reinterpret pc=0x0000000108ca0c2c method=com.jcraft.jorbis.Block.synthesis(Lcom/jcraft/jogg/Packet;)I @ 87
Event: 5.139 Thread 0x00007fe7e4800800 Uncommon trap: reason=unstable_if action=reinterpret pc=0x0000000108cf4cf8 method=java.io.BufferedInputStream.read([BII)I @ 104
Event: 5.142 Thread 0x00007fe7e4800800 Uncommon trap: reason=unstable_if action=reinterpret pc=0x0000000108cba54c method=com.jcraft.jorbis.DspState.synthesis_blockin(Lcom/jcraft/jorbis/Block;)I @ 701
Event: 5.142 Thread 0x00007fe7e4800800 Uncommon trap: reason=unstable_if action=reinterpret pc=0x0000000108cd940c method=java.io.BufferedInputStream.read1([BII)I @ 60
Event: 5.142 Thread 0x00007fe7e4800800 Uncommon trap: reason=unstable_if action=reinterpret pc=0x0000000108cd0e94 method=org.newdawn.slick.openal.OggInputStream.atEnd()Z @ 4
Event: 5.142 Thread 0x00007fe7e4800800 Uncommon trap: reason=unstable_if action=reinterpret pc=0x0000000108c9e5f8 method=org.newdawn.slick.openal.OggInputStream.atEnd()Z @ 4
Event: 5.208 Thread 0x00007fe7e4800800 Uncommon trap: reason=unstable_if action=reinterpret pc=0x0000000108cd9d18 method=java.nio.Bits.copyFromArray(Ljava/lang/Object;JJJJ)V @ 18
Event: 5.301 Thread 0x00007fe7e4800800 Uncommon trap: reason=unstable_if action=reinterpret pc=0x0000000108c7ebfc method=sun.misc.MetaIndex.mayContain(Ljava/lang/String;)Z @ 38
Event: 5.316 Thread 0x00007fe7e4800800 Uncommon trap: reason=unstable_if action=reinterpret pc=0x0000000108d0823c method=java.nio.Buffer.hasRemaining()Z @ 8

Internal exceptions (10 events):
Event: 0.493 Thread 0x00007fe7e4800800 Exception <a 'java/lang/NoSuchFieldError': method resolution failed> (0x0000000795b12d10) thrown at [/Users/java_re/workspace/8-2-build-macosx-x86_64/jdk8u121/8372/hotspot/src/share/vm/prims/methodHandles.cpp, line 1146]
Event: 1.462 Thread 0x00007fe7e4800800 Exception <a 'java/io/FileNotFoundException'> (0x0000000795bb5520) thrown at [/Users/java_re/workspace/8-2-build-macosx-x86_64/jdk8u121/8372/hotspot/src/share/vm/prims/jni.cpp, line 709]
Event: 1.463 Thread 0x00007fe7e4800800 Exception <a 'java/io/FileNotFoundException'> (0x0000000795bb60a8) thrown at [/Users/java_re/workspace/8-2-build-macosx-x86_64/jdk8u121/8372/hotspot/src/share/vm/prims/jni.cpp, line 709]
Event: 1.682 Thread 0x00007fe7e4800800 Exception <a 'java/security/PrivilegedActionException'> (0x0000000796323640) thrown at [/Users/java_re/workspace/8-2-build-macosx-x86_64/jdk8u121/8372/hotspot/src/share/vm/prims/jvm.cpp, line 1390]
Event: 1.682 Thread 0x00007fe7e4800800 Exception <a 'java/security/PrivilegedActionException'> (0x0000000796325228) thrown at [/Users/java_re/workspace/8-2-build-macosx-x86_64/jdk8u121/8372/hotspot/src/share/vm/prims/jvm.cpp, line 1390]
Event: 1.683 Thread 0x00007fe7e4800800 Exception <a 'java/security/PrivilegedActionException'> (0x0000000796326348) thrown at [/Users/java_re/workspace/8-2-build-macosx-x86_64/jdk8u121/8372/hotspot/src/share/vm/prims/jvm.cpp, line 1390]
Event: 1.683 Thread 0x00007fe7e4800800 Exception <a 'java/security/PrivilegedActionException'> (0x000000079632ba40) thrown at [/Users/java_re/workspace/8-2-build-macosx-x86_64/jdk8u121/8372/hotspot/src/share/vm/prims/jvm.cpp, line 1390]
Event: 1.683 Thread 0x00007fe7e4800800 Exception <a 'java/security/PrivilegedActionException'> (0x000000079632c698) thrown at [/Users/java_re/workspace/8-2-build-macosx-x86_64/jdk8u121/8372/hotspot/src/share/vm/prims/jvm.cpp, line 1390]
Event: 1.683 Thread 0x00007fe7e4800800 Exception <a 'java/security/PrivilegedActionException'> (0x000000079632d2c0) thrown at [/Users/java_re/workspace/8-2-build-macosx-x86_64/jdk8u121/8372/hotspot/src/share/vm/prims/jvm.cpp, line 1390]
Event: 5.866 Thread 0x00007fe7e4800800 Exception <a 'java/lang/NoClassDefFoundError': net/java/games/input/ControllerEnvironment> (0x0000000796c06fa0) thrown at [/Users/java_re/workspace/8-2-build-macosx-x86_64/jdk8u121/8372/hotspot/src/share/vm/classfile/systemDictionary.cpp, line 199]

Events (10 events):
Event: 28.919 Executing VM operation: ParallelGCFailedAllocation
Event: 28.921 Executing VM operation: ParallelGCFailedAllocation done
Event: 30.169 Executing VM operation: ParallelGCFailedAllocation
Event: 30.171 Executing VM operation: ParallelGCFailedAllocation done
Event: 31.470 Executing VM operation: ParallelGCFailedAllocation
Event: 31.472 Executing VM operation: ParallelGCFailedAllocation done
Event: 32.620 Executing VM operation: ParallelGCFailedAllocation
Event: 32.621 Executing VM operation: ParallelGCFailedAllocation done
Event: 33.708 loading class org/lwjgl/opengl/CallbackUtil
Event: 33.708 loading class org/lwjgl/opengl/CallbackUtil done


Dynamic libraries:
0x0000000000d84000 	/System/Library/Frameworks/Cocoa.framework/Versions/A/Cocoa
0x0000000000d84000 	/System/Library/Frameworks/Security.framework/Versions/A/Security
0x0000000000d84000 	/System/Library/Frameworks/ApplicationServices.framework/Versions/A/ApplicationServices
0x0000000000d84000 	/usr/lib/libz.1.dylib
0x0000000000d84000 	/usr/lib/libSystem.B.dylib
0x0000000000d84000 	/usr/lib/libobjc.A.dylib
0x0000000000d84000 	/System/Library/Frameworks/CoreFoundation.framework/Versions/A/CoreFoundation
0x0000000000d84000 	/System/Library/Frameworks/Foundation.framework/Versions/C/Foundation
0x0000000000d84000 	/System/Library/Frameworks/AppKit.framework/Versions/C/AppKit
0x0000000000d84000 	/System/Library/Frameworks/CoreData.framework/Versions/A/CoreData
0x0000000000d84000 	/System/Library/PrivateFrameworks/RemoteViewServices.framework/Versions/A/RemoteViewServices
0x0000000000d84000 	/System/Library/PrivateFrameworks/UIFoundation.framework/Versions/A/UIFoundation
0x0000000000d84000 	/System/Library/Frameworks/IOSurface.framework/Versions/A/IOSurface
0x0000000000d84000 	/System/Library/Frameworks/AudioToolbox.framework/Versions/A/AudioToolbox
0x0000000000d84000 	/System/Library/Frameworks/AudioUnit.framework/Versions/A/AudioUnit
0x0000000000d84000 	/System/Library/PrivateFrameworks/DataDetectorsCore.framework/Versions/A/DataDetectorsCore
0x0000000000d84000 	/System/Library/PrivateFrameworks/DesktopServicesPriv.framework/Versions/A/DesktopServicesPriv
0x0000000000d84000 	/System/Library/Frameworks/Carbon.framework/Versions/A/Frameworks/HIToolbox.framework/Versions/A/HIToolbox
0x0000000000d84000 	/System/Library/Frameworks/QuartzCore.framework/Versions/A/QuartzCore
0x0000000000d84000 	/System/Library/Frameworks/Carbon.framework/Versions/A/Frameworks/SpeechRecognition.framework/Versions/A/SpeechRecognition
0x0000000000d84000 	/usr/lib/libauto.dylib
0x0000000000d84000 	/usr/lib/libicucore.A.dylib
0x0000000000d84000 	/usr/lib/libxml2.2.dylib
0x0000000000d84000 	/System/Library/PrivateFrameworks/CoreUI.framework/Versions/A/CoreUI
0x0000000000d84000 	/System/Library/Frameworks/CoreAudio.framework/Versions/A/CoreAudio
0x0000000000d84000 	/System/Library/Frameworks/DiskArbitration.framework/Versions/A/DiskArbitration
0x0000000000d84000 	/usr/lib/liblangid.dylib
0x0000000000d84000 	/System/Library/PrivateFrameworks/MultitouchSupport.framework/Versions/A/MultitouchSupport
0x0000000000d84000 	/System/Library/Frameworks/IOKit.framework/Versions/A/IOKit
0x0000000000d84000 	/usr/lib/libDiagnosticMessagesClient.dylib
0x0000000000d84000 	/System/Library/Frameworks/CoreServices.framework/Versions/A/CoreServices
0x0000000000d84000 	/System/Library/PrivateFrameworks/PerformanceAnalysis.framework/Versions/A/PerformanceAnalysis
0x0000000000d84000 	/System/Library/PrivateFrameworks/GenerationalStorage.framework/Versions/A/GenerationalStorage
0x0000000000d84000 	/System/Library/Frameworks/OpenGL.framework/Versions/A/OpenGL
0x0000000000d84000 	/System/Library/PrivateFrameworks/Sharing.framework/Versions/A/Sharing
0x0000000000d84000 	/System/Library/Frameworks/CoreGraphics.framework/Versions/A/CoreGraphics
0x0000000000d84000 	/System/Library/Frameworks/CoreText.framework/Versions/A/CoreText
0x0000000000d84000 	/System/Library/Frameworks/ImageIO.framework/Versions/A/ImageIO
0x0000000000d84000 	/usr/lib/libextension.dylib
0x0000000000d84000 	/System/Library/PrivateFrameworks/Backup.framework/Versions/A/Backup
0x0000000000d84000 	/usr/lib/libarchive.2.dylib
0x0000000000d84000 	/System/Library/Frameworks/CFNetwork.framework/Versions/A/CFNetwork
0x0000000000d84000 	/System/Library/Frameworks/SystemConfiguration.framework/Versions/A/SystemConfiguration
0x0000000000d84000 	/usr/lib/libCRFSuite.dylib
0x0000000000d84000 	/usr/lib/libc++.1.dylib
0x0000000000d84000 	/usr/lib/libc++abi.dylib
0x0000000000d84000 	/usr/lib/system/libcache.dylib
0x0000000000d84000 	/usr/lib/system/libcommonCrypto.dylib
0x0000000000d84000 	/usr/lib/system/libcompiler_rt.dylib
0x0000000000d84000 	/usr/lib/system/libcopyfile.dylib
0x0000000000d84000 	/usr/lib/system/libcorecrypto.dylib
0x0000000000d84000 	/usr/lib/system/libdispatch.dylib
0x0000000000d84000 	/usr/lib/system/libdyld.dylib
0x0000000000d84000 	/usr/lib/system/libkeymgr.dylib
0x0000000000d84000 	/usr/lib/system/liblaunch.dylib
0x0000000000d84000 	/usr/lib/system/libmacho.dylib
0x0000000000d84000 	/usr/lib/system/libquarantine.dylib
0x0000000000d84000 	/usr/lib/system/libremovefile.dylib
0x0000000000d84000 	/usr/lib/system/libsystem_asl.dylib
0x0000000000d84000 	/usr/lib/system/libsystem_blocks.dylib
0x0000000000d84000 	/usr/lib/system/libsystem_c.dylib
0x0000000000d84000 	/usr/lib/system/libsystem_configuration.dylib
0x0000000000d84000 	/usr/lib/system/libsystem_coreservices.dylib
0x0000000000d84000 	/usr/lib/system/libsystem_coretls.dylib
0x0000000000d84000 	/usr/lib/system/libsystem_dnssd.dylib
0x0000000000d84000 	/usr/lib/system/libsystem_info.dylib
0x0000000000d84000 	/usr/lib/system/libsystem_kernel.dylib
0x0000000000d84000 	/usr/lib/system/libsystem_m.dylib
0x0000000000d84000 	/usr/lib/system/libsystem_malloc.dylib
0x0000000000d84000 	/usr/lib/system/libsystem_network.dylib
0x0000000000d84000 	/usr/lib/system/libsystem_networkextension.dylib
0x0000000000d84000 	/usr/lib/system/libsystem_notify.dylib
0x0000000000d84000 	/usr/lib/system/libsystem_platform.dylib
0x0000000000d84000 	/usr/lib/system/libsystem_pthread.dylib
0x0000000000d84000 	/usr/lib/system/libsystem_sandbox.dylib
0x0000000000d84000 	/usr/lib/system/libsystem_secinit.dylib
0x0000000000d84000 	/usr/lib/system/libsystem_stats.dylib
0x0000000000d84000 	/usr/lib/system/libsystem_trace.dylib
0x0000000000d84000 	/usr/lib/system/libunc.dylib
0x0000000000d84000 	/usr/lib/system/libunwind.dylib
0x0000000000d84000 	/usr/lib/system/libxpc.dylib
0x0000000000d84000 	/usr/lib/libbz2.1.0.dylib
0x0000000000d84000 	/usr/lib/liblzma.5.dylib
0x0000000000d84000 	/usr/lib/libbsm.0.dylib
0x0000000000d84000 	/usr/lib/libsqlite3.dylib
0x0000000000d84000 	/usr/lib/system/libkxld.dylib
0x0000000000d84000 	/usr/lib/libxar.1.dylib
0x0000000000d84000 	/usr/lib/libpam.2.dylib
0x0000000000d84000 	/usr/lib/libOpenScriptingUtil.dylib
0x0000000000d84000 	/System/Library/Frameworks/CoreServices.framework/Versions/A/Frameworks/FSEvents.framework/Versions/A/FSEvents
0x0000000000d84000 	/System/Library/Frameworks/CoreServices.framework/Versions/A/Frameworks/CarbonCore.framework/Versions/A/CarbonCore
0x0000000000d84000 	/System/Library/Frameworks/CoreServices.framework/Versions/A/Frameworks/Metadata.framework/Versions/A/Metadata
0x0000000000d84000 	/System/Library/Frameworks/CoreServices.framework/Versions/A/Frameworks/OSServices.framework/Versions/A/OSServices
0x0000000000d84000 	/System/Library/Frameworks/CoreServices.framework/Versions/A/Frameworks/SearchKit.framework/Versions/A/SearchKit
0x0000000000d84000 	/System/Library/Frameworks/CoreServices.framework/Versions/A/Frameworks/AE.framework/Versions/A/AE
0x0000000000d84000 	/System/Library/Frameworks/CoreServices.framework/Versions/A/Frameworks/LaunchServices.framework/Versions/A/LaunchServices
0x0000000000d84000 	/System/Library/Frameworks/CoreServices.framework/Versions/A/Frameworks/DictionaryServices.framework/Versions/A/DictionaryServices
0x0000000000d84000 	/System/Library/Frameworks/NetFS.framework/Versions/A/NetFS
0x0000000000d84000 	/System/Library/PrivateFrameworks/NetAuth.framework/Versions/A/NetAuth
0x0000000000d84000 	/System/Library/PrivateFrameworks/login.framework/Versions/A/Frameworks/loginsupport.framework/Versions/A/loginsupport
0x0000000000d84000 	/System/Library/PrivateFrameworks/TCC.framework/Versions/A/TCC
0x0000000000d84000 	/usr/lib/libmecabra.dylib
0x0000000000d84000 	/System/Library/Frameworks/ApplicationServices.framework/Versions/A/Frameworks/ATS.framework/Versions/A/ATS
0x0000000000d84000 	/System/Library/Frameworks/ApplicationServices.framework/Versions/A/Frameworks/ColorSync.framework/Versions/A/ColorSync
0x0000000000d84000 	/System/Library/Frameworks/ApplicationServices.framework/Versions/A/Frameworks/HIServices.framework/Versions/A/HIServices
0x0000000000d84000 	/System/Library/Frameworks/ApplicationServices.framework/Versions/A/Frameworks/LangAnalysis.framework/Versions/A/LangAnalysis
0x0000000000d84000 	/System/Library/Frameworks/ApplicationServices.framework/Versions/A/Frameworks/PrintCore.framework/Versions/A/PrintCore
0x0000000000d84000 	/System/Library/Frameworks/ApplicationServices.framework/Versions/A/Frameworks/QD.framework/Versions/A/QD
0x0000000000d84000 	/System/Library/Frameworks/ApplicationServices.framework/Versions/A/Frameworks/SpeechSynthesis.framework/Versions/A/SpeechSynthesis
0x0000000000d84000 	/System/Library/Frameworks/Accelerate.framework/Versions/A/Accelerate
0x0000000000d84000 	/System/Library/Frameworks/Accelerate.framework/Versions/A/Frameworks/vImage.framework/Versions/A/vImage
0x0000000000d84000 	/System/Library/Frameworks/Accelerate.framework/Versions/A/Frameworks/vecLib.framework/Versions/A/vecLib
0x0000000000d84000 	/System/Library/Frameworks/Accelerate.framework/Versions/A/Frameworks/vecLib.framework/Versions/A/libvDSP.dylib
0x0000000000d84000 	/System/Library/Frameworks/Accelerate.framework/Versions/A/Frameworks/vecLib.framework/Versions/A/libvMisc.dylib
0x0000000000d84000 	/System/Library/Frameworks/Accelerate.framework/Versions/A/Frameworks/vecLib.framework/Versions/A/libLAPACK.dylib
0x0000000000d84000 	/System/Library/Frameworks/Accelerate.framework/Versions/A/Frameworks/vecLib.framework/Versions/A/libBLAS.dylib
0x0000000000d84000 	/System/Library/Frameworks/Accelerate.framework/Versions/A/Frameworks/vecLib.framework/Versions/A/libLinearAlgebra.dylib
0x0000000000d84000 	/System/Library/Frameworks/ApplicationServices.framework/Versions/A/Frameworks/ATS.framework/Versions/A/Resources/libFontParser.dylib
0x0000000000d84000 	/System/Library/Frameworks/ApplicationServices.framework/Versions/A/Frameworks/ATS.framework/Versions/A/Resources/libFontRegistry.dylib
0x0000000000d84000 	/System/Library/PrivateFrameworks/AppleVPA.framework/Versions/A/AppleVPA
0x0000000000d84000 	/System/Library/PrivateFrameworks/AppleJPEG.framework/Versions/A/AppleJPEG
0x0000000000d84000 	/System/Library/Frameworks/ImageIO.framework/Versions/A/Resources/libJPEG.dylib
0x0000000000d84000 	/System/Library/Frameworks/ImageIO.framework/Versions/A/Resources/libTIFF.dylib
0x0000000000d84000 	/System/Library/Frameworks/ImageIO.framework/Versions/A/Resources/libPng.dylib
0x0000000000d84000 	/System/Library/Frameworks/ImageIO.framework/Versions/A/Resources/libGIF.dylib
0x0000000000d84000 	/System/Library/Frameworks/ImageIO.framework/Versions/A/Resources/libJP2.dylib
0x0000000000d84000 	/System/Library/Frameworks/ImageIO.framework/Versions/A/Resources/libRadiance.dylib
0x0000000000d84000 	/System/Library/Frameworks/CoreVideo.framework/Versions/A/CoreVideo
0x0000000000d84000 	/System/Library/Frameworks/OpenGL.framework/Versions/A/Libraries/libGLU.dylib
0x0000000000d84000 	/System/Library/Frameworks/OpenGL.framework/Versions/A/Libraries/libGFXShared.dylib
0x0000000000d84000 	/System/Library/Frameworks/OpenGL.framework/Versions/A/Libraries/libGL.dylib
0x0000000000d84000 	/System/Library/Frameworks/OpenGL.framework/Versions/A/Libraries/libGLImage.dylib
0x0000000000d84000 	/System/Library/Frameworks/OpenGL.framework/Versions/A/Libraries/libCVMSPluginSupport.dylib
0x0000000000d84000 	/System/Library/Frameworks/OpenGL.framework/Versions/A/Libraries/libCoreVMClient.dylib
0x0000000000d84000 	/usr/lib/libcups.2.dylib
0x0000000000d84000 	/System/Library/Frameworks/Kerberos.framework/Versions/A/Kerberos
0x0000000000d84000 	/System/Library/Frameworks/GSS.framework/Versions/A/GSS
0x0000000000d84000 	/usr/lib/libresolv.9.dylib
0x0000000000d84000 	/usr/lib/libiconv.2.dylib
0x0000000000d84000 	/System/Library/PrivateFrameworks/Heimdal.framework/Versions/A/Heimdal
0x0000000000d84000 	/usr/lib/libheimdal-asn1.dylib
0x0000000000d84000 	/System/Library/Frameworks/OpenDirectory.framework/Versions/A/OpenDirectory
0x0000000000d84000 	/System/Library/PrivateFrameworks/CommonAuth.framework/Versions/A/CommonAuth
0x0000000000d84000 	/System/Library/Frameworks/OpenDirectory.framework/Versions/A/Frameworks/CFOpenDirectory.framework/Versions/A/CFOpenDirectory
0x0000000000d84000 	/System/Library/Frameworks/SecurityFoundation.framework/Versions/A/SecurityFoundation
0x0000000000d84000 	/System/Library/PrivateFrameworks/LanguageModeling.framework/Versions/A/LanguageModeling
0x0000000000d84000 	/usr/lib/libcmph.dylib
0x0000000000d84000 	/System/Library/Frameworks/ServiceManagement.framework/Versions/A/ServiceManagement
0x0000000000d84000 	/usr/lib/libxslt.1.dylib
0x0000000000d84000 	/System/Library/Frameworks/Carbon.framework/Versions/A/Frameworks/Ink.framework/Versions/A/Ink
0x0000000000d84000 	/System/Library/Frameworks/QuartzCore.framework/Versions/A/Frameworks/CoreImage.framework/Versions/A/CoreImage
0x0000000000d84000 	/System/Library/PrivateFrameworks/CrashReporterSupport.framework/Versions/A/CrashReporterSupport
0x0000000000d84000 	/System/Library/Frameworks/OpenCL.framework/Versions/A/OpenCL
0x0000000000d84000 	/System/Library/PrivateFrameworks/FaceCore.framework/Versions/A/FaceCore
0x0000000000d84000 	/System/Library/PrivateFrameworks/Ubiquity.framework/Versions/A/Ubiquity
0x0000000000d84000 	/System/Library/PrivateFrameworks/IconServices.framework/Versions/A/IconServices
0x0000000000d84000 	/System/Library/PrivateFrameworks/ChunkingLibrary.framework/Versions/A/ChunkingLibrary
0x0000000000d84000 	/System/Library/PrivateFrameworks/Apple80211.framework/Versions/A/Apple80211
0x0000000000d84000 	/System/Library/Frameworks/CoreWLAN.framework/Versions/A/CoreWLAN
0x0000000000d84000 	/System/Library/Frameworks/IOBluetooth.framework/Versions/A/IOBluetooth
0x0000000000d84000 	/System/Library/PrivateFrameworks/CoreWiFi.framework/Versions/A/CoreWiFi
0x0000000000d84000 	/System/Library/Frameworks/CoreBluetooth.framework/Versions/A/CoreBluetooth
0x0000000000d84000 	/System/Library/PrivateFrameworks/DebugSymbols.framework/Versions/A/DebugSymbols
0x0000000000d84000 	/System/Library/PrivateFrameworks/CoreSymbolication.framework/Versions/A/CoreSymbolication
0x0000000000d84000 	/System/Library/PrivateFrameworks/Symbolication.framework/Versions/A/Symbolication
0x0000000000d84000 	/System/Library/PrivateFrameworks/SpeechRecognitionCore.framework/Versions/A/SpeechRecognitionCore
0x0000000106f7b000 	/Library/Java/JavaVirtualMachines/jdk1.8.0_121.jdk/Contents/Home/jre/lib/server/libjvm.dylib
0x0000000000d84000 	/usr/lib/libstdc++.6.dylib
0x0000000108020000 	/Library/Java/JavaVirtualMachines/jdk1.8.0_121.jdk/Contents/Home/jre/lib/libverify.dylib
0x000000010802e000 	/Library/Java/JavaVirtualMachines/jdk1.8.0_121.jdk/Contents/Home/jre/lib/libjava.dylib
0x0000000108064000 	/Library/Java/JavaVirtualMachines/jdk1.8.0_121.jdk/Contents/Home/jre/lib/libinstrument.dylib
0x00000001080d9000 	/Library/Java/JavaVirtualMachines/jdk1.8.0_121.jdk/Contents/Home/jre/lib/libzip.dylib
0x00000001081e5000 	/System/Library/Frameworks/JavaVM.framework/Frameworks/JavaRuntimeSupport.framework/JavaRuntimeSupport
0x000000011e94d000 	/System/Library/Frameworks/JavaVM.framework/Versions/A/Frameworks/JavaNativeFoundation.framework/Versions/A/JavaNativeFoundation
0x000000011e961000 	/System/Library/Frameworks/JavaVM.framework/Versions/A/JavaVM
0x0000000000d84000 	/System/Library/Frameworks/Carbon.framework/Versions/A/Carbon
0x000000011e96d000 	/System/Library/PrivateFrameworks/JavaLaunching.framework/Versions/A/JavaLaunching
0x0000000000d84000 	/System/Library/Frameworks/Carbon.framework/Versions/A/Frameworks/CommonPanels.framework/Versions/A/CommonPanels
0x0000000000d84000 	/System/Library/Frameworks/Carbon.framework/Versions/A/Frameworks/Help.framework/Versions/A/Help
0x0000000000d84000 	/System/Library/Frameworks/Carbon.framework/Versions/A/Frameworks/ImageCapture.framework/Versions/A/ImageCapture
0x0000000000d84000 	/System/Library/Frameworks/Carbon.framework/Versions/A/Frameworks/OpenScripting.framework/Versions/A/OpenScripting
0x0000000000d84000 	/System/Library/Frameworks/Carbon.framework/Versions/A/Frameworks/Print.framework/Versions/A/Print
0x0000000000d84000 	/System/Library/Frameworks/Carbon.framework/Versions/A/Frameworks/SecurityHI.framework/Versions/A/SecurityHI
0x0000000120611000 	/Library/Java/JavaVirtualMachines/jdk1.8.0_121.jdk/Contents/Home/jre/lib/libnet.dylib
0x0000000120a7c000 	/Library/Java/JavaVirtualMachines/jdk1.8.0_121.jdk/Contents/Home/jre/lib/libawt.dylib
0x0000000120b24000 	/Library/Java/JavaVirtualMachines/jdk1.8.0_121.jdk/Contents/Home/jre/lib/./libmlib_image.dylib
0x0000000120bf0000 	/Library/Java/JavaVirtualMachines/jdk1.8.0_121.jdk/Contents/Home/jre/lib/libawt_lwawt.dylib
0x0000000120ca7000 	/Library/Java/JavaVirtualMachines/jdk1.8.0_121.jdk/Contents/Home/jre/lib/./libosxapp.dylib
0x0000000000d84000 	/System/Library/Frameworks/ExceptionHandling.framework/Versions/A/ExceptionHandling
0x0000000000d84000 	/System/Library/PrivateFrameworks/CoreServicesInternal.framework/Versions/A/CoreServicesInternal
0x0000000000d84000 	/System/Library/PrivateFrameworks/CloudDocs.framework/Versions/A/CloudDocs
0x0000000000d84000 	/System/Library/PrivateFrameworks/CoreDuet.framework/Versions/A/CoreDuet
0x0000000000d84000 	/System/Library/Frameworks/CloudKit.framework/Versions/A/CloudKit
0x0000000000d84000 	/System/Library/PrivateFrameworks/ProtocolBuffer.framework/Versions/A/ProtocolBuffer
0x0000000000d84000 	/System/Library/PrivateFrameworks/CoreDuetDaemonProtocol.framework/Versions/A/CoreDuetDaemonProtocol
0x0000000000d84000 	/System/Library/PrivateFrameworks/CoreDuetDebugLogging.framework/Versions/A/CoreDuetDebugLogging
0x0000000000d84000 	/System/Library/PrivateFrameworks/MMCS.framework/Versions/A/MMCS
0x0000000000d84000 	/System/Library/Frameworks/CoreLocation.framework/Versions/A/CoreLocation
0x0000000000d84000 	/System/Library/PrivateFrameworks/ProtectedCloudStorage.framework/Versions/A/ProtectedCloudStorage
0x0000000000d84000 	/System/Library/PrivateFrameworks/GeoServices.framework/Versions/A/GeoServices
0x0000000000d84000 	/System/Library/Frameworks/CoreGraphics.framework/Versions/A/Resources/libCGCMS.A.dylib
0x0000000000d84000 	/System/Library/Frameworks/CoreGraphics.framework/Versions/A/Resources/libRIP.A.dylib
0x0000000000d84000 	/System/Library/Frameworks/CoreGraphics.framework/Versions/A/Resources/libCGXType.A.dylib
0x0000000000d84000 	/System/Library/Frameworks/OpenCL.framework/Versions/A/Libraries/libcldcpuengine.dylib
0x0000000000d84000 	/System/Library/PrivateFrameworks/DiskImages.framework/Versions/A/DiskImages
0x0000000000d84000 	/System/Library/Frameworks/DiscRecording.framework/Versions/A/DiscRecording
0x0000000000d84000 	/usr/lib/libcsfde.dylib
0x0000000000d84000 	/usr/lib/libcurl.4.dylib
0x0000000000d84000 	/System/Library/PrivateFrameworks/MediaKit.framework/Versions/A/MediaKit
0x0000000000d84000 	/usr/lib/libCoreStorage.dylib
0x0000000000d84000 	/System/Library/PrivateFrameworks/EFILogin.framework/Versions/A/EFILogin
0x0000000000d84000 	/usr/lib/libutil.dylib
0x0000000000d84000 	/System/Library/PrivateFrameworks/FindMyDevice.framework/Versions/A/FindMyDevice
0x0000000000d84000 	/System/Library/Frameworks/LDAP.framework/Versions/A/LDAP
0x0000000000d84000 	/usr/lib/libsasl2.2.dylib
0x0000000000d84000 	/System/Library/PrivateFrameworks/CoreDaemon.framework/Versions/B/CoreDaemon
0x0000000000d84000 	/usr/lib/libcrypto.0.9.8.dylib
0x0000000000d84000 	/System/Library/PrivateFrameworks/AppleSRP.framework/Versions/A/AppleSRP
0x0000000000d84000 	/System/Library/PrivateFrameworks/TrustEvaluationAgent.framework/Versions/A/TrustEvaluationAgent
0x0000000124043000 	cl_kernels
0x0000000124045000 	/System/Library/Frameworks/OpenCL.framework/Versions/A/Libraries/ImageFormats/unorm8_bgra.dylib
0x0000000124035000 	cl_kernels
0x0000000000d84000 	/System/Library/PrivateFrameworks/FamilyControls.framework/Versions/A/FamilyControls
0x0000000000d84000 	/System/Library/PrivateFrameworks/CommerceKit.framework/Versions/A/Frameworks/CommerceCore.framework/Versions/A/CommerceCore
0x0000000000d84000 	/System/Library/PrivateFrameworks/SystemAdministration.framework/Versions/A/SystemAdministration
0x0000000000d84000 	/System/Library/PrivateFrameworks/AppContainer.framework/Versions/A/AppContainer
0x0000000000d84000 	/System/Library/PrivateFrameworks/SecCodeWrapper.framework/Versions/A/SecCodeWrapper
0x0000000000d84000 	/System/Library/Frameworks/DirectoryService.framework/Versions/A/DirectoryService
0x0000000000d84000 	/System/Library/PrivateFrameworks/LoginUIKit.framework/Versions/A/Frameworks/LoginUICore.framework/Versions/A/LoginUICore
0x0000000000d84000 	/usr/lib/libodfde.dylib
0x00000001252e4000 	/Library/Java/JavaVirtualMachines/jdk1.8.0_121.jdk/Contents/Home/jre/lib/libfontmanager.dylib
0x000000012534b000 	/Users/wifinaynay/Desktop/3J.Nightmare-Dungeon-final/lib/natives/macosx/liblwjgl.dylib
0x00000001234b5000 	/Library/Java/JavaVirtualMachines/jdk1.8.0_121.jdk/Contents/Home/jre/lib/libjawt.dylib
0x00000001254d0000 	/Users/wifinaynay/Desktop/3J.Nightmare-Dungeon-final/lib/natives/macosx/openal.dylib
0x000000012553f000 	/System/Library/Components/CoreAudio.component/Contents/MacOS/CoreAudio
0x00000001234cd000 	/System/Library/Extensions/AppleHDA.kext/Contents/PlugIns/AppleHDAHALPlugIn.bundle/Contents/MacOS/AppleHDAHALPlugIn
0x0000000000d84000 	/System/Library/Frameworks/OpenGL.framework/Versions/A/Resources/GLEngine.bundle/GLEngine
0x0000000000d84000 	/System/Library/Frameworks/OpenGL.framework/Versions/A/Libraries/libGLProgrammability.dylib
0x000000012aed2000 	/System/Library/Extensions/AppleIntelBDWGraphicsGLDriver.bundle/Contents/MacOS/AppleIntelBDWGraphicsGLDriver
0x0000000000d84000 	/System/Library/PrivateFrameworks/IOAccelerator.framework/Versions/A/IOAccelerator
0x0000000000d84000 	/System/Library/PrivateFrameworks/GPUSupport.framework/Versions/A/Libraries/libGPUSupportMercury.dylib
0x0000000000d84000 	/System/Library/Frameworks/OpenGL.framework/Versions/A/Resources/GLRendererFloat.bundle/GLRendererFloat

VM Arguments:
jvm_args: -Djava.library.path=/Users/wifinaynay/Desktop/3J.Nightmare-Dungeon-final/lib/natives/macosx -javaagent:/Applications/IntelliJ IDEA.app/Contents/lib/idea_rt.jar=62461:/Applications/IntelliJ IDEA.app/Contents/bin -Dfile.encoding=UTF-8 
java_command: Game
java_class_path (initial): /Library/Java/JavaVirtualMachines/jdk1.8.0_121.jdk/Contents/Home/jre/lib/charsets.jar:/Library/Java/JavaVirtualMachines/jdk1.8.0_121.jdk/Contents/Home/jre/lib/deploy.jar:/Library/Java/JavaVirtualMachines/jdk1.8.0_121.jdk/Contents/Home/jre/lib/ext/cldrdata.jar:/Library/Java/JavaVirtualMachines/jdk1.8.0_121.jdk/Contents/Home/jre/lib/ext/dnsns.jar:/Library/Java/JavaVirtualMachines/jdk1.8.0_121.jdk/Contents/Home/jre/lib/ext/jaccess.jar:/Library/Java/JavaVirtualMachines/jdk1.8.0_121.jdk/Contents/Home/jre/lib/ext/jfxrt.jar:/Library/Java/JavaVirtualMachines/jdk1.8.0_121.jdk/Contents/Home/jre/lib/ext/localedata.jar:/Library/Java/JavaVirtualMachines/jdk1.8.0_121.jdk/Contents/Home/jre/lib/ext/nashorn.jar:/Library/Java/JavaVirtualMachines/jdk1.8.0_121.jdk/Contents/Home/jre/lib/ext/sunec.jar:/Library/Java/JavaVirtualMachines/jdk1.8.0_121.jdk/Contents/Home/jre/lib/ext/sunjce_provider.jar:/Library/Java/JavaVirtualMachines/jdk1.8.0_121.jdk/Contents/Home/jre/lib/ext/sunpkcs11.jar:/Library/Java/JavaVirtualMachines/jdk1.8.0_121.jdk/Contents/Home/jre/lib/ext/zipfs.jar:/Library/Java/JavaVirtualMachines/jdk1.8.0_121.jdk/Contents/Home/jre/lib/javaws.jar:/Library/Java/JavaVirtualMachines/jdk1.8.0_121.jdk/Contents/Home/jre/lib/jce.jar:/Library/Java/JavaVirtualMachines/jdk1.8.0_121.jdk/Contents/Home/jre/lib/jfr.jar:/Library/Java/JavaVirtualMachines/jdk1.8.0_121.jdk/Contents/Home/jre/lib/jfxswt.jar:/Library/Java/JavaVirtualMachines/jdk1.8.0_121.jdk/Contents/Home/jre/lib/jsse.jar:/Library/Java/JavaVirtualMachines/jdk1.8.0_121.jdk/Contents/Home/jre/lib/management-agent.jar:/Library/Java/JavaVirtualMachines/jdk1.8.0_121.jdk/Contents/Home/jre/lib/plugin.jar:/Library/Java/JavaVirtualMachines/jdk1.8.0_121.jdk/Contents/Home/jre/lib/resources.jar:/Library/Java/JavaVirtualMachines/jdk1.8.0_121.jdk/Contents/Home/jre/lib/rt.jar:/Library/Java/JavaVirtualMachines/jdk1.8.0_121.jdk/Contents/Home/lib/ant-javafx.jar:/Library/Java/JavaVirtualMachines/jdk1.8.0_121.jdk/Contents/Home
Launcher Type: SUN_STANDARD

Environment Variables:
PATH=/Library/Frameworks/Python.framework/Versions/3.6/bin:/usr/local/bin:/usr/bin:/bin:/usr/sbin:/sbin:/usr/local/MacGPG2/bin
SHELL=/bin/bash

Signal Handlers:
SIGSEGV: [libjvm.dylib+0x5b1141], sa_mask[0]=11111111011111110111111111111111, sa_flags=SA_ONSTACK|SA_RESTART|SA_SIGINFO
SIGBUS: [libjvm.dylib+0x5b1141], sa_mask[0]=11111111011111110111111111111111, sa_flags=SA_RESTART|SA_SIGINFO
SIGFPE: [libjvm.dylib+0x487bc4], sa_mask[0]=11111111011111110111111111111111, sa_flags=SA_RESTART|SA_SIGINFO
SIGPIPE: [libjvm.dylib+0x487bc4], sa_mask[0]=11111111011111110111111111111111, sa_flags=SA_RESTART|SA_SIGINFO
SIGXFSZ: [libjvm.dylib+0x487bc4], sa_mask[0]=11111111011111110111111111111111, sa_flags=SA_RESTART|SA_SIGINFO
SIGILL: [libjvm.dylib+0x487bc4], sa_mask[0]=11111111011111110111111111111111, sa_flags=SA_RESTART|SA_SIGINFO
SIGUSR1: SIG_DFL, sa_mask[0]=00000000000000000000000000000000, sa_flags=none
SIGUSR2: [libjvm.dylib+0x4876e2], sa_mask[0]=00100000000000000000000000000000, sa_flags=SA_RESTART|SA_SIGINFO
SIGHUP: [libjvm.dylib+0x485cb9], sa_mask[0]=11111111011111110111111111111111, sa_flags=SA_RESTART|SA_SIGINFO
SIGINT: [libjvm.dylib+0x485cb9], sa_mask[0]=11111111011111110111111111111111, sa_flags=SA_RESTART|SA_SIGINFO
SIGTERM: [libjvm.dylib+0x485cb9], sa_mask[0]=11111111011111110111111111111111, sa_flags=SA_RESTART|SA_SIGINFO
SIGQUIT: [libjvm.dylib+0x485cb9], sa_mask[0]=11111111011111110111111111111111, sa_flags=SA_RESTART|SA_SIGINFO


---------------  S Y S T E M  ---------------

OS:Bsduname:Darwin 14.5.0 Darwin Kernel Version 14.5.0: Tue Apr 11 16:12:42 PDT 2017; root:xnu-2782.50.9.2.3~1/RELEASE_X86_64 x86_64
rlimit: STACK 8192k, CORE 0k, NPROC 709, NOFILE 10240, AS infinity
load average:4.55 3.83 3.20

CPU:total 4 (2 cores per cpu, 2 threads per core) family 6 model 61 stepping 4, cmov, cx8, fxsr, mmx, sse, sse2, sse3, ssse3, sse4.1, sse4.2, popcnt, avx, avx2, aes, clmul, erms, 3dnowpref, lzcnt, ht, tsc, tscinvbit, bmi1, bmi2, adx

Memory: 4k page, physical 8388608k(265048k free)

/proc/meminfo:


vm_info: Java HotSpot(TM) 64-Bit Server VM (25.121-b13) for bsd-amd64 JRE (1.8.0_121-b13), built on Dec 12 2016 20:39:32 by "java_re" with gcc 4.2.1 (Based on Apple Inc. build 5658) (LLVM build 2336.11.00)

time: Fri Dec 15 00:06:38 2017
elapsed time: 33 seconds (0d 0h 0m 33s)

