#
# A fatal error has been detected by the Java Runtime Environment:
#
#  SIGSEGV (0xb) at pc=0x00007fff9092c8f2, pid=3922, tid=0x0000000000000713
#
# JRE version: Java(TM) SE Runtime Environment (8.0_121-b13) (build 1.8.0_121-b13)
# Java VM: Java HotSpot(TM) 64-Bit Server VM (25.121-b13 mixed mode bsd-amd64 compressed oops)
# Problematic frame:
# C  [libGPUSupportMercury.dylib+0xb8f2]  gldAttachDrawable+0x60
#
# Failed to write core dump. Core dumps have been disabled. To enable core dumping, try "ulimit -c unlimited" before starting Java again
#
# If you would like to submit a bug report, please visit:
#   http://bugreport.java.com/bugreport/crash.jsp
# The crash happened outside the Java Virtual Machine in native code.
# See problematic frame for where to report the bug.
#

---------------  T H R E A D  ---------------

Current thread (0x00007ff02106e800):  JavaThread "AppKit Thread" daemon [_thread_in_native, id=1811, stack(0x00007fff585a9000,0x00007fff58da9000)]

siginfo: si_signo: 11 (SIGSEGV), si_code: 0 (unknown), si_addr: 0x0000000000000000

Registers:
RAX=0x8000000000000000, RBX=0x000000000000271e, RCX=0x0000000000000000, RDX=0x00007ff02047fbb8
RSP=0x00007fff58da1c70, RBP=0x00007fff58da1d70, RSI=0x0000000000000050, RDI=0x00007fff75bd8070
R8 =0x00007ff023809e60, R9 =0x00007ff023000000, R10=0x000000000000003c, R11=0x0000000000000206
R12=0x0000000000002718, R13=0x00007ff02197fe00, R14=0x0000000000000050, R15=0x0000000000000000
RIP=0x00007fff9092c8f2, EFLAGS=0x0000000000010212, ERR=0x0000000000000000
  TRAPNO=0x000000000000000d

Top of Stack: (sp=0x00007fff58da1c70)
0x00007fff58da1c70:   00007fff58da1ce4 00007ff020728a90
0x00007fff58da1c80:   ffffffffffffffff 0000206000000040
0x00007fff58da1c90:   00007ff020728aa8 00007fff8cdbd64f
0x00007fff58da1ca0:   0000000000000000 8000000000000000
0x00007fff58da1cb0:   0000000300000003 00007fff58da1df8
0x00007fff58da1cc0:   00007fff58da1d84 0000000000038ba7
0x00007fff58da1cd0:   00007fff58da1d7c 00007fff58da1d80
0x00007fff58da1ce0:   00007fff58da1d60 00007fff8f3be1e9
0x00007fff58da1cf0:   0000000000000000 00000000000018ec
0x00007fff58da1d00:   0000003400001200 0000040b00000000
0x00007fff58da1d10:   00007fff58da1d40 00007fff8f3578a6
0x00007fff58da1d20:   00007fff58da1db8 00000000000018ec
0x00007fff58da1d30:   00007fff58da1d70 000000002d2d7d9a
0x00007fff58da1d40:   170024979025c872 00007ff023800000
0x00007fff58da1d50:   0000000000002718 0000000000000000
0x00007fff58da1d60:   0000000000000050 0000000000000000
0x00007fff58da1d70:   00007fff58da1dc0 00007fff8aaa47fc
0x00007fff58da1d80:   00007ff023809e60 0000000000000000
0x00007fff58da1d90:   00007ff02047fbb8 00007ff02055bf60
0x00007fff58da1da0:   0000000000000000 00007ff02197dd50
0x00007fff58da1db0:   00007ff02197be00 00007fff75bd8070
0x00007fff58da1dc0:   00007fff58da1eb0 00007fff92a91870
0x00007fff58da1dd0:   408c200000000000 406b800000000000
0x00007fff58da1de0:   4037000000000000 408f400000000000
0x00007fff58da1df0:   408b400000000000 0000000000000000
0x00007fff58da1e00:   4036000000000000 408f400000000000
0x00007fff58da1e10:   408a900000000000 0000000000000000
0x00007fff58da1e20:   0000000000000000 0000000000000001
0x00007fff58da1e30:   00007ff02047fbb8 0000000000000001
0x00007fff58da1e40:   00007fff58da1eb0 00007fff92a9666b
0x00007fff58da1e50:   0000000100000000 00007ff02197dd50
0x00007fff58da1e60:   00007ff02197dc88 000000028fb9ffff 

Instructions: (pc=0x00007fff9092c8f2)
0x00007fff9092c8d2:   48 85 d2 b8 01 00 00 00 bb 15 27 00 00 0f 44 d8
0x00007fff9092c8e2:   e9 7f 01 00 00 49 8b 45 08 48 89 85 38 ff ff ff
0x00007fff9092c8f2:   48 8b 00 48 89 85 30 ff ff ff 83 fe 4f 0f 8f fd
0x00007fff9092c902:   00 00 00 48 89 d0 bb 15 27 00 00 83 fe 35 0f 84 

Register to memory mapping:

RAX=0x8000000000000000 is an unknown value
RBX=0x000000000000271e is an unknown value
RCX=0x0000000000000000 is an unknown value
RDX=0x00007ff02047fbb8 is an unknown value
RSP=0x00007fff58da1c70 is pointing into the stack for thread: 0x00007ff02106e800
RBP=0x00007fff58da1d70 is pointing into the stack for thread: 0x00007ff02106e800
RSI=0x0000000000000050 is an unknown value
RDI=0x00007fff75bd8070: __stack_chk_guard+0 in /usr/lib/system/libsystem_c.dylib at 0x00007fff91201000
R8 =0x00007ff023809e60 is an unknown value
R9 =0x00007ff023000000 is an unknown value
R10=0x000000000000003c is an unknown value
R11=0x0000000000000206 is an unknown value
R12=0x0000000000002718 is an unknown value
R13=0x00007ff02197fe00 is an unknown value
R14=0x0000000000000050 is an unknown value
R15=0x0000000000000000 is an unknown value


Stack: [0x00007fff585a9000,0x00007fff58da9000],  sp=0x00007fff58da1c70,  free space=8163k
Native frames: (J=compiled Java code, j=interpreted, Vv=VM code, C=native code)
C  [libGPUSupportMercury.dylib+0xb8f2]  gldAttachDrawable+0x60
C  [GLEngine+0x167fc]  gliAttachDrawableWithOptions+0x101
C  [OpenGL+0x3870]  glcGetIOAccelService+0xe03
C  [OpenGL+0x7412]  CGLSetPBuffer+0xb90
C  [OpenGL+0x7735]  CGLSetSurface+0x124
C  [AppKit+0x332c34]  NSOpenGLContextAttachOnScreenViewSurface+0x109
C  [AppKit+0x31db7c]  -[NSOpenGLContext setView:]+0x83
C  [liblwjgl.dylib+0xa586]  -[MacOSXOpenGLView lockFocus]+0x76
C  [AppKit+0xe1f45]  -[NSView _recursiveDisplayRectIfNeededIgnoringOpacity:isVisibleRect:rectIsVisibleRectForView:topView:]+0x740
C  [AppKit+0xe2fa0]  -[NSView _recursiveDisplayRectIfNeededIgnoringOpacity:isVisibleRect:rectIsVisibleRectForView:topView:]+0x179b
C  [AppKit+0xe12f3]  -[NSThemeFrame _recursiveDisplayRectIfNeededIgnoringOpacity:isVisibleRect:rectIsVisibleRectForView:topView:]+0x14d
C  [AppKit+0xdd68b]  -[NSView _displayRectIgnoringOpacity:isVisibleRect:rectIsVisibleRectForView:]+0xac9
C  [AppKit+0x951ae]  -[NSView displayIfNeeded]+0x754
C  [AppKit+0x94a09]  -[NSWindow displayIfNeeded]+0xec
C  [AppKit+0x94672]  _handleWindowNeedsDisplayOrLayoutOrUpdateConstraints+0x3a8
C  [Foundation+0x4ba73]  __NSFireTimer+0x5f
C  [CoreFoundation+0xb7204]  __CFRUNLOOP_IS_CALLING_OUT_TO_A_TIMER_CALLBACK_FUNCTION__+0x14
C  [CoreFoundation+0xb6e93]  __CFRunLoopDoTimer+0x423
C  [CoreFoundation+0x12a53d]  __CFRunLoopDoTimers+0x12d
C  [CoreFoundation+0x72428]  __CFRunLoopRun+0x7e8
C  [CoreFoundation+0x719f8]  CFRunLoopRunSpecific+0x128
C  [HIToolbox+0x3256f]  RunCurrentEventLoopInMode+0xeb
C  [HIToolbox+0x322ea]  ReceiveNextEventCommon+0x1af
C  [HIToolbox+0x3212b]  _BlockUntilNextEventMatchingListInModeWithFilter+0x47
C  [AppKit+0x918ab]  _DPSNextEvent+0x3d2
C  [AppKit+0x90e58]  -[NSApplication nextEventMatchingMask:untilDate:inMode:dequeue:]+0x15a
C  [libosxapp.dylib+0x23aa]  -[NSApplicationAWT nextEventMatchingMask:untilDate:inMode:dequeue:]+0x7c
C  [AppKit+0x86af3]  -[NSApplication run]+0x252
C  [libosxapp.dylib+0x214d]  +[NSApplicationAWT runAWTLoopWithApp:]+0x9c
C  [libawt_lwawt.dylib+0x45ff7]  -[AWTStarter starter:]+0x389
C  [Foundation+0x92e20]  __NSThreadPerformPerform+0x125
C  [CoreFoundation+0x80821]  __CFRUNLOOP_IS_CALLING_OUT_TO_A_SOURCE0_PERFORM_FUNCTION__+0x11
C  [CoreFoundation+0x729ad]  __CFRunLoopDoSources0+0x10d
C  [CoreFoundation+0x71fdf]  __CFRunLoopRun+0x39f
C  [CoreFoundation+0x719f8]  CFRunLoopRunSpecific+0x128
C  [java+0x6465]  CreateExecutionEnvironment+0x367
C  [java+0x218c]  JLI_Launch+0x7a0
C  [java+0x84c2]  main+0x65
C  [java+0x19e4]  start+0x34
C  0x0000000000000007


---------------  P R O C E S S  ---------------

Java Threads: ( => current thread )
  0x00007ff02130c800 JavaThread "AWT-Shutdown" [_thread_blocked, id=28707, stack(0x0000000122567000,0x0000000122667000)]
=>0x00007ff02106e800 JavaThread "AppKit Thread" daemon [_thread_in_native, id=1811, stack(0x00007fff585a9000,0x00007fff58da9000)]
  0x00007ff021847800 JavaThread "Service Thread" daemon [_thread_blocked, id=18435, stack(0x0000000120864000,0x0000000120964000)]
  0x00007ff020869800 JavaThread "C1 CompilerThread2" daemon [_thread_blocked, id=17923, stack(0x0000000120702000,0x0000000120802000)]
  0x00007ff022068800 JavaThread "C2 CompilerThread1" daemon [_thread_blocked, id=17411, stack(0x00000001205ff000,0x00000001206ff000)]
  0x00007ff020868800 JavaThread "C2 CompilerThread0" daemon [_thread_blocked, id=16899, stack(0x00000001204fc000,0x00000001205fc000)]
  0x00007ff020861800 JavaThread "Monitor Ctrl-Break" daemon [_thread_in_native, id=16387, stack(0x00000001203f9000,0x00000001204f9000)]
  0x00007ff022038000 JavaThread "Signal Dispatcher" daemon [_thread_blocked, id=12563, stack(0x00000001201ac000,0x00000001202ac000)]
  0x00007ff021029800 JavaThread "Finalizer" daemon [_thread_blocked, id=11523, stack(0x000000011e829000,0x000000011e929000)]
  0x00007ff020812800 JavaThread "Reference Handler" daemon [_thread_blocked, id=11011, stack(0x000000011e726000,0x000000011e826000)]
  0x00007ff020807800 JavaThread "main" [_thread_in_native, id=4867, stack(0x0000000108801000,0x0000000108901000)]

Other Threads:
  0x00007ff021027000 VMThread [stack: 0x000000011e623000,0x000000011e723000] [id=10499]
  0x00007ff0208bd000 WatcherThread [stack: 0x0000000120967000,0x0000000120a67000] [id=18947]

VM state:not at safepoint (normal execution)

VM Mutex/Monitor currently owned by a thread: None

Heap:
 PSYoungGen      total 31232K, used 17633K [0x0000000795580000, 0x0000000798180000, 0x00000007c0000000)
  eden space 30720K, 55% used [0x0000000795580000,0x0000000796648478,0x0000000797380000)
  from space 512K, 87% used [0x0000000797400000,0x0000000797470000,0x0000000797480000)
  to   space 7168K, 0% used [0x0000000797a80000,0x0000000797a80000,0x0000000798180000)
 ParOldGen       total 87552K, used 4680K [0x0000000740000000, 0x0000000745580000, 0x0000000795580000)
  object space 87552K, 5% used [0x0000000740000000,0x0000000740492270,0x0000000745580000)
 Metaspace       used 7992K, capacity 8103K, committed 8320K, reserved 1056768K
  class space    used 806K, capacity 858K, committed 896K, reserved 1048576K

Card table byte_map: [0x0000000117cc3000,0x00000001180c4000] byte_map_base: 0x00000001142c3000

Marking Bits: (ParMarkBitMap*) 0x0000000107846d30
 Begin Bits: [0x000000011877b000, 0x000000011a77b000)
 End Bits:   [0x000000011a77b000, 0x000000011c77b000)

Polling page: 0x0000000107f52000

CodeCache: size=245760Kb used=3876Kb max_used=3879Kb free=241883Kb
 bounds [0x0000000108903000, 0x0000000108cd3000, 0x0000000117903000]
 total_blobs=1367 nmethods=961 adapters=320
 compilation: enabled

Compilation events (10 events):
Event: 18.576 Thread 0x00007ff020869800  956       1       java.nio.HeapByteBuffer::_get (7 bytes)
Event: 18.576 Thread 0x00007ff020869800 nmethod 956 0x0000000108caeb90 code [0x0000000108caece0, 0x0000000108caee10]
Event: 18.589 Thread 0x00007ff020869800  957       3       java.nio.Buffer::nextPutIndex (38 bytes)
Event: 18.589 Thread 0x00007ff020869800 nmethod 957 0x0000000108ccc690 code [0x0000000108ccc800, 0x0000000108ccca28]
Event: 18.613 Thread 0x00007ff020869800  958       3       java.nio.Buffer::nextGetIndex (38 bytes)
Event: 18.614 Thread 0x00007ff020869800 nmethod 958 0x0000000108ccc210 code [0x0000000108ccc380, 0x0000000108ccc5a8]
Event: 18.890 Thread 0x00007ff020869800  960       3       sun.awt.AWTAutoShutdown::getInstance (4 bytes)
Event: 18.891 Thread 0x00007ff020869800 nmethod 960 0x0000000108cc4ad0 code [0x0000000108cc4c20, 0x0000000108cc4d50]
Event: 18.891 Thread 0x00007ff020869800  961   !   3       sun.awt.AWTAutoShutdown::setToolkitBusy (124 bytes)
Event: 18.892 Thread 0x00007ff020869800 nmethod 961 0x0000000108ccff10 code [0x0000000108cd00e0, 0x0000000108cd0988]

GC Heap History (10 events):
Event: 10.790 GC heap before
{Heap before GC invocations=5 (full 0):
 PSYoungGen      total 38400K, used 37952K [0x0000000795580000, 0x0000000798000000, 0x00000007c0000000)
  eden space 33280K, 100% used [0x0000000795580000,0x0000000797600000,0x0000000797600000)
  from space 5120K, 91% used [0x0000000797b00000,0x0000000797f90000,0x0000000798000000)
  to   space 5120K, 0% used [0x0000000797600000,0x0000000797600000,0x0000000797b00000)
 ParOldGen       total 87552K, used 355K [0x0000000740000000, 0x0000000745580000, 0x0000000795580000)
  object space 87552K, 0% used [0x0000000740000000,0x0000000740058f48,0x0000000745580000)
 Metaspace       used 7982K, capacity 8103K, committed 8320K, reserved 1056768K
  class space    used 806K, capacity 858K, committed 896K, reserved 1048576K
Event: 10.797 GC heap after
Heap after GC invocations=5 (full 0):
 PSYoungGen      total 37888K, used 4672K [0x0000000795580000, 0x0000000798080000, 0x00000007c0000000)
  eden space 32768K, 0% used [0x0000000795580000,0x0000000795580000,0x0000000797580000)
  from space 5120K, 91% used [0x0000000797600000,0x0000000797a90000,0x0000000797b00000)
  to   space 5632K, 0% used [0x0000000797b00000,0x0000000797b00000,0x0000000798080000)
 ParOldGen       total 87552K, used 363K [0x0000000740000000, 0x0000000745580000, 0x0000000795580000)
  object space 87552K, 0% used [0x0000000740000000,0x000000074005af48,0x0000000745580000)
 Metaspace       used 7982K, capacity 8103K, committed 8320K, reserved 1056768K
  class space    used 806K, capacity 858K, committed 896K, reserved 1048576K
}
Event: 12.662 GC heap before
{Heap before GC invocations=6 (full 0):
 PSYoungGen      total 37888K, used 37440K [0x0000000795580000, 0x0000000798080000, 0x00000007c0000000)
  eden space 32768K, 100% used [0x0000000795580000,0x0000000797580000,0x0000000797580000)
  from space 5120K, 91% used [0x0000000797600000,0x0000000797a90000,0x0000000797b00000)
  to   space 5632K, 0% used [0x0000000797b00000,0x0000000797b00000,0x0000000798080000)
 ParOldGen       total 87552K, used 363K [0x0000000740000000, 0x0000000745580000, 0x0000000795580000)
  object space 87552K, 0% used [0x0000000740000000,0x000000074005af48,0x0000000745580000)
 Metaspace       used 7982K, capacity 8103K, committed 8320K, reserved 1056768K
  class space    used 806K, capacity 858K, committed 896K, reserved 1048576K
Event: 12.668 GC heap after
Heap after GC invocations=6 (full 0):
 PSYoungGen      total 37376K, used 4688K [0x0000000795580000, 0x0000000798000000, 0x00000007c0000000)
  eden space 32256K, 0% used [0x0000000795580000,0x0000000795580000,0x0000000797500000)
  from space 5120K, 91% used [0x0000000797b00000,0x0000000797f94010,0x0000000798000000)
  to   space 5632K, 0% used [0x0000000797500000,0x0000000797500000,0x0000000797a80000)
 ParOldGen       total 87552K, used 371K [0x0000000740000000, 0x0000000745580000, 0x0000000795580000)
  object space 87552K, 0% used [0x0000000740000000,0x000000074005cf48,0x0000000745580000)
 Metaspace       used 7982K, capacity 8103K, committed 8320K, reserved 1056768K
  class space    used 806K, capacity 858K, committed 896K, reserved 1048576K
}
Event: 14.535 GC heap before
{Heap before GC invocations=7 (full 0):
 PSYoungGen      total 37376K, used 36944K [0x0000000795580000, 0x0000000798000000, 0x00000007c0000000)
  eden space 32256K, 100% used [0x0000000795580000,0x0000000797500000,0x0000000797500000)
  from space 5120K, 91% used [0x0000000797b00000,0x0000000797f94010,0x0000000798000000)
  to   space 5632K, 0% used [0x0000000797500000,0x0000000797500000,0x0000000797a80000)
 ParOldGen       total 87552K, used 371K [0x0000000740000000, 0x0000000745580000, 0x0000000795580000)
  object space 87552K, 0% used [0x0000000740000000,0x000000074005cf48,0x0000000745580000)
 Metaspace       used 7982K, capacity 8103K, committed 8320K, reserved 1056768K
  class space    used 806K, capacity 858K, committed 896K, reserved 1048576K
Event: 14.542 GC heap after
Heap after GC invocations=7 (full 0):
 PSYoungGen      total 37376K, used 448K [0x0000000795580000, 0x0000000798180000, 0x00000007c0000000)
  eden space 31744K, 0% used [0x0000000795580000,0x0000000795580000,0x0000000797480000)
  from space 5632K, 7% used [0x0000000797500000,0x0000000797570000,0x0000000797a80000)
  to   space 6656K, 0% used [0x0000000797b00000,0x0000000797b00000,0x0000000798180000)
 ParOldGen       total 87552K, used 4624K [0x0000000740000000, 0x0000000745580000, 0x0000000795580000)
  object space 87552K, 5% used [0x0000000740000000,0x0000000740484270,0x0000000745580000)
 Metaspace       used 7982K, capacity 8103K, committed 8320K, reserved 1056768K
  class space    used 806K, capacity 858K, committed 896K, reserved 1048576K
}
Event: 16.390 GC heap before
{Heap before GC invocations=8 (full 0):
 PSYoungGen      total 37376K, used 32192K [0x0000000795580000, 0x0000000798180000, 0x00000007c0000000)
  eden space 31744K, 100% used [0x0000000795580000,0x0000000797480000,0x0000000797480000)
  from space 5632K, 7% used [0x0000000797500000,0x0000000797570000,0x0000000797a80000)
  to   space 6656K, 0% used [0x0000000797b00000,0x0000000797b00000,0x0000000798180000)
 ParOldGen       total 87552K, used 4624K [0x0000000740000000, 0x0000000745580000, 0x0000000795580000)
  object space 87552K, 5% used [0x0000000740000000,0x0000000740484270,0x0000000745580000)
 Metaspace       used 7982K, capacity 8103K, committed 8320K, reserved 1056768K
  class space    used 806K, capacity 858K, committed 896K, reserved 1048576K
Event: 16.393 GC heap after
Heap after GC invocations=8 (full 0):
 PSYoungGen      total 37888K, used 448K [0x0000000795580000, 0x0000000798200000, 0x00000007c0000000)
  eden space 31232K, 0% used [0x0000000795580000,0x0000000795580000,0x0000000797400000)
  from space 6656K, 6% used [0x0000000797b00000,0x0000000797b70000,0x0000000798180000)
  to   space 7168K, 0% used [0x0000000797400000,0x0000000797400000,0x0000000797b00000)
 ParOldGen       total 87552K, used 4648K [0x0000000740000000, 0x0000000745580000, 0x0000000795580000)
  object space 87552K, 5% used [0x0000000740000000,0x000000074048a270,0x0000000745580000)
 Metaspace       used 7982K, capacity 8103K, committed 8320K, reserved 1056768K
  class space    used 806K, capacity 858K, committed 896K, reserved 1048576K
}
Event: 18.189 GC heap before
{Heap before GC invocations=9 (full 0):
 PSYoungGen      total 37888K, used 31680K [0x0000000795580000, 0x0000000798200000, 0x00000007c0000000)
  eden space 31232K, 100% used [0x0000000795580000,0x0000000797400000,0x0000000797400000)
  from space 6656K, 6% used [0x0000000797b00000,0x0000000797b70000,0x0000000798180000)
  to   space 7168K, 0% used [0x0000000797400000,0x0000000797400000,0x0000000797b00000)
 ParOldGen       total 87552K, used 4648K [0x0000000740000000, 0x0000000745580000, 0x0000000795580000)
  object space 87552K, 5% used [0x0000000740000000,0x000000074048a270,0x0000000745580000)
 Metaspace       used 7984K, capacity 8103K, committed 8320K, reserved 1056768K
  class space    used 806K, capacity 858K, committed 896K, reserved 1048576K
Event: 18.192 GC heap after
Heap after GC invocations=9 (full 0):
 PSYoungGen      total 31232K, used 448K [0x0000000795580000, 0x0000000798180000, 0x00000007c0000000)
  eden space 30720K, 0% used [0x0000000795580000,0x0000000795580000,0x0000000797380000)
  from space 512K, 87% used [0x0000000797400000,0x0000000797470000,0x0000000797480000)
  to   space 7168K, 0% used [0x0000000797a80000,0x0000000797a80000,0x0000000798180000)
 ParOldGen       total 87552K, used 4680K [0x0000000740000000, 0x0000000745580000, 0x0000000795580000)
  object space 87552K, 5% used [0x0000000740000000,0x0000000740492270,0x0000000745580000)
 Metaspace       used 7984K, capacity 8103K, committed 8320K, reserved 1056768K
  class space    used 806K, capacity 858K, committed 896K, reserved 1048576K
}

Deoptimization events (2 events):
Event: 0.836 Thread 0x00007ff020807800 Uncommon trap: reason=unstable_if action=reinterpret pc=0x0000000108aabe9c method=java.lang.String.replace(CC)Ljava/lang/String; @ 26
Event: 11.210 Thread 0x00007ff020807800 Uncommon trap: reason=unstable_if action=reinterpret pc=0x0000000108cc18dc method=Room.checkCollision(LCharacter;)LEntity; @ 127

Internal exceptions (10 events):
Event: 0.042 Thread 0x00007ff020807800 Exception <a 'java/lang/NoSuchMethodError': Method sun.misc.Unsafe.defineClass(Ljava/lang/String;[BII)Ljava/lang/Class; name or signature does not match> (0x0000000795587ca8) thrown at [/Users/java_re/workspace/8-2-build-macosx-x86_64/jdk8u121/8372/hotspo
Event: 0.042 Thread 0x00007ff020807800 Exception <a 'java/lang/NoSuchMethodError': Method sun.misc.Unsafe.prefetchRead(Ljava/lang/Object;J)V name or signature does not match> (0x0000000795587f90) thrown at [/Users/java_re/workspace/8-2-build-macosx-x86_64/jdk8u121/8372/hotspot/src/share/vm/pri
Event: 0.273 Thread 0x00007ff020807800 Exception <a 'java/security/PrivilegedActionException'> (0x00000007959e87e8) thrown at [/Users/java_re/workspace/8-2-build-macosx-x86_64/jdk8u121/8372/hotspot/src/share/vm/prims/jvm.cpp, line 1390]
Event: 0.273 Thread 0x00007ff020807800 Exception <a 'java/security/PrivilegedActionException'> (0x00000007959e89f8) thrown at [/Users/java_re/workspace/8-2-build-macosx-x86_64/jdk8u121/8372/hotspot/src/share/vm/prims/jvm.cpp, line 1390]
Event: 0.274 Thread 0x00007ff020807800 Exception <a 'java/security/PrivilegedActionException'> (0x00000007959ebf10) thrown at [/Users/java_re/workspace/8-2-build-macosx-x86_64/jdk8u121/8372/hotspot/src/share/vm/prims/jvm.cpp, line 1390]
Event: 0.274 Thread 0x00007ff020807800 Exception <a 'java/security/PrivilegedActionException'> (0x00000007959ec120) thrown at [/Users/java_re/workspace/8-2-build-macosx-x86_64/jdk8u121/8372/hotspot/src/share/vm/prims/jvm.cpp, line 1390]
Event: 0.445 Thread 0x00007ff020807800 Exception <a 'java/lang/NoSuchFieldError': method resolution failed> (0x0000000795b1e3d0) thrown at [/Users/java_re/workspace/8-2-build-macosx-x86_64/jdk8u121/8372/hotspot/src/share/vm/prims/methodHandles.cpp, line 1146]
Event: 0.448 Thread 0x00007ff020807800 Exception <a 'java/lang/NoSuchFieldError': method resolution failed> (0x0000000795b2c3c0) thrown at [/Users/java_re/workspace/8-2-build-macosx-x86_64/jdk8u121/8372/hotspot/src/share/vm/prims/methodHandles.cpp, line 1146]
Event: 0.792 Thread 0x00007ff020807800 Exception <a 'java/io/FileNotFoundException'> (0x0000000795bcee90) thrown at [/Users/java_re/workspace/8-2-build-macosx-x86_64/jdk8u121/8372/hotspot/src/share/vm/prims/jni.cpp, line 709]
Event: 0.792 Thread 0x00007ff020807800 Exception <a 'java/io/FileNotFoundException'> (0x0000000795bcfa18) thrown at [/Users/java_re/workspace/8-2-build-macosx-x86_64/jdk8u121/8372/hotspot/src/share/vm/prims/jni.cpp, line 709]

Events (10 events):
Event: 13.002 Executing VM operation: RevokeBias done
Event: 13.002 Thread 0x00007ff02130c800 Thread exited: 0x00007ff02130c800
Event: 13.077 Thread 0x00007ff02130c800 Thread added: 0x00007ff02130c800
Event: 14.535 Executing VM operation: ParallelGCFailedAllocation
Event: 14.543 Executing VM operation: ParallelGCFailedAllocation done
Event: 16.390 Executing VM operation: ParallelGCFailedAllocation
Event: 16.393 Executing VM operation: ParallelGCFailedAllocation done
Event: 18.189 Executing VM operation: ParallelGCFailedAllocation
Event: 18.192 Executing VM operation: ParallelGCFailedAllocation done
Event: 19.198 loading class org/lwjgl/opengl/CallbackUtil


Dynamic libraries:
0x0000000003b5b000 	/System/Library/Frameworks/Cocoa.framework/Versions/A/Cocoa
0x0000000003b5b000 	/System/Library/Frameworks/Security.framework/Versions/A/Security
0x0000000003b5b000 	/System/Library/Frameworks/ApplicationServices.framework/Versions/A/ApplicationServices
0x0000000003b5b000 	/usr/lib/libz.1.dylib
0x0000000003b5b000 	/usr/lib/libSystem.B.dylib
0x0000000003b5b000 	/usr/lib/libobjc.A.dylib
0x0000000003b5b000 	/System/Library/Frameworks/CoreFoundation.framework/Versions/A/CoreFoundation
0x0000000003b5b000 	/System/Library/Frameworks/Foundation.framework/Versions/C/Foundation
0x0000000003b5b000 	/System/Library/Frameworks/AppKit.framework/Versions/C/AppKit
0x0000000003b5b000 	/System/Library/Frameworks/CoreData.framework/Versions/A/CoreData
0x0000000003b5b000 	/System/Library/PrivateFrameworks/RemoteViewServices.framework/Versions/A/RemoteViewServices
0x0000000003b5b000 	/System/Library/PrivateFrameworks/UIFoundation.framework/Versions/A/UIFoundation
0x0000000003b5b000 	/System/Library/Frameworks/IOSurface.framework/Versions/A/IOSurface
0x0000000003b5b000 	/System/Library/Frameworks/AudioToolbox.framework/Versions/A/AudioToolbox
0x0000000003b5b000 	/System/Library/Frameworks/AudioUnit.framework/Versions/A/AudioUnit
0x0000000003b5b000 	/System/Library/PrivateFrameworks/DataDetectorsCore.framework/Versions/A/DataDetectorsCore
0x0000000003b5b000 	/System/Library/PrivateFrameworks/DesktopServicesPriv.framework/Versions/A/DesktopServicesPriv
0x0000000003b5b000 	/System/Library/Frameworks/Carbon.framework/Versions/A/Frameworks/HIToolbox.framework/Versions/A/HIToolbox
0x0000000003b5b000 	/System/Library/Frameworks/QuartzCore.framework/Versions/A/QuartzCore
0x0000000003b5b000 	/System/Library/Frameworks/Carbon.framework/Versions/A/Frameworks/SpeechRecognition.framework/Versions/A/SpeechRecognition
0x0000000003b5b000 	/usr/lib/libauto.dylib
0x0000000003b5b000 	/usr/lib/libicucore.A.dylib
0x0000000003b5b000 	/usr/lib/libxml2.2.dylib
0x0000000003b5b000 	/System/Library/PrivateFrameworks/CoreUI.framework/Versions/A/CoreUI
0x0000000003b5b000 	/System/Library/Frameworks/CoreAudio.framework/Versions/A/CoreAudio
0x0000000003b5b000 	/System/Library/Frameworks/DiskArbitration.framework/Versions/A/DiskArbitration
0x0000000003b5b000 	/usr/lib/liblangid.dylib
0x0000000003b5b000 	/System/Library/PrivateFrameworks/MultitouchSupport.framework/Versions/A/MultitouchSupport
0x0000000003b5b000 	/System/Library/Frameworks/IOKit.framework/Versions/A/IOKit
0x0000000003b5b000 	/usr/lib/libDiagnosticMessagesClient.dylib
0x0000000003b5b000 	/System/Library/Frameworks/CoreServices.framework/Versions/A/CoreServices
0x0000000003b5b000 	/System/Library/PrivateFrameworks/PerformanceAnalysis.framework/Versions/A/PerformanceAnalysis
0x0000000003b5b000 	/System/Library/PrivateFrameworks/GenerationalStorage.framework/Versions/A/GenerationalStorage
0x0000000003b5b000 	/System/Library/Frameworks/OpenGL.framework/Versions/A/OpenGL
0x0000000003b5b000 	/System/Library/PrivateFrameworks/Sharing.framework/Versions/A/Sharing
0x0000000003b5b000 	/System/Library/Frameworks/CoreGraphics.framework/Versions/A/CoreGraphics
0x0000000003b5b000 	/System/Library/Frameworks/CoreText.framework/Versions/A/CoreText
0x0000000003b5b000 	/System/Library/Frameworks/ImageIO.framework/Versions/A/ImageIO
0x0000000003b5b000 	/usr/lib/libextension.dylib
0x0000000003b5b000 	/System/Library/PrivateFrameworks/Backup.framework/Versions/A/Backup
0x0000000003b5b000 	/usr/lib/libarchive.2.dylib
0x0000000003b5b000 	/System/Library/Frameworks/CFNetwork.framework/Versions/A/CFNetwork
0x0000000003b5b000 	/System/Library/Frameworks/SystemConfiguration.framework/Versions/A/SystemConfiguration
0x0000000003b5b000 	/usr/lib/libCRFSuite.dylib
0x0000000003b5b000 	/usr/lib/libc++.1.dylib
0x0000000003b5b000 	/usr/lib/libc++abi.dylib
0x0000000003b5b000 	/usr/lib/system/libcache.dylib
0x0000000003b5b000 	/usr/lib/system/libcommonCrypto.dylib
0x0000000003b5b000 	/usr/lib/system/libcompiler_rt.dylib
0x0000000003b5b000 	/usr/lib/system/libcopyfile.dylib
0x0000000003b5b000 	/usr/lib/system/libcorecrypto.dylib
0x0000000003b5b000 	/usr/lib/system/libdispatch.dylib
0x0000000003b5b000 	/usr/lib/system/libdyld.dylib
0x0000000003b5b000 	/usr/lib/system/libkeymgr.dylib
0x0000000003b5b000 	/usr/lib/system/liblaunch.dylib
0x0000000003b5b000 	/usr/lib/system/libmacho.dylib
0x0000000003b5b000 	/usr/lib/system/libquarantine.dylib
0x0000000003b5b000 	/usr/lib/system/libremovefile.dylib
0x0000000003b5b000 	/usr/lib/system/libsystem_asl.dylib
0x0000000003b5b000 	/usr/lib/system/libsystem_blocks.dylib
0x0000000003b5b000 	/usr/lib/system/libsystem_c.dylib
0x0000000003b5b000 	/usr/lib/system/libsystem_configuration.dylib
0x0000000003b5b000 	/usr/lib/system/libsystem_coreservices.dylib
0x0000000003b5b000 	/usr/lib/system/libsystem_coretls.dylib
0x0000000003b5b000 	/usr/lib/system/libsystem_dnssd.dylib
0x0000000003b5b000 	/usr/lib/system/libsystem_info.dylib
0x0000000003b5b000 	/usr/lib/system/libsystem_kernel.dylib
0x0000000003b5b000 	/usr/lib/system/libsystem_m.dylib
0x0000000003b5b000 	/usr/lib/system/libsystem_malloc.dylib
0x0000000003b5b000 	/usr/lib/system/libsystem_network.dylib
0x0000000003b5b000 	/usr/lib/system/libsystem_networkextension.dylib
0x0000000003b5b000 	/usr/lib/system/libsystem_notify.dylib
0x0000000003b5b000 	/usr/lib/system/libsystem_platform.dylib
0x0000000003b5b000 	/usr/lib/system/libsystem_pthread.dylib
0x0000000003b5b000 	/usr/lib/system/libsystem_sandbox.dylib
0x0000000003b5b000 	/usr/lib/system/libsystem_secinit.dylib
0x0000000003b5b000 	/usr/lib/system/libsystem_stats.dylib
0x0000000003b5b000 	/usr/lib/system/libsystem_trace.dylib
0x0000000003b5b000 	/usr/lib/system/libunc.dylib
0x0000000003b5b000 	/usr/lib/system/libunwind.dylib
0x0000000003b5b000 	/usr/lib/system/libxpc.dylib
0x0000000003b5b000 	/usr/lib/libbz2.1.0.dylib
0x0000000003b5b000 	/usr/lib/liblzma.5.dylib
0x0000000003b5b000 	/usr/lib/libbsm.0.dylib
0x0000000003b5b000 	/usr/lib/libsqlite3.dylib
0x0000000003b5b000 	/usr/lib/system/libkxld.dylib
0x0000000003b5b000 	/usr/lib/libxar.1.dylib
0x0000000003b5b000 	/usr/lib/libpam.2.dylib
0x0000000003b5b000 	/usr/lib/libOpenScriptingUtil.dylib
0x0000000003b5b000 	/System/Library/Frameworks/CoreServices.framework/Versions/A/Frameworks/FSEvents.framework/Versions/A/FSEvents
0x0000000003b5b000 	/System/Library/Frameworks/CoreServices.framework/Versions/A/Frameworks/CarbonCore.framework/Versions/A/CarbonCore
0x0000000003b5b000 	/System/Library/Frameworks/CoreServices.framework/Versions/A/Frameworks/Metadata.framework/Versions/A/Metadata
0x0000000003b5b000 	/System/Library/Frameworks/CoreServices.framework/Versions/A/Frameworks/OSServices.framework/Versions/A/OSServices
0x0000000003b5b000 	/System/Library/Frameworks/CoreServices.framework/Versions/A/Frameworks/SearchKit.framework/Versions/A/SearchKit
0x0000000003b5b000 	/System/Library/Frameworks/CoreServices.framework/Versions/A/Frameworks/AE.framework/Versions/A/AE
0x0000000003b5b000 	/System/Library/Frameworks/CoreServices.framework/Versions/A/Frameworks/LaunchServices.framework/Versions/A/LaunchServices
0x0000000003b5b000 	/System/Library/Frameworks/CoreServices.framework/Versions/A/Frameworks/DictionaryServices.framework/Versions/A/DictionaryServices
0x0000000003b5b000 	/System/Library/Frameworks/NetFS.framework/Versions/A/NetFS
0x0000000003b5b000 	/System/Library/PrivateFrameworks/NetAuth.framework/Versions/A/NetAuth
0x0000000003b5b000 	/System/Library/PrivateFrameworks/login.framework/Versions/A/Frameworks/loginsupport.framework/Versions/A/loginsupport
0x0000000003b5b000 	/System/Library/PrivateFrameworks/TCC.framework/Versions/A/TCC
0x0000000003b5b000 	/usr/lib/libmecabra.dylib
0x0000000003b5b000 	/System/Library/Frameworks/ApplicationServices.framework/Versions/A/Frameworks/ATS.framework/Versions/A/ATS
0x0000000003b5b000 	/System/Library/Frameworks/ApplicationServices.framework/Versions/A/Frameworks/ColorSync.framework/Versions/A/ColorSync
0x0000000003b5b000 	/System/Library/Frameworks/ApplicationServices.framework/Versions/A/Frameworks/HIServices.framework/Versions/A/HIServices
0x0000000003b5b000 	/System/Library/Frameworks/ApplicationServices.framework/Versions/A/Frameworks/LangAnalysis.framework/Versions/A/LangAnalysis
0x0000000003b5b000 	/System/Library/Frameworks/ApplicationServices.framework/Versions/A/Frameworks/PrintCore.framework/Versions/A/PrintCore
0x0000000003b5b000 	/System/Library/Frameworks/ApplicationServices.framework/Versions/A/Frameworks/QD.framework/Versions/A/QD
0x0000000003b5b000 	/System/Library/Frameworks/ApplicationServices.framework/Versions/A/Frameworks/SpeechSynthesis.framework/Versions/A/SpeechSynthesis
0x0000000003b5b000 	/System/Library/Frameworks/Accelerate.framework/Versions/A/Accelerate
0x0000000003b5b000 	/System/Library/Frameworks/Accelerate.framework/Versions/A/Frameworks/vImage.framework/Versions/A/vImage
0x0000000003b5b000 	/System/Library/Frameworks/Accelerate.framework/Versions/A/Frameworks/vecLib.framework/Versions/A/vecLib
0x0000000003b5b000 	/System/Library/Frameworks/Accelerate.framework/Versions/A/Frameworks/vecLib.framework/Versions/A/libvDSP.dylib
0x0000000003b5b000 	/System/Library/Frameworks/Accelerate.framework/Versions/A/Frameworks/vecLib.framework/Versions/A/libvMisc.dylib
0x0000000003b5b000 	/System/Library/Frameworks/Accelerate.framework/Versions/A/Frameworks/vecLib.framework/Versions/A/libLAPACK.dylib
0x0000000003b5b000 	/System/Library/Frameworks/Accelerate.framework/Versions/A/Frameworks/vecLib.framework/Versions/A/libBLAS.dylib
0x0000000003b5b000 	/System/Library/Frameworks/Accelerate.framework/Versions/A/Frameworks/vecLib.framework/Versions/A/libLinearAlgebra.dylib
0x0000000003b5b000 	/System/Library/Frameworks/ApplicationServices.framework/Versions/A/Frameworks/ATS.framework/Versions/A/Resources/libFontParser.dylib
0x0000000003b5b000 	/System/Library/Frameworks/ApplicationServices.framework/Versions/A/Frameworks/ATS.framework/Versions/A/Resources/libFontRegistry.dylib
0x0000000003b5b000 	/System/Library/PrivateFrameworks/AppleVPA.framework/Versions/A/AppleVPA
0x0000000003b5b000 	/System/Library/PrivateFrameworks/AppleJPEG.framework/Versions/A/AppleJPEG
0x0000000003b5b000 	/System/Library/Frameworks/ImageIO.framework/Versions/A/Resources/libJPEG.dylib
0x0000000003b5b000 	/System/Library/Frameworks/ImageIO.framework/Versions/A/Resources/libTIFF.dylib
0x0000000003b5b000 	/System/Library/Frameworks/ImageIO.framework/Versions/A/Resources/libPng.dylib
0x0000000003b5b000 	/System/Library/Frameworks/ImageIO.framework/Versions/A/Resources/libGIF.dylib
0x0000000003b5b000 	/System/Library/Frameworks/ImageIO.framework/Versions/A/Resources/libJP2.dylib
0x0000000003b5b000 	/System/Library/Frameworks/ImageIO.framework/Versions/A/Resources/libRadiance.dylib
0x0000000003b5b000 	/System/Library/Frameworks/CoreVideo.framework/Versions/A/CoreVideo
0x0000000003b5b000 	/System/Library/Frameworks/OpenGL.framework/Versions/A/Libraries/libGLU.dylib
0x0000000003b5b000 	/System/Library/Frameworks/OpenGL.framework/Versions/A/Libraries/libGFXShared.dylib
0x0000000003b5b000 	/System/Library/Frameworks/OpenGL.framework/Versions/A/Libraries/libGL.dylib
0x0000000003b5b000 	/System/Library/Frameworks/OpenGL.framework/Versions/A/Libraries/libGLImage.dylib
0x0000000003b5b000 	/System/Library/Frameworks/OpenGL.framework/Versions/A/Libraries/libCVMSPluginSupport.dylib
0x0000000003b5b000 	/System/Library/Frameworks/OpenGL.framework/Versions/A/Libraries/libCoreVMClient.dylib
0x0000000003b5b000 	/usr/lib/libcups.2.dylib
0x0000000003b5b000 	/System/Library/Frameworks/Kerberos.framework/Versions/A/Kerberos
0x0000000003b5b000 	/System/Library/Frameworks/GSS.framework/Versions/A/GSS
0x0000000003b5b000 	/usr/lib/libresolv.9.dylib
0x0000000003b5b000 	/usr/lib/libiconv.2.dylib
0x0000000003b5b000 	/System/Library/PrivateFrameworks/Heimdal.framework/Versions/A/Heimdal
0x0000000003b5b000 	/usr/lib/libheimdal-asn1.dylib
0x0000000003b5b000 	/System/Library/Frameworks/OpenDirectory.framework/Versions/A/OpenDirectory
0x0000000003b5b000 	/System/Library/PrivateFrameworks/CommonAuth.framework/Versions/A/CommonAuth
0x0000000003b5b000 	/System/Library/Frameworks/OpenDirectory.framework/Versions/A/Frameworks/CFOpenDirectory.framework/Versions/A/CFOpenDirectory
0x0000000003b5b000 	/System/Library/Frameworks/SecurityFoundation.framework/Versions/A/SecurityFoundation
0x0000000003b5b000 	/System/Library/PrivateFrameworks/LanguageModeling.framework/Versions/A/LanguageModeling
0x0000000003b5b000 	/usr/lib/libcmph.dylib
0x0000000003b5b000 	/System/Library/Frameworks/ServiceManagement.framework/Versions/A/ServiceManagement
0x0000000003b5b000 	/usr/lib/libxslt.1.dylib
0x0000000003b5b000 	/System/Library/Frameworks/Carbon.framework/Versions/A/Frameworks/Ink.framework/Versions/A/Ink
0x0000000003b5b000 	/System/Library/Frameworks/QuartzCore.framework/Versions/A/Frameworks/CoreImage.framework/Versions/A/CoreImage
0x0000000003b5b000 	/System/Library/PrivateFrameworks/CrashReporterSupport.framework/Versions/A/CrashReporterSupport
0x0000000003b5b000 	/System/Library/Frameworks/OpenCL.framework/Versions/A/OpenCL
0x0000000003b5b000 	/System/Library/PrivateFrameworks/FaceCore.framework/Versions/A/FaceCore
0x0000000003b5b000 	/System/Library/PrivateFrameworks/Ubiquity.framework/Versions/A/Ubiquity
0x0000000003b5b000 	/System/Library/PrivateFrameworks/IconServices.framework/Versions/A/IconServices
0x0000000003b5b000 	/System/Library/PrivateFrameworks/ChunkingLibrary.framework/Versions/A/ChunkingLibrary
0x0000000003b5b000 	/System/Library/PrivateFrameworks/Apple80211.framework/Versions/A/Apple80211
0x0000000003b5b000 	/System/Library/Frameworks/CoreWLAN.framework/Versions/A/CoreWLAN
0x0000000003b5b000 	/System/Library/Frameworks/IOBluetooth.framework/Versions/A/IOBluetooth
0x0000000003b5b000 	/System/Library/PrivateFrameworks/CoreWiFi.framework/Versions/A/CoreWiFi
0x0000000003b5b000 	/System/Library/Frameworks/CoreBluetooth.framework/Versions/A/CoreBluetooth
0x0000000003b5b000 	/System/Library/PrivateFrameworks/DebugSymbols.framework/Versions/A/DebugSymbols
0x0000000003b5b000 	/System/Library/PrivateFrameworks/CoreSymbolication.framework/Versions/A/CoreSymbolication
0x0000000003b5b000 	/System/Library/PrivateFrameworks/Symbolication.framework/Versions/A/Symbolication
0x0000000003b5b000 	/System/Library/PrivateFrameworks/SpeechRecognitionCore.framework/Versions/A/SpeechRecognitionCore
0x0000000106f56000 	/Library/Java/JavaVirtualMachines/jdk1.8.0_121.jdk/Contents/Home/jre/lib/server/libjvm.dylib
0x0000000003b5b000 	/usr/lib/libstdc++.6.dylib
0x0000000107f0f000 	/Library/Java/JavaVirtualMachines/jdk1.8.0_121.jdk/Contents/Home/jre/lib/libverify.dylib
0x0000000107f1d000 	/Library/Java/JavaVirtualMachines/jdk1.8.0_121.jdk/Contents/Home/jre/lib/libjava.dylib
0x0000000107f53000 	/Library/Java/JavaVirtualMachines/jdk1.8.0_121.jdk/Contents/Home/jre/lib/libinstrument.dylib
0x0000000107fb1000 	/Library/Java/JavaVirtualMachines/jdk1.8.0_121.jdk/Contents/Home/jre/lib/libzip.dylib
0x0000000107fe2000 	/System/Library/Frameworks/JavaVM.framework/Frameworks/JavaRuntimeSupport.framework/JavaRuntimeSupport
0x000000011e92b000 	/System/Library/Frameworks/JavaVM.framework/Versions/A/Frameworks/JavaNativeFoundation.framework/Versions/A/JavaNativeFoundation
0x000000011e93f000 	/System/Library/Frameworks/JavaVM.framework/Versions/A/JavaVM
0x0000000003b5b000 	/System/Library/Frameworks/Carbon.framework/Versions/A/Carbon
0x000000011e94b000 	/System/Library/PrivateFrameworks/JavaLaunching.framework/Versions/A/JavaLaunching
0x0000000003b5b000 	/System/Library/Frameworks/Carbon.framework/Versions/A/Frameworks/CommonPanels.framework/Versions/A/CommonPanels
0x0000000003b5b000 	/System/Library/Frameworks/Carbon.framework/Versions/A/Frameworks/Help.framework/Versions/A/Help
0x0000000003b5b000 	/System/Library/Frameworks/Carbon.framework/Versions/A/Frameworks/ImageCapture.framework/Versions/A/ImageCapture
0x0000000003b5b000 	/System/Library/Frameworks/Carbon.framework/Versions/A/Frameworks/OpenScripting.framework/Versions/A/OpenScripting
0x0000000003b5b000 	/System/Library/Frameworks/Carbon.framework/Versions/A/Frameworks/Print.framework/Versions/A/Print
0x0000000003b5b000 	/System/Library/Frameworks/Carbon.framework/Versions/A/Frameworks/SecurityHI.framework/Versions/A/SecurityHI
0x0000000120804000 	/Library/Java/JavaVirtualMachines/jdk1.8.0_121.jdk/Contents/Home/jre/lib/libnet.dylib
0x0000000120a69000 	/Library/Java/JavaVirtualMachines/jdk1.8.0_121.jdk/Contents/Home/jre/lib/libawt.dylib
0x0000000120b11000 	/Library/Java/JavaVirtualMachines/jdk1.8.0_121.jdk/Contents/Home/jre/lib/./libmlib_image.dylib
0x0000000120bdd000 	/Library/Java/JavaVirtualMachines/jdk1.8.0_121.jdk/Contents/Home/jre/lib/libawt_lwawt.dylib
0x0000000120c94000 	/Library/Java/JavaVirtualMachines/jdk1.8.0_121.jdk/Contents/Home/jre/lib/./libosxapp.dylib
0x0000000003b5b000 	/System/Library/Frameworks/ExceptionHandling.framework/Versions/A/ExceptionHandling
0x0000000003b5b000 	/System/Library/PrivateFrameworks/CoreServicesInternal.framework/Versions/A/CoreServicesInternal
0x0000000003b5b000 	/System/Library/PrivateFrameworks/CloudDocs.framework/Versions/A/CloudDocs
0x0000000003b5b000 	/System/Library/PrivateFrameworks/CoreDuet.framework/Versions/A/CoreDuet
0x0000000003b5b000 	/System/Library/Frameworks/CloudKit.framework/Versions/A/CloudKit
0x0000000003b5b000 	/System/Library/PrivateFrameworks/ProtocolBuffer.framework/Versions/A/ProtocolBuffer
0x0000000003b5b000 	/System/Library/PrivateFrameworks/CoreDuetDaemonProtocol.framework/Versions/A/CoreDuetDaemonProtocol
0x0000000003b5b000 	/System/Library/PrivateFrameworks/CoreDuetDebugLogging.framework/Versions/A/CoreDuetDebugLogging
0x0000000003b5b000 	/System/Library/PrivateFrameworks/MMCS.framework/Versions/A/MMCS
0x0000000003b5b000 	/System/Library/Frameworks/CoreLocation.framework/Versions/A/CoreLocation
0x0000000003b5b000 	/System/Library/PrivateFrameworks/ProtectedCloudStorage.framework/Versions/A/ProtectedCloudStorage
0x0000000003b5b000 	/System/Library/PrivateFrameworks/GeoServices.framework/Versions/A/GeoServices
0x0000000003b5b000 	/System/Library/Frameworks/CoreGraphics.framework/Versions/A/Resources/libCGCMS.A.dylib
0x0000000003b5b000 	/System/Library/Frameworks/CoreGraphics.framework/Versions/A/Resources/libRIP.A.dylib
0x0000000003b5b000 	/System/Library/Frameworks/CoreGraphics.framework/Versions/A/Resources/libCGXType.A.dylib
0x0000000003b5b000 	/System/Library/Frameworks/OpenCL.framework/Versions/A/Libraries/libcldcpuengine.dylib
0x0000000003b5b000 	/System/Library/PrivateFrameworks/DiskImages.framework/Versions/A/DiskImages
0x0000000003b5b000 	/System/Library/Frameworks/DiscRecording.framework/Versions/A/DiscRecording
0x0000000003b5b000 	/usr/lib/libcsfde.dylib
0x0000000003b5b000 	/usr/lib/libcurl.4.dylib
0x0000000003b5b000 	/System/Library/PrivateFrameworks/MediaKit.framework/Versions/A/MediaKit
0x0000000003b5b000 	/usr/lib/libCoreStorage.dylib
0x0000000003b5b000 	/System/Library/PrivateFrameworks/EFILogin.framework/Versions/A/EFILogin
0x0000000003b5b000 	/usr/lib/libutil.dylib
0x0000000003b5b000 	/System/Library/PrivateFrameworks/FindMyDevice.framework/Versions/A/FindMyDevice
0x0000000003b5b000 	/System/Library/Frameworks/LDAP.framework/Versions/A/LDAP
0x0000000003b5b000 	/usr/lib/libsasl2.2.dylib
0x0000000003b5b000 	/System/Library/PrivateFrameworks/CoreDaemon.framework/Versions/B/CoreDaemon
0x0000000003b5b000 	/usr/lib/libcrypto.0.9.8.dylib
0x0000000003b5b000 	/System/Library/PrivateFrameworks/AppleSRP.framework/Versions/A/AppleSRP
0x0000000003b5b000 	/System/Library/PrivateFrameworks/TrustEvaluationAgent.framework/Versions/A/TrustEvaluationAgent
0x00000001240b2000 	cl_kernels
0x00000001240b4000 	/System/Library/Frameworks/OpenCL.framework/Versions/A/Libraries/ImageFormats/unorm8_bgra.dylib
0x00000001240a4000 	cl_kernels
0x0000000003b5b000 	/System/Library/PrivateFrameworks/FamilyControls.framework/Versions/A/FamilyControls
0x0000000003b5b000 	/System/Library/PrivateFrameworks/CommerceKit.framework/Versions/A/Frameworks/CommerceCore.framework/Versions/A/CommerceCore
0x0000000003b5b000 	/System/Library/PrivateFrameworks/SystemAdministration.framework/Versions/A/SystemAdministration
0x0000000003b5b000 	/System/Library/PrivateFrameworks/AppContainer.framework/Versions/A/AppContainer
0x0000000003b5b000 	/System/Library/PrivateFrameworks/SecCodeWrapper.framework/Versions/A/SecCodeWrapper
0x0000000003b5b000 	/System/Library/Frameworks/DirectoryService.framework/Versions/A/DirectoryService
0x0000000003b5b000 	/System/Library/PrivateFrameworks/LoginUIKit.framework/Versions/A/Frameworks/LoginUICore.framework/Versions/A/LoginUICore
0x0000000003b5b000 	/usr/lib/libodfde.dylib
0x0000000125353000 	/Library/Java/JavaVirtualMachines/jdk1.8.0_121.jdk/Contents/Home/jre/lib/libfontmanager.dylib
0x00000001253ba000 	/Users/wifinaynay/Downloads/New-Beginner-Java-Game-Programming-Src-master/Episode 34/nightmare dungeon/lib/natives/native/macosx/liblwjgl.dylib
0x0000000123513000 	/Library/Java/JavaVirtualMachines/jdk1.8.0_121.jdk/Contents/Home/jre/lib/libjawt.dylib
0x0000000003b5b000 	/System/Library/Frameworks/OpenGL.framework/Versions/A/Resources/GLEngine.bundle/GLEngine
0x0000000003b5b000 	/System/Library/Frameworks/OpenGL.framework/Versions/A/Libraries/libGLProgrammability.dylib
0x000000012543c000 	/System/Library/Extensions/AppleIntelBDWGraphicsGLDriver.bundle/Contents/MacOS/AppleIntelBDWGraphicsGLDriver
0x0000000003b5b000 	/System/Library/PrivateFrameworks/IOAccelerator.framework/Versions/A/IOAccelerator
0x0000000003b5b000 	/System/Library/PrivateFrameworks/GPUSupport.framework/Versions/A/Libraries/libGPUSupportMercury.dylib
0x0000000003b5b000 	/System/Library/Frameworks/OpenGL.framework/Versions/A/Resources/GLRendererFloat.bundle/GLRendererFloat
0x00000001240aa000 	/Users/wifinaynay/Downloads/New-Beginner-Java-Game-Programming-Src-master/Episode 34/nightmare dungeon/lib/natives/native/macosx/libjinput-osx.dylib
0x0000000126f15000 	/System/Library/Extensions/IOHIDFamily.kext/Contents/PlugIns/IOHIDLib.plugin/Contents/MacOS/IOHIDLib

VM Arguments:
jvm_args: -Djava.library.path=/Users/wifinaynay/Downloads/New-Beginner-Java-Game-Programming-Src-master/Episode 34/nightmare dungeon/lib/natives/native:/Users/wifinaynay/Downloads/New-Beginner-Java-Game-Programming-Src-master/Episode 34/nightmare dungeon/lib/natives/native/macosx -javaagent:/Applications/IntelliJ IDEA.app/Contents/lib/idea_rt.jar=62360:/Applications/IntelliJ IDEA.app/Contents/bin -Dfile.encoding=UTF-8 
java_command: Game
java_class_path (initial): /Library/Java/JavaVirtualMachines/jdk1.8.0_121.jdk/Contents/Home/jre/lib/charsets.jar:/Library/Java/JavaVirtualMachines/jdk1.8.0_121.jdk/Contents/Home/jre/lib/deploy.jar:/Library/Java/JavaVirtualMachines/jdk1.8.0_121.jdk/Contents/Home/jre/lib/ext/cldrdata.jar:/Library/Java/JavaVirtualMachines/jdk1.8.0_121.jdk/Contents/Home/jre/lib/ext/dnsns.jar:/Library/Java/JavaVirtualMachines/jdk1.8.0_121.jdk/Contents/Home/jre/lib/ext/jaccess.jar:/Library/Java/JavaVirtualMachines/jdk1.8.0_121.jdk/Contents/Home/jre/lib/ext/jfxrt.jar:/Library/Java/JavaVirtualMachines/jdk1.8.0_121.jdk/Contents/Home/jre/lib/ext/localedata.jar:/Library/Java/JavaVirtualMachines/jdk1.8.0_121.jdk/Contents/Home/jre/lib/ext/nashorn.jar:/Library/Java/JavaVirtualMachines/jdk1.8.0_121.jdk/Contents/Home/jre/lib/ext/sunec.jar:/Library/Java/JavaVirtualMachines/jdk1.8.0_121.jdk/Contents/Home/jre/lib/ext/sunjce_provider.jar:/Library/Java/JavaVirtualMachines/jdk1.8.0_121.jdk/Contents/Home/jre/lib/ext/sunpkcs11.jar:/Library/Java/JavaVirtualMachines/jdk1.8.0_121.jdk/Contents/Home/jre/lib/ext/zipfs.jar:/Library/Java/JavaVirtualMachines/jdk1.8.0_121.jdk/Contents/Home/jre/lib/javaws.jar:/Library/Java/JavaVirtualMachines/jdk1.8.0_121.jdk/Contents/Home/jre/lib/jce.jar:/Library/Java/JavaVirtualMachines/jdk1.8.0_121.jdk/Contents/Home/jre/lib/jfr.jar:/Library/Java/JavaVirtualMachines/jdk1.8.0_121.jdk/Contents/Home/jre/lib/jfxswt.jar:/Library/Java/JavaVirtualMachines/jdk1.8.0_121.jdk/Contents/Home/jre/lib/jsse.jar:/Library/Java/JavaVirtualMachines/jdk1.8.0_121.jdk/Contents/Home/jre/lib/management-agent.jar:/Library/Java/JavaVirtualMachines/jdk1.8.0_121.jdk/Contents/Home/jre/lib/plugin.jar:/Library/Java/JavaVirtualMachines/jdk1.8.0_121.jdk/Contents/Home/jre/lib/resources.jar:/Library/Java/JavaVirtualMachines/jdk1.8.0_121.jdk/Contents/Home/jre/lib/rt.jar:/Library/Java/JavaVirtualMachines/jdk1.8.0_121.jdk/Contents/Home/lib/ant-javafx.jar:/Library/Java/JavaVirtualMachines/jdk1.8.0_121.jdk/Contents/Home
Launcher Type: SUN_STANDARD

Environment Variables:
PATH=/usr/local/bin:/usr/bin:/bin:/usr/sbin:/sbin:/usr/local/MacGPG2/bin
SHELL=/bin/bash

Signal Handlers:
SIGSEGV: [libjvm.dylib+0x5b1141], sa_mask[0]=11111111011111110111111111111111, sa_flags=SA_ONSTACK|SA_RESTART|SA_SIGINFO
SIGBUS: [libjvm.dylib+0x5b1141], sa_mask[0]=11111111011111110111111111111111, sa_flags=SA_RESTART|SA_SIGINFO
SIGFPE: [libjvm.dylib+0x487bc4], sa_mask[0]=11111111011111110111111111111111, sa_flags=SA_RESTART|SA_SIGINFO
SIGPIPE: [libjvm.dylib+0x487bc4], sa_mask[0]=11111111011111110111111111111111, sa_flags=SA_RESTART|SA_SIGINFO
SIGXFSZ: [libjvm.dylib+0x487bc4], sa_mask[0]=11111111011111110111111111111111, sa_flags=SA_RESTART|SA_SIGINFO
SIGILL: [libjvm.dylib+0x487bc4], sa_mask[0]=11111111011111110111111111111111, sa_flags=SA_RESTART|SA_SIGINFO
SIGUSR1: SIG_DFL, sa_mask[0]=00000000000000000000000000000000, sa_flags=none
SIGUSR2: [libjvm.dylib+0x4876e2], sa_mask[0]=00100000000000000000000000000000, sa_flags=SA_RESTART|SA_SIGINFO
SIGHUP: [libjvm.dylib+0x485cb9], sa_mask[0]=11111111011111110111111111111111, sa_flags=SA_RESTART|SA_SIGINFO
SIGINT: [libjvm.dylib+0x485cb9], sa_mask[0]=11111111011111110111111111111111, sa_flags=SA_RESTART|SA_SIGINFO
SIGTERM: [libjvm.dylib+0x485cb9], sa_mask[0]=11111111011111110111111111111111, sa_flags=SA_RESTART|SA_SIGINFO
SIGQUIT: [libjvm.dylib+0x485cb9], sa_mask[0]=11111111011111110111111111111111, sa_flags=SA_RESTART|SA_SIGINFO


---------------  S Y S T E M  ---------------

OS:Bsduname:Darwin 14.5.0 Darwin Kernel Version 14.5.0: Tue Apr 11 16:12:42 PDT 2017; root:xnu-2782.50.9.2.3~1/RELEASE_X86_64 x86_64
rlimit: STACK 8192k, CORE 0k, NPROC 709, NOFILE 10240, AS infinity
load average:3.48 3.14 3.09

CPU:total 4 (2 cores per cpu, 2 threads per core) family 6 model 61 stepping 4, cmov, cx8, fxsr, mmx, sse, sse2, sse3, ssse3, sse4.1, sse4.2, popcnt, avx, avx2, aes, clmul, erms, 3dnowpref, lzcnt, ht, tsc, tscinvbit, bmi1, bmi2, adx

Memory: 4k page, physical 8388608k(25328k free)

/proc/meminfo:


vm_info: Java HotSpot(TM) 64-Bit Server VM (25.121-b13) for bsd-amd64 JRE (1.8.0_121-b13), built on Dec 12 2016 20:39:32 by "java_re" with gcc 4.2.1 (Based on Apple Inc. build 5658) (LLVM build 2336.11.00)

time: Sat Nov  4 01:38:37 2017
elapsed time: 19 seconds (0d 0h 0m 19s)

