#
# A fatal error has been detected by the Java Runtime Environment:
#
#  SIGSEGV (0xb) at pc=0x00007fff90e290dd, pid=3674, tid=0x0000000000000713
#
# JRE version: Java(TM) SE Runtime Environment (8.0_121-b13) (build 1.8.0_121-b13)
# Java VM: Java HotSpot(TM) 64-Bit Server VM (25.121-b13 mixed mode bsd-amd64 compressed oops)
# Problematic frame:
# C  [libobjc.A.dylib+0x10dd]  objc_msgSend+0x1d
#
# Failed to write core dump. Core dumps have been disabled. To enable core dumping, try "ulimit -c unlimited" before starting Java again
#
# If you would like to submit a bug report, please visit:
#   http://bugreport.java.com/bugreport/crash.jsp
# The crash happened outside the Java Virtual Machine in native code.
# See problematic frame for where to report the bug.
#

---------------  T H R E A D  ---------------

Current thread (0x00007f8d429e1000):  JavaThread "AppKit Thread" daemon [_thread_in_native, id=1811, stack(0x00007fff53e37000,0x00007fff54637000)]

siginfo: si_signo: 11 (SIGSEGV), si_code: 1 (SEGV_MAPERR), si_addr: 0x000007f8d42657f0

Registers:
RAX=0x0000000000000000, RBX=0x00007f8d4251c310, RCX=0x0000000000000000, RDX=0x00007f8d4251c310
RSP=0x00007fff54631058, RBP=0x00007fff54631080, RSI=0x00007fff8c5bf37c, RDI=0x00007f8d42660640
R8 =0x0000000000000001, R9 =0x0000000000000001, R10=0x00007fff8c5bf37c, R11=0x000007f8d42657d8
R12=0x0000000000000094, R13=0x00007f8d42750f90, R14=0x00007f8d42660640, R15=0x00007fff54631570
RIP=0x00007fff90e290dd, EFLAGS=0x0000000000010206, ERR=0x0000000000000004
  TRAPNO=0x000000000000000e

Top of Stack: (sp=0x00007fff54631058)
0x00007fff54631058:   0000000129ab4598 00007f8d4251c310
0x00007fff54631068:   0000000129ae8c60 00007f8d42750f90
0x00007fff54631078:   00007f8d4251c310 00007fff54631560
0x00007fff54631088:   00007fff8bc9ff45 0000000000000000
0x00007fff54631098:   0000000000000000 408f400000000000
0x00007fff546310a8:   408a900000000000 0000000000000000
0x00007fff546310b8:   0000000000000000 408f400000000000
0x00007fff546310c8:   408a900000000000 408f400000000000
0x00007fff546310d8:   408b400000000000 401c000000000000
0x00007fff546310e8:   408aa80000000000 402c000000000000
0x00007fff546310f8:   4030000000000000 401c000000000000
0x00007fff54631108:   0000000000000000 0000000000000000
0x00007fff54631118:   4030000000000000 00007fff8c582129
0x00007fff54631128:   4018000000000000 00007f8d4264fa90
0x00007fff54631138:   0000000100000000 0000000000000000
0x00007fff54631148:   00007f8d42731fd0 00007fff546312a0
0x00007fff54631158:   00007fff8bca4b36 00007fff546312a0
0x00007fff54631168:   00007fff8bca6e82 402c000000000000
0x00007fff54631178:   4030000000000000 401c000000000000
0x00007fff54631188:   408aa80000000000 402c000000000000
0x00007fff54631198:   4030000000000000 0000000000000000
0x00007fff546311a8:   0000000000000000 408f400000000000
0x00007fff546311b8:   408b400000000000 401c000000000000
0x00007fff546311c8:   408aa80000000000 000000010b5e8e00
0x00007fff546311d8:   00007f8d4279fae0 00000000000000b0
0x00007fff546311e8:   0000000000000002 00000000000009fa
0x00007fff546311f8:   000000010b5e4000 00007fff546312a0
0x00007fff54631208:   00007fff8a7b4e7f 0000000000000000
0x00007fff54631218:   000000010b5e4000 00007fff546312c0
0x00007fff54631228:   00000000000009fb 00007fff5463132f
0x00007fff54631238:   0000000000004000 00007f8d427fc080
0x00007fff54631248:   00007f8d4279fa30 0000000000000005 

Instructions: (pc=0x00007fff90e290dd)
0x00007fff90e290bd:   00 00 00 48 85 ff 2e 74 7a 40 f6 c7 01 2e 75 7e
0x00007fff90e290cd:   49 bb f8 ff ff ff ff 7f 00 00 4c 23 1f 49 89 f2
0x00007fff90e290dd:   45 23 53 18 49 c1 e2 04 4d 03 53 10 49 3b 32 75
0x00007fff90e290ed:   04 41 ff 62 08 49 83 3a 00 74 6a 4d 3b 53 10 74 

Register to memory mapping:

RAX=0x0000000000000000 is an unknown value
RBX=0x00007f8d4251c310 is an unknown value
RCX=0x0000000000000000 is an unknown value
RDX=0x00007f8d4251c310 is an unknown value
RSP=0x00007fff54631058 is pointing into the stack for thread: 0x00007f8d429e1000
RBP=0x00007fff54631080 is pointing into the stack for thread: 0x00007f8d429e1000
RSI=0x00007fff8c5bf37c: -[NSTitlebarContainerView transparent]+0x5e270 in /System/Library/Frameworks/AppKit.framework/Versions/C/AppKit at 0x00007fff8bbbe000
RDI=0x00007f8d42660640 is an unknown value
R8 =0x0000000000000001 is an unknown value
R9 =0x0000000000000001 is an unknown value
R10=0x00007fff8c5bf37c: -[NSTitlebarContainerView transparent]+0x5e270 in /System/Library/Frameworks/AppKit.framework/Versions/C/AppKit at 0x00007fff8bbbe000
R11=0x000007f8d42657d8 is an unknown value
R12=0x0000000000000094 is an unknown value
R13=0x00007f8d42750f90 is an unknown value
R14=0x00007f8d42660640 is an unknown value
R15=0x00007fff54631570 is pointing into the stack for thread: 0x00007f8d429e1000


Stack: [0x00007fff53e37000,0x00007fff54637000],  sp=0x00007fff54631058,  free space=8168k
Native frames: (J=compiled Java code, j=interpreted, Vv=VM code, C=native code)
C  [libobjc.A.dylib+0x10dd]  objc_msgSend+0x1d
C  [AppKit+0xe1f45]  -[NSView _recursiveDisplayRectIfNeededIgnoringOpacity:isVisibleRect:rectIsVisibleRectForView:topView:]+0x740
C  [AppKit+0xe2fa0]  -[NSView _recursiveDisplayRectIfNeededIgnoringOpacity:isVisibleRect:rectIsVisibleRectForView:topView:]+0x179b
C  [AppKit+0xe12f3]  -[NSThemeFrame _recursiveDisplayRectIfNeededIgnoringOpacity:isVisibleRect:rectIsVisibleRectForView:topView:]+0x14d
C  [AppKit+0xdd68b]  -[NSView _displayRectIgnoringOpacity:isVisibleRect:rectIsVisibleRectForView:]+0xac9
C  [AppKit+0x951ae]  -[NSView displayIfNeeded]+0x754
C  [AppKit+0x94a09]  -[NSWindow displayIfNeeded]+0xec
C  [AppKit+0x94672]  _handleWindowNeedsDisplayOrLayoutOrUpdateConstraints+0x3a8
C  [AppKit+0x7ca171]  __83-[NSWindow _postWindowNeedsDisplayOrLayoutOrUpdateConstraintsUnlessPostingDisabled]_block_invoke1540+0x2e
C  [CoreFoundation+0x7ff47]  __CFRUNLOOP_IS_CALLING_OUT_TO_AN_OBSERVER_CALLBACK_FUNCTION__+0x17
C  [CoreFoundation+0x7fea0]  __CFRunLoopDoObservers+0x170
C  [CoreFoundation+0x71fa8]  __CFRunLoopRun+0x368
C  [CoreFoundation+0x719f8]  CFRunLoopRunSpecific+0x128
C  [HIToolbox+0x3256f]  RunCurrentEventLoopInMode+0xeb
C  [HIToolbox+0x321ee]  ReceiveNextEventCommon+0xb3
C  [HIToolbox+0x3212b]  _BlockUntilNextEventMatchingListInModeWithFilter+0x47
C  [AppKit+0x918ab]  _DPSNextEvent+0x3d2
C  [AppKit+0x90e58]  -[NSApplication nextEventMatchingMask:untilDate:inMode:dequeue:]+0x15a
C  [libosxapp.dylib+0x23aa]  -[NSApplicationAWT nextEventMatchingMask:untilDate:inMode:dequeue:]+0x7c
C  [AppKit+0x86af3]  -[NSApplication run]+0x252
C  [libosxapp.dylib+0x214d]  +[NSApplicationAWT runAWTLoopWithApp:]+0x9c
C  [libawt_lwawt.dylib+0x45ff7]  -[AWTStarter starter:]+0x389
C  [Foundation+0x92e20]  __NSThreadPerformPerform+0x125
C  [CoreFoundation+0x80821]  __CFRUNLOOP_IS_CALLING_OUT_TO_A_SOURCE0_PERFORM_FUNCTION__+0x11
C  [CoreFoundation+0x729ad]  __CFRunLoopDoSources0+0x10d
C  [CoreFoundation+0x71fdf]  __CFRunLoopRun+0x39f
C  [CoreFoundation+0x719f8]  CFRunLoopRunSpecific+0x128
C  [java+0x6465]  CreateExecutionEnvironment+0x367
C  [java+0x218c]  JLI_Launch+0x7a0
C  [java+0x84c2]  main+0x65
C  [java+0x19e4]  start+0x34
C  0x0000000000000007


---------------  P R O C E S S  ---------------

Java Threads: ( => current thread )
  0x00007f8d42a56800 JavaThread "AWT-Shutdown" [_thread_blocked, id=28711, stack(0x0000000126c68000,0x0000000126d68000)]
=>0x00007f8d429e1000 JavaThread "AppKit Thread" daemon [_thread_in_native, id=1811, stack(0x00007fff53e37000,0x00007fff54637000)]
  0x00007f8d43061800 JavaThread "Service Thread" daemon [_thread_blocked, id=18691, stack(0x0000000125059000,0x0000000125159000)]
  0x00007f8d4402f000 JavaThread "C1 CompilerThread2" daemon [_thread_blocked, id=18179, stack(0x0000000124f56000,0x0000000125056000)]
  0x00007f8d42851000 JavaThread "C2 CompilerThread1" daemon [_thread_blocked, id=17667, stack(0x0000000124e53000,0x0000000124f53000)]
  0x00007f8d4402e800 JavaThread "C2 CompilerThread0" daemon [_thread_blocked, id=17155, stack(0x0000000124cf1000,0x0000000124df1000)]
  0x00007f8d4281e000 JavaThread "Monitor Ctrl-Break" daemon [_thread_in_native, id=16643, stack(0x0000000124bee000,0x0000000124cee000)]
  0x00007f8d43071000 JavaThread "Signal Dispatcher" daemon [_thread_blocked, id=13579, stack(0x000000012499d000,0x0000000124a9d000)]
  0x00007f8d4302d000 JavaThread "Finalizer" daemon [_thread_blocked, id=11523, stack(0x0000000122f7f000,0x000000012307f000)]
  0x00007f8d4283b800 JavaThread "Reference Handler" daemon [_thread_blocked, id=11011, stack(0x0000000122e7c000,0x0000000122f7c000)]
  0x00007f8d42807800 JavaThread "main" [_thread_in_native, id=3331, stack(0x000000010c66b000,0x000000010c76b000)]

Other Threads:
  0x00007f8d42837000 VMThread [stack: 0x0000000122d79000,0x0000000122e79000] [id=10499]
  0x00007f8d43842000 WatcherThread [stack: 0x000000012515c000,0x000000012525c000] [id=19203]

VM state:not at safepoint (normal execution)

VM Mutex/Monitor currently owned by a thread: None

Heap:
 PSYoungGen      total 38400K, used 14108K [0x0000000795580000, 0x0000000798000000, 0x00000007c0000000)
  eden space 33280K, 28% used [0x0000000795580000,0x0000000795eb7040,0x0000000797600000)
  from space 5120K, 91% used [0x0000000797600000,0x0000000797a90020,0x0000000797b00000)
  to   space 5120K, 0% used [0x0000000797b00000,0x0000000797b00000,0x0000000798000000)
 ParOldGen       total 87552K, used 271K [0x0000000740000000, 0x0000000745580000, 0x0000000795580000)
  object space 87552K, 0% used [0x0000000740000000,0x0000000740043d80,0x0000000745580000)
 Metaspace       used 7940K, capacity 8047K, committed 8320K, reserved 1056768K
  class space    used 805K, capacity 858K, committed 896K, reserved 1048576K

Card table byte_map: [0x000000011c3f1000,0x000000011c7f2000] byte_map_base: 0x00000001189f1000

Marking Bits: (ParMarkBitMap*) 0x000000010bfb8d30
 Begin Bits: [0x000000011cea9000, 0x000000011eea9000)
 End Bits:   [0x000000011eea9000, 0x0000000120ea9000)

Polling page: 0x000000010c7c7000

CodeCache: size=245760Kb used=3699Kb max_used=3710Kb free=242060Kb
 bounds [0x000000010d031000, 0x000000010d3e1000, 0x000000011c031000]
 total_blobs=1328 nmethods=922 adapters=320
 compilation: enabled

Compilation events (10 events):
Event: 11.969 Thread 0x00007f8d4402e800  918       4       java.nio.DirectIntBufferU::get (16 bytes)
Event: 11.972 Thread 0x00007f8d4402e800 nmethod 918 0x000000010d3cd850 code [0x000000010d3cd9a0, 0x000000010d3cda58]
Event: 12.441 Thread 0x00007f8d42851000  919   !   4       java.lang.ref.Reference::tryHandlePending (115 bytes)
Event: 12.449 Thread 0x00007f8d42851000 nmethod 919 0x000000010d3ce2d0 code [0x000000010d3ce4a0, 0x000000010d3cee50]
Event: 12.537 Thread 0x00007f8d4402f000  920       3       java.nio.HeapByteBuffer::put (16 bytes)
Event: 12.538 Thread 0x00007f8d4402f000 nmethod 920 0x000000010d3cdb10 code [0x000000010d3cdca0, 0x000000010d3ce048]
Event: 12.727 Thread 0x00007f8d4402f000  921       3       java.nio.HeapByteBuffer::get (14 bytes)
Event: 12.728 Thread 0x00007f8d4402f000 nmethod 921 0x000000010d3c3590 code [0x000000010d3c3720, 0x000000010d3c3ac8]
Event: 13.110 Thread 0x00007f8d4402e800  922       4       org.newdawn.slick.opengl.TextureImpl::bind (39 bytes)
Event: 13.115 Thread 0x00007f8d4402e800 nmethod 922 0x000000010d3d0110 code [0x000000010d3d02a0, 0x000000010d3d05b8]

GC Heap History (6 events):
Event: 4.208 GC heap before
{Heap before GC invocations=1 (full 0):
 PSYoungGen      total 38400K, used 33280K [0x0000000795580000, 0x0000000798000000, 0x00000007c0000000)
  eden space 33280K, 100% used [0x0000000795580000,0x0000000797600000,0x0000000797600000)
  from space 5120K, 0% used [0x0000000797b00000,0x0000000797b00000,0x0000000798000000)
  to   space 5120K, 0% used [0x0000000797600000,0x0000000797600000,0x0000000797b00000)
 ParOldGen       total 87552K, used 0K [0x0000000740000000, 0x0000000745580000, 0x0000000795580000)
  object space 87552K, 0% used [0x0000000740000000,0x0000000740000000,0x0000000745580000)
 Metaspace       used 7813K, capacity 7983K, committed 8064K, reserved 1056768K
  class space    used 804K, capacity 858K, committed 896K, reserved 1048576K
Event: 4.220 GC heap after
Heap after GC invocations=1 (full 0):
 PSYoungGen      total 38400K, used 5110K [0x0000000795580000, 0x0000000798000000, 0x00000007c0000000)
  eden space 33280K, 0% used [0x0000000795580000,0x0000000795580000,0x0000000797600000)
  from space 5120K, 99% used [0x0000000797600000,0x0000000797afd9c0,0x0000000797b00000)
  to   space 5120K, 0% used [0x0000000797b00000,0x0000000797b00000,0x0000000798000000)
 ParOldGen       total 87552K, used 255K [0x0000000740000000, 0x0000000745580000, 0x0000000795580000)
  object space 87552K, 0% used [0x0000000740000000,0x000000074003fd80,0x0000000745580000)
 Metaspace       used 7813K, capacity 7983K, committed 8064K, reserved 1056768K
  class space    used 804K, capacity 858K, committed 896K, reserved 1048576K
}
Event: 8.521 GC heap before
{Heap before GC invocations=2 (full 0):
 PSYoungGen      total 38400K, used 38390K [0x0000000795580000, 0x0000000798000000, 0x00000007c0000000)
  eden space 33280K, 100% used [0x0000000795580000,0x0000000797600000,0x0000000797600000)
  from space 5120K, 99% used [0x0000000797600000,0x0000000797afd9c0,0x0000000797b00000)
  to   space 5120K, 0% used [0x0000000797b00000,0x0000000797b00000,0x0000000798000000)
 ParOldGen       total 87552K, used 255K [0x0000000740000000, 0x0000000745580000, 0x0000000795580000)
  object space 87552K, 0% used [0x0000000740000000,0x000000074003fd80,0x0000000745580000)
 Metaspace       used 7926K, capacity 8047K, committed 8320K, reserved 1056768K
  class space    used 805K, capacity 858K, committed 896K, reserved 1048576K
Event: 8.532 GC heap after
Heap after GC invocations=2 (full 0):
 PSYoungGen      total 38400K, used 4696K [0x0000000795580000, 0x0000000798000000, 0x00000007c0000000)
  eden space 33280K, 0% used [0x0000000795580000,0x0000000795580000,0x0000000797600000)
  from space 5120K, 91% used [0x0000000797b00000,0x0000000797f96158,0x0000000798000000)
  to   space 5120K, 0% used [0x0000000797600000,0x0000000797600000,0x0000000797b00000)
 ParOldGen       total 87552K, used 263K [0x0000000740000000, 0x0000000745580000, 0x0000000795580000)
  object space 87552K, 0% used [0x0000000740000000,0x0000000740041d80,0x0000000745580000)
 Metaspace       used 7926K, capacity 8047K, committed 8320K, reserved 1056768K
  class space    used 805K, capacity 858K, committed 896K, reserved 1048576K
}
Event: 12.430 GC heap before
{Heap before GC invocations=3 (full 0):
 PSYoungGen      total 38400K, used 37976K [0x0000000795580000, 0x0000000798000000, 0x00000007c0000000)
  eden space 33280K, 100% used [0x0000000795580000,0x0000000797600000,0x0000000797600000)
  from space 5120K, 91% used [0x0000000797b00000,0x0000000797f96158,0x0000000798000000)
  to   space 5120K, 0% used [0x0000000797600000,0x0000000797600000,0x0000000797b00000)
 ParOldGen       total 87552K, used 263K [0x0000000740000000, 0x0000000745580000, 0x0000000795580000)
  object space 87552K, 0% used [0x0000000740000000,0x0000000740041d80,0x0000000745580000)
 Metaspace       used 7934K, capacity 8047K, committed 8320K, reserved 1056768K
  class space    used 805K, capacity 858K, committed 896K, reserved 1048576K
Event: 12.440 GC heap after
Heap after GC invocations=3 (full 0):
 PSYoungGen      total 38400K, used 4672K [0x0000000795580000, 0x0000000798000000, 0x00000007c0000000)
  eden space 33280K, 0% used [0x0000000795580000,0x0000000795580000,0x0000000797600000)
  from space 5120K, 91% used [0x0000000797600000,0x0000000797a90020,0x0000000797b00000)
  to   space 5120K, 0% used [0x0000000797b00000,0x0000000797b00000,0x0000000798000000)
 ParOldGen       total 87552K, used 271K [0x0000000740000000, 0x0000000745580000, 0x0000000795580000)
  object space 87552K, 0% used [0x0000000740000000,0x0000000740043d80,0x0000000745580000)
 Metaspace       used 7934K, capacity 8047K, committed 8320K, reserved 1056768K
  class space    used 805K, capacity 858K, committed 896K, reserved 1048576K
}

Deoptimization events (1 events):
Event: 1.400 Thread 0x00007f8d42807800 Uncommon trap: reason=unstable_if action=reinterpret pc=0x000000010d1dd8dc method=java.lang.String.replace(CC)Ljava/lang/String; @ 26

Internal exceptions (10 events):
Event: 0.044 Thread 0x00007f8d42807800 Exception <a 'java/lang/NoSuchMethodError': Method sun.misc.Unsafe.defineClass(Ljava/lang/String;[BII)Ljava/lang/Class; name or signature does not match> (0x0000000795587ca8) thrown at [/Users/java_re/workspace/8-2-build-macosx-x86_64/jdk8u121/8372/hotspo
Event: 0.044 Thread 0x00007f8d42807800 Exception <a 'java/lang/NoSuchMethodError': Method sun.misc.Unsafe.prefetchRead(Ljava/lang/Object;J)V name or signature does not match> (0x0000000795587f90) thrown at [/Users/java_re/workspace/8-2-build-macosx-x86_64/jdk8u121/8372/hotspot/src/share/vm/pri
Event: 0.615 Thread 0x00007f8d42807800 Exception <a 'java/security/PrivilegedActionException'> (0x00000007959e88b8) thrown at [/Users/java_re/workspace/8-2-build-macosx-x86_64/jdk8u121/8372/hotspot/src/share/vm/prims/jvm.cpp, line 1390]
Event: 0.616 Thread 0x00007f8d42807800 Exception <a 'java/security/PrivilegedActionException'> (0x00000007959e8ac8) thrown at [/Users/java_re/workspace/8-2-build-macosx-x86_64/jdk8u121/8372/hotspot/src/share/vm/prims/jvm.cpp, line 1390]
Event: 0.617 Thread 0x00007f8d42807800 Exception <a 'java/security/PrivilegedActionException'> (0x00000007959ebfe0) thrown at [/Users/java_re/workspace/8-2-build-macosx-x86_64/jdk8u121/8372/hotspot/src/share/vm/prims/jvm.cpp, line 1390]
Event: 0.617 Thread 0x00007f8d42807800 Exception <a 'java/security/PrivilegedActionException'> (0x00000007959ec1f0) thrown at [/Users/java_re/workspace/8-2-build-macosx-x86_64/jdk8u121/8372/hotspot/src/share/vm/prims/jvm.cpp, line 1390]
Event: 0.707 Thread 0x00007f8d42807800 Exception <a 'java/lang/NoSuchFieldError': method resolution failed> (0x0000000795b1e4a0) thrown at [/Users/java_re/workspace/8-2-build-macosx-x86_64/jdk8u121/8372/hotspot/src/share/vm/prims/methodHandles.cpp, line 1146]
Event: 0.710 Thread 0x00007f8d42807800 Exception <a 'java/lang/NoSuchFieldError': method resolution failed> (0x0000000795b2c460) thrown at [/Users/java_re/workspace/8-2-build-macosx-x86_64/jdk8u121/8372/hotspot/src/share/vm/prims/methodHandles.cpp, line 1146]
Event: 1.372 Thread 0x00007f8d42807800 Exception <a 'java/io/FileNotFoundException'> (0x0000000795bcef60) thrown at [/Users/java_re/workspace/8-2-build-macosx-x86_64/jdk8u121/8372/hotspot/src/share/vm/prims/jni.cpp, line 709]
Event: 1.372 Thread 0x00007f8d42807800 Exception <a 'java/io/FileNotFoundException'> (0x0000000795bcfae8) thrown at [/Users/java_re/workspace/8-2-build-macosx-x86_64/jdk8u121/8372/hotspot/src/share/vm/prims/jni.cpp, line 709]

Events (10 events):
Event: 12.441 Executing VM operation: RevokeBias
Event: 12.441 Executing VM operation: RevokeBias done
Event: 12.441 Executing VM operation: RevokeBias
Event: 12.441 Executing VM operation: RevokeBias done
Event: 12.441 Executing VM operation: RevokeBias
Event: 12.442 Executing VM operation: RevokeBias done
Event: 12.442 Executing VM operation: BulkRevokeBias
Event: 12.442 Executing VM operation: BulkRevokeBias done
Event: 13.439 loading class org/lwjgl/opengl/CallbackUtil
Event: 13.439 loading class org/lwjgl/opengl/CallbackUtil done


Dynamic libraries:
0x0000000003b5b000 	/System/Library/Frameworks/Cocoa.framework/Versions/A/Cocoa
0x0000000003b5b000 	/System/Library/Frameworks/Security.framework/Versions/A/Security
0x0000000003b5b000 	/System/Library/Frameworks/ApplicationServices.framework/Versions/A/ApplicationServices
0x0000000003b5b000 	/usr/lib/libz.1.dylib
0x0000000003b5b000 	/usr/lib/libSystem.B.dylib
0x0000000003b5b000 	/usr/lib/libobjc.A.dylib
0x0000000003b5b000 	/System/Library/Frameworks/CoreFoundation.framework/Versions/A/CoreFoundation
0x0000000003b5b000 	/System/Library/Frameworks/Foundation.framework/Versions/C/Foundation
0x0000000003b5b000 	/System/Library/Frameworks/AppKit.framework/Versions/C/AppKit
0x0000000003b5b000 	/System/Library/Frameworks/CoreData.framework/Versions/A/CoreData
0x0000000003b5b000 	/System/Library/PrivateFrameworks/RemoteViewServices.framework/Versions/A/RemoteViewServices
0x0000000003b5b000 	/System/Library/PrivateFrameworks/UIFoundation.framework/Versions/A/UIFoundation
0x0000000003b5b000 	/System/Library/Frameworks/IOSurface.framework/Versions/A/IOSurface
0x0000000003b5b000 	/System/Library/Frameworks/AudioToolbox.framework/Versions/A/AudioToolbox
0x0000000003b5b000 	/System/Library/Frameworks/AudioUnit.framework/Versions/A/AudioUnit
0x0000000003b5b000 	/System/Library/PrivateFrameworks/DataDetectorsCore.framework/Versions/A/DataDetectorsCore
0x0000000003b5b000 	/System/Library/PrivateFrameworks/DesktopServicesPriv.framework/Versions/A/DesktopServicesPriv
0x0000000003b5b000 	/System/Library/Frameworks/Carbon.framework/Versions/A/Frameworks/HIToolbox.framework/Versions/A/HIToolbox
0x0000000003b5b000 	/System/Library/Frameworks/QuartzCore.framework/Versions/A/QuartzCore
0x0000000003b5b000 	/System/Library/Frameworks/Carbon.framework/Versions/A/Frameworks/SpeechRecognition.framework/Versions/A/SpeechRecognition
0x0000000003b5b000 	/usr/lib/libauto.dylib
0x0000000003b5b000 	/usr/lib/libicucore.A.dylib
0x0000000003b5b000 	/usr/lib/libxml2.2.dylib
0x0000000003b5b000 	/System/Library/PrivateFrameworks/CoreUI.framework/Versions/A/CoreUI
0x0000000003b5b000 	/System/Library/Frameworks/CoreAudio.framework/Versions/A/CoreAudio
0x0000000003b5b000 	/System/Library/Frameworks/DiskArbitration.framework/Versions/A/DiskArbitration
0x0000000003b5b000 	/usr/lib/liblangid.dylib
0x0000000003b5b000 	/System/Library/PrivateFrameworks/MultitouchSupport.framework/Versions/A/MultitouchSupport
0x0000000003b5b000 	/System/Library/Frameworks/IOKit.framework/Versions/A/IOKit
0x0000000003b5b000 	/usr/lib/libDiagnosticMessagesClient.dylib
0x0000000003b5b000 	/System/Library/Frameworks/CoreServices.framework/Versions/A/CoreServices
0x0000000003b5b000 	/System/Library/PrivateFrameworks/PerformanceAnalysis.framework/Versions/A/PerformanceAnalysis
0x0000000003b5b000 	/System/Library/PrivateFrameworks/GenerationalStorage.framework/Versions/A/GenerationalStorage
0x0000000003b5b000 	/System/Library/Frameworks/OpenGL.framework/Versions/A/OpenGL
0x0000000003b5b000 	/System/Library/PrivateFrameworks/Sharing.framework/Versions/A/Sharing
0x0000000003b5b000 	/System/Library/Frameworks/CoreGraphics.framework/Versions/A/CoreGraphics
0x0000000003b5b000 	/System/Library/Frameworks/CoreText.framework/Versions/A/CoreText
0x0000000003b5b000 	/System/Library/Frameworks/ImageIO.framework/Versions/A/ImageIO
0x0000000003b5b000 	/usr/lib/libextension.dylib
0x0000000003b5b000 	/System/Library/PrivateFrameworks/Backup.framework/Versions/A/Backup
0x0000000003b5b000 	/usr/lib/libarchive.2.dylib
0x0000000003b5b000 	/System/Library/Frameworks/CFNetwork.framework/Versions/A/CFNetwork
0x0000000003b5b000 	/System/Library/Frameworks/SystemConfiguration.framework/Versions/A/SystemConfiguration
0x0000000003b5b000 	/usr/lib/libCRFSuite.dylib
0x0000000003b5b000 	/usr/lib/libc++.1.dylib
0x0000000003b5b000 	/usr/lib/libc++abi.dylib
0x0000000003b5b000 	/usr/lib/system/libcache.dylib
0x0000000003b5b000 	/usr/lib/system/libcommonCrypto.dylib
0x0000000003b5b000 	/usr/lib/system/libcompiler_rt.dylib
0x0000000003b5b000 	/usr/lib/system/libcopyfile.dylib
0x0000000003b5b000 	/usr/lib/system/libcorecrypto.dylib
0x0000000003b5b000 	/usr/lib/system/libdispatch.dylib
0x0000000003b5b000 	/usr/lib/system/libdyld.dylib
0x0000000003b5b000 	/usr/lib/system/libkeymgr.dylib
0x0000000003b5b000 	/usr/lib/system/liblaunch.dylib
0x0000000003b5b000 	/usr/lib/system/libmacho.dylib
0x0000000003b5b000 	/usr/lib/system/libquarantine.dylib
0x0000000003b5b000 	/usr/lib/system/libremovefile.dylib
0x0000000003b5b000 	/usr/lib/system/libsystem_asl.dylib
0x0000000003b5b000 	/usr/lib/system/libsystem_blocks.dylib
0x0000000003b5b000 	/usr/lib/system/libsystem_c.dylib
0x0000000003b5b000 	/usr/lib/system/libsystem_configuration.dylib
0x0000000003b5b000 	/usr/lib/system/libsystem_coreservices.dylib
0x0000000003b5b000 	/usr/lib/system/libsystem_coretls.dylib
0x0000000003b5b000 	/usr/lib/system/libsystem_dnssd.dylib
0x0000000003b5b000 	/usr/lib/system/libsystem_info.dylib
0x0000000003b5b000 	/usr/lib/system/libsystem_kernel.dylib
0x0000000003b5b000 	/usr/lib/system/libsystem_m.dylib
0x0000000003b5b000 	/usr/lib/system/libsystem_malloc.dylib
0x0000000003b5b000 	/usr/lib/system/libsystem_network.dylib
0x0000000003b5b000 	/usr/lib/system/libsystem_networkextension.dylib
0x0000000003b5b000 	/usr/lib/system/libsystem_notify.dylib
0x0000000003b5b000 	/usr/lib/system/libsystem_platform.dylib
0x0000000003b5b000 	/usr/lib/system/libsystem_pthread.dylib
0x0000000003b5b000 	/usr/lib/system/libsystem_sandbox.dylib
0x0000000003b5b000 	/usr/lib/system/libsystem_secinit.dylib
0x0000000003b5b000 	/usr/lib/system/libsystem_stats.dylib
0x0000000003b5b000 	/usr/lib/system/libsystem_trace.dylib
0x0000000003b5b000 	/usr/lib/system/libunc.dylib
0x0000000003b5b000 	/usr/lib/system/libunwind.dylib
0x0000000003b5b000 	/usr/lib/system/libxpc.dylib
0x0000000003b5b000 	/usr/lib/libbz2.1.0.dylib
0x0000000003b5b000 	/usr/lib/liblzma.5.dylib
0x0000000003b5b000 	/usr/lib/libbsm.0.dylib
0x0000000003b5b000 	/usr/lib/libsqlite3.dylib
0x0000000003b5b000 	/usr/lib/system/libkxld.dylib
0x0000000003b5b000 	/usr/lib/libxar.1.dylib
0x0000000003b5b000 	/usr/lib/libpam.2.dylib
0x0000000003b5b000 	/usr/lib/libOpenScriptingUtil.dylib
0x0000000003b5b000 	/System/Library/Frameworks/CoreServices.framework/Versions/A/Frameworks/FSEvents.framework/Versions/A/FSEvents
0x0000000003b5b000 	/System/Library/Frameworks/CoreServices.framework/Versions/A/Frameworks/CarbonCore.framework/Versions/A/CarbonCore
0x0000000003b5b000 	/System/Library/Frameworks/CoreServices.framework/Versions/A/Frameworks/Metadata.framework/Versions/A/Metadata
0x0000000003b5b000 	/System/Library/Frameworks/CoreServices.framework/Versions/A/Frameworks/OSServices.framework/Versions/A/OSServices
0x0000000003b5b000 	/System/Library/Frameworks/CoreServices.framework/Versions/A/Frameworks/SearchKit.framework/Versions/A/SearchKit
0x0000000003b5b000 	/System/Library/Frameworks/CoreServices.framework/Versions/A/Frameworks/AE.framework/Versions/A/AE
0x0000000003b5b000 	/System/Library/Frameworks/CoreServices.framework/Versions/A/Frameworks/LaunchServices.framework/Versions/A/LaunchServices
0x0000000003b5b000 	/System/Library/Frameworks/CoreServices.framework/Versions/A/Frameworks/DictionaryServices.framework/Versions/A/DictionaryServices
0x0000000003b5b000 	/System/Library/Frameworks/NetFS.framework/Versions/A/NetFS
0x0000000003b5b000 	/System/Library/PrivateFrameworks/NetAuth.framework/Versions/A/NetAuth
0x0000000003b5b000 	/System/Library/PrivateFrameworks/login.framework/Versions/A/Frameworks/loginsupport.framework/Versions/A/loginsupport
0x0000000003b5b000 	/System/Library/PrivateFrameworks/TCC.framework/Versions/A/TCC
0x0000000003b5b000 	/usr/lib/libmecabra.dylib
0x0000000003b5b000 	/System/Library/Frameworks/ApplicationServices.framework/Versions/A/Frameworks/ATS.framework/Versions/A/ATS
0x0000000003b5b000 	/System/Library/Frameworks/ApplicationServices.framework/Versions/A/Frameworks/ColorSync.framework/Versions/A/ColorSync
0x0000000003b5b000 	/System/Library/Frameworks/ApplicationServices.framework/Versions/A/Frameworks/HIServices.framework/Versions/A/HIServices
0x0000000003b5b000 	/System/Library/Frameworks/ApplicationServices.framework/Versions/A/Frameworks/LangAnalysis.framework/Versions/A/LangAnalysis
0x0000000003b5b000 	/System/Library/Frameworks/ApplicationServices.framework/Versions/A/Frameworks/PrintCore.framework/Versions/A/PrintCore
0x0000000003b5b000 	/System/Library/Frameworks/ApplicationServices.framework/Versions/A/Frameworks/QD.framework/Versions/A/QD
0x0000000003b5b000 	/System/Library/Frameworks/ApplicationServices.framework/Versions/A/Frameworks/SpeechSynthesis.framework/Versions/A/SpeechSynthesis
0x0000000003b5b000 	/System/Library/Frameworks/Accelerate.framework/Versions/A/Accelerate
0x0000000003b5b000 	/System/Library/Frameworks/Accelerate.framework/Versions/A/Frameworks/vImage.framework/Versions/A/vImage
0x0000000003b5b000 	/System/Library/Frameworks/Accelerate.framework/Versions/A/Frameworks/vecLib.framework/Versions/A/vecLib
0x0000000003b5b000 	/System/Library/Frameworks/Accelerate.framework/Versions/A/Frameworks/vecLib.framework/Versions/A/libvDSP.dylib
0x0000000003b5b000 	/System/Library/Frameworks/Accelerate.framework/Versions/A/Frameworks/vecLib.framework/Versions/A/libvMisc.dylib
0x0000000003b5b000 	/System/Library/Frameworks/Accelerate.framework/Versions/A/Frameworks/vecLib.framework/Versions/A/libLAPACK.dylib
0x0000000003b5b000 	/System/Library/Frameworks/Accelerate.framework/Versions/A/Frameworks/vecLib.framework/Versions/A/libBLAS.dylib
0x0000000003b5b000 	/System/Library/Frameworks/Accelerate.framework/Versions/A/Frameworks/vecLib.framework/Versions/A/libLinearAlgebra.dylib
0x0000000003b5b000 	/System/Library/Frameworks/ApplicationServices.framework/Versions/A/Frameworks/ATS.framework/Versions/A/Resources/libFontParser.dylib
0x0000000003b5b000 	/System/Library/Frameworks/ApplicationServices.framework/Versions/A/Frameworks/ATS.framework/Versions/A/Resources/libFontRegistry.dylib
0x0000000003b5b000 	/System/Library/PrivateFrameworks/AppleVPA.framework/Versions/A/AppleVPA
0x0000000003b5b000 	/System/Library/PrivateFrameworks/AppleJPEG.framework/Versions/A/AppleJPEG
0x0000000003b5b000 	/System/Library/Frameworks/ImageIO.framework/Versions/A/Resources/libJPEG.dylib
0x0000000003b5b000 	/System/Library/Frameworks/ImageIO.framework/Versions/A/Resources/libTIFF.dylib
0x0000000003b5b000 	/System/Library/Frameworks/ImageIO.framework/Versions/A/Resources/libPng.dylib
0x0000000003b5b000 	/System/Library/Frameworks/ImageIO.framework/Versions/A/Resources/libGIF.dylib
0x0000000003b5b000 	/System/Library/Frameworks/ImageIO.framework/Versions/A/Resources/libJP2.dylib
0x0000000003b5b000 	/System/Library/Frameworks/ImageIO.framework/Versions/A/Resources/libRadiance.dylib
0x0000000003b5b000 	/System/Library/Frameworks/CoreVideo.framework/Versions/A/CoreVideo
0x0000000003b5b000 	/System/Library/Frameworks/OpenGL.framework/Versions/A/Libraries/libGLU.dylib
0x0000000003b5b000 	/System/Library/Frameworks/OpenGL.framework/Versions/A/Libraries/libGFXShared.dylib
0x0000000003b5b000 	/System/Library/Frameworks/OpenGL.framework/Versions/A/Libraries/libGL.dylib
0x0000000003b5b000 	/System/Library/Frameworks/OpenGL.framework/Versions/A/Libraries/libGLImage.dylib
0x0000000003b5b000 	/System/Library/Frameworks/OpenGL.framework/Versions/A/Libraries/libCVMSPluginSupport.dylib
0x0000000003b5b000 	/System/Library/Frameworks/OpenGL.framework/Versions/A/Libraries/libCoreVMClient.dylib
0x0000000003b5b000 	/usr/lib/libcups.2.dylib
0x0000000003b5b000 	/System/Library/Frameworks/Kerberos.framework/Versions/A/Kerberos
0x0000000003b5b000 	/System/Library/Frameworks/GSS.framework/Versions/A/GSS
0x0000000003b5b000 	/usr/lib/libresolv.9.dylib
0x0000000003b5b000 	/usr/lib/libiconv.2.dylib
0x0000000003b5b000 	/System/Library/PrivateFrameworks/Heimdal.framework/Versions/A/Heimdal
0x0000000003b5b000 	/usr/lib/libheimdal-asn1.dylib
0x0000000003b5b000 	/System/Library/Frameworks/OpenDirectory.framework/Versions/A/OpenDirectory
0x0000000003b5b000 	/System/Library/PrivateFrameworks/CommonAuth.framework/Versions/A/CommonAuth
0x0000000003b5b000 	/System/Library/Frameworks/OpenDirectory.framework/Versions/A/Frameworks/CFOpenDirectory.framework/Versions/A/CFOpenDirectory
0x0000000003b5b000 	/System/Library/Frameworks/SecurityFoundation.framework/Versions/A/SecurityFoundation
0x0000000003b5b000 	/System/Library/PrivateFrameworks/LanguageModeling.framework/Versions/A/LanguageModeling
0x0000000003b5b000 	/usr/lib/libcmph.dylib
0x0000000003b5b000 	/System/Library/Frameworks/ServiceManagement.framework/Versions/A/ServiceManagement
0x0000000003b5b000 	/usr/lib/libxslt.1.dylib
0x0000000003b5b000 	/System/Library/Frameworks/Carbon.framework/Versions/A/Frameworks/Ink.framework/Versions/A/Ink
0x0000000003b5b000 	/System/Library/Frameworks/QuartzCore.framework/Versions/A/Frameworks/CoreImage.framework/Versions/A/CoreImage
0x0000000003b5b000 	/System/Library/PrivateFrameworks/CrashReporterSupport.framework/Versions/A/CrashReporterSupport
0x0000000003b5b000 	/System/Library/Frameworks/OpenCL.framework/Versions/A/OpenCL
0x0000000003b5b000 	/System/Library/PrivateFrameworks/FaceCore.framework/Versions/A/FaceCore
0x0000000003b5b000 	/System/Library/PrivateFrameworks/Ubiquity.framework/Versions/A/Ubiquity
0x0000000003b5b000 	/System/Library/PrivateFrameworks/IconServices.framework/Versions/A/IconServices
0x0000000003b5b000 	/System/Library/PrivateFrameworks/ChunkingLibrary.framework/Versions/A/ChunkingLibrary
0x0000000003b5b000 	/System/Library/PrivateFrameworks/Apple80211.framework/Versions/A/Apple80211
0x0000000003b5b000 	/System/Library/Frameworks/CoreWLAN.framework/Versions/A/CoreWLAN
0x0000000003b5b000 	/System/Library/Frameworks/IOBluetooth.framework/Versions/A/IOBluetooth
0x0000000003b5b000 	/System/Library/PrivateFrameworks/CoreWiFi.framework/Versions/A/CoreWiFi
0x0000000003b5b000 	/System/Library/Frameworks/CoreBluetooth.framework/Versions/A/CoreBluetooth
0x0000000003b5b000 	/System/Library/PrivateFrameworks/DebugSymbols.framework/Versions/A/DebugSymbols
0x0000000003b5b000 	/System/Library/PrivateFrameworks/CoreSymbolication.framework/Versions/A/CoreSymbolication
0x0000000003b5b000 	/System/Library/PrivateFrameworks/Symbolication.framework/Versions/A/Symbolication
0x0000000003b5b000 	/System/Library/PrivateFrameworks/SpeechRecognitionCore.framework/Versions/A/SpeechRecognitionCore
0x000000010b6c8000 	/Library/Java/JavaVirtualMachines/jdk1.8.0_121.jdk/Contents/Home/jre/lib/server/libjvm.dylib
0x0000000003b5b000 	/usr/lib/libstdc++.6.dylib
0x000000010c784000 	/Library/Java/JavaVirtualMachines/jdk1.8.0_121.jdk/Contents/Home/jre/lib/libverify.dylib
0x000000010c792000 	/Library/Java/JavaVirtualMachines/jdk1.8.0_121.jdk/Contents/Home/jre/lib/libjava.dylib
0x000000010c7c8000 	/Library/Java/JavaVirtualMachines/jdk1.8.0_121.jdk/Contents/Home/jre/lib/libinstrument.dylib
0x000000010c7f5000 	/Library/Java/JavaVirtualMachines/jdk1.8.0_121.jdk/Contents/Home/jre/lib/libzip.dylib
0x0000000123081000 	/System/Library/Frameworks/JavaVM.framework/Frameworks/JavaRuntimeSupport.framework/JavaRuntimeSupport
0x0000000123097000 	/System/Library/Frameworks/JavaVM.framework/Versions/A/Frameworks/JavaNativeFoundation.framework/Versions/A/JavaNativeFoundation
0x00000001230ab000 	/System/Library/Frameworks/JavaVM.framework/Versions/A/JavaVM
0x0000000003b5b000 	/System/Library/Frameworks/Carbon.framework/Versions/A/Carbon
0x00000001230b7000 	/System/Library/PrivateFrameworks/JavaLaunching.framework/Versions/A/JavaLaunching
0x0000000003b5b000 	/System/Library/Frameworks/Carbon.framework/Versions/A/Frameworks/CommonPanels.framework/Versions/A/CommonPanels
0x0000000003b5b000 	/System/Library/Frameworks/Carbon.framework/Versions/A/Frameworks/Help.framework/Versions/A/Help
0x0000000003b5b000 	/System/Library/Frameworks/Carbon.framework/Versions/A/Frameworks/ImageCapture.framework/Versions/A/ImageCapture
0x0000000003b5b000 	/System/Library/Frameworks/Carbon.framework/Versions/A/Frameworks/OpenScripting.framework/Versions/A/OpenScripting
0x0000000003b5b000 	/System/Library/Frameworks/Carbon.framework/Versions/A/Frameworks/Print.framework/Versions/A/Print
0x0000000003b5b000 	/System/Library/Frameworks/Carbon.framework/Versions/A/Frameworks/SecurityHI.framework/Versions/A/SecurityHI
0x0000000124df3000 	/Library/Java/JavaVirtualMachines/jdk1.8.0_121.jdk/Contents/Home/jre/lib/libnet.dylib
0x000000012525e000 	/Library/Java/JavaVirtualMachines/jdk1.8.0_121.jdk/Contents/Home/jre/lib/libawt.dylib
0x0000000125306000 	/Library/Java/JavaVirtualMachines/jdk1.8.0_121.jdk/Contents/Home/jre/lib/./libmlib_image.dylib
0x00000001253d2000 	/Library/Java/JavaVirtualMachines/jdk1.8.0_121.jdk/Contents/Home/jre/lib/libawt_lwawt.dylib
0x0000000125489000 	/Library/Java/JavaVirtualMachines/jdk1.8.0_121.jdk/Contents/Home/jre/lib/./libosxapp.dylib
0x0000000003b5b000 	/System/Library/Frameworks/ExceptionHandling.framework/Versions/A/ExceptionHandling
0x0000000003b5b000 	/System/Library/PrivateFrameworks/CoreServicesInternal.framework/Versions/A/CoreServicesInternal
0x0000000003b5b000 	/System/Library/PrivateFrameworks/CloudDocs.framework/Versions/A/CloudDocs
0x0000000003b5b000 	/System/Library/PrivateFrameworks/CoreDuet.framework/Versions/A/CoreDuet
0x0000000003b5b000 	/System/Library/Frameworks/CloudKit.framework/Versions/A/CloudKit
0x0000000003b5b000 	/System/Library/PrivateFrameworks/ProtocolBuffer.framework/Versions/A/ProtocolBuffer
0x0000000003b5b000 	/System/Library/PrivateFrameworks/CoreDuetDaemonProtocol.framework/Versions/A/CoreDuetDaemonProtocol
0x0000000003b5b000 	/System/Library/PrivateFrameworks/CoreDuetDebugLogging.framework/Versions/A/CoreDuetDebugLogging
0x0000000003b5b000 	/System/Library/PrivateFrameworks/MMCS.framework/Versions/A/MMCS
0x0000000003b5b000 	/System/Library/Frameworks/CoreLocation.framework/Versions/A/CoreLocation
0x0000000003b5b000 	/System/Library/PrivateFrameworks/ProtectedCloudStorage.framework/Versions/A/ProtectedCloudStorage
0x0000000003b5b000 	/System/Library/PrivateFrameworks/GeoServices.framework/Versions/A/GeoServices
0x0000000003b5b000 	/System/Library/Frameworks/CoreGraphics.framework/Versions/A/Resources/libCGCMS.A.dylib
0x0000000003b5b000 	/System/Library/Frameworks/CoreGraphics.framework/Versions/A/Resources/libRIP.A.dylib
0x0000000003b5b000 	/System/Library/Frameworks/CoreGraphics.framework/Versions/A/Resources/libCGXType.A.dylib
0x0000000003b5b000 	/System/Library/Frameworks/OpenCL.framework/Versions/A/Libraries/libcldcpuengine.dylib
0x0000000003b5b000 	/System/Library/PrivateFrameworks/DiskImages.framework/Versions/A/DiskImages
0x0000000003b5b000 	/System/Library/Frameworks/DiscRecording.framework/Versions/A/DiscRecording
0x0000000003b5b000 	/usr/lib/libcsfde.dylib
0x0000000003b5b000 	/usr/lib/libcurl.4.dylib
0x0000000003b5b000 	/System/Library/PrivateFrameworks/MediaKit.framework/Versions/A/MediaKit
0x0000000003b5b000 	/usr/lib/libCoreStorage.dylib
0x0000000003b5b000 	/System/Library/PrivateFrameworks/EFILogin.framework/Versions/A/EFILogin
0x0000000003b5b000 	/usr/lib/libutil.dylib
0x0000000003b5b000 	/System/Library/PrivateFrameworks/FindMyDevice.framework/Versions/A/FindMyDevice
0x0000000003b5b000 	/System/Library/Frameworks/LDAP.framework/Versions/A/LDAP
0x0000000003b5b000 	/usr/lib/libsasl2.2.dylib
0x0000000003b5b000 	/System/Library/PrivateFrameworks/CoreDaemon.framework/Versions/B/CoreDaemon
0x0000000003b5b000 	/usr/lib/libcrypto.0.9.8.dylib
0x0000000003b5b000 	/System/Library/PrivateFrameworks/AppleSRP.framework/Versions/A/AppleSRP
0x0000000003b5b000 	/System/Library/PrivateFrameworks/TrustEvaluationAgent.framework/Versions/A/TrustEvaluationAgent
0x00000001287a2000 	cl_kernels
0x00000001287a4000 	/System/Library/Frameworks/OpenCL.framework/Versions/A/Libraries/ImageFormats/unorm8_bgra.dylib
0x0000000128794000 	cl_kernels
0x0000000003b5b000 	/System/Library/PrivateFrameworks/FamilyControls.framework/Versions/A/FamilyControls
0x0000000003b5b000 	/System/Library/PrivateFrameworks/CommerceKit.framework/Versions/A/Frameworks/CommerceCore.framework/Versions/A/CommerceCore
0x0000000003b5b000 	/System/Library/PrivateFrameworks/SystemAdministration.framework/Versions/A/SystemAdministration
0x0000000003b5b000 	/System/Library/PrivateFrameworks/AppContainer.framework/Versions/A/AppContainer
0x0000000003b5b000 	/System/Library/PrivateFrameworks/SecCodeWrapper.framework/Versions/A/SecCodeWrapper
0x0000000003b5b000 	/System/Library/Frameworks/DirectoryService.framework/Versions/A/DirectoryService
0x0000000003b5b000 	/System/Library/PrivateFrameworks/LoginUIKit.framework/Versions/A/Frameworks/LoginUICore.framework/Versions/A/LoginUICore
0x0000000003b5b000 	/usr/lib/libodfde.dylib
0x0000000129a43000 	/Library/Java/JavaVirtualMachines/jdk1.8.0_121.jdk/Contents/Home/jre/lib/libfontmanager.dylib
0x0000000129aaa000 	/Users/wifinaynay/Downloads/New-Beginner-Java-Game-Programming-Src-master/Episode 34/nightmare dungeon/lib/natives/native/macosx/liblwjgl.dylib
0x0000000127c14000 	/Library/Java/JavaVirtualMachines/jdk1.8.0_121.jdk/Contents/Home/jre/lib/libjawt.dylib
0x0000000003b5b000 	/System/Library/Frameworks/OpenGL.framework/Versions/A/Resources/GLEngine.bundle/GLEngine
0x0000000003b5b000 	/System/Library/Frameworks/OpenGL.framework/Versions/A/Libraries/libGLProgrammability.dylib
0x0000000129b2c000 	/System/Library/Extensions/AppleIntelBDWGraphicsGLDriver.bundle/Contents/MacOS/AppleIntelBDWGraphicsGLDriver
0x0000000003b5b000 	/System/Library/PrivateFrameworks/IOAccelerator.framework/Versions/A/IOAccelerator
0x0000000003b5b000 	/System/Library/PrivateFrameworks/GPUSupport.framework/Versions/A/Libraries/libGPUSupportMercury.dylib
0x0000000003b5b000 	/System/Library/Frameworks/OpenGL.framework/Versions/A/Resources/GLRendererFloat.bundle/GLRendererFloat
0x0000000128799000 	/Users/wifinaynay/Downloads/New-Beginner-Java-Game-Programming-Src-master/Episode 34/nightmare dungeon/lib/natives/native/macosx/libjinput-osx.dylib
0x000000012b6c7000 	/System/Library/Extensions/IOHIDFamily.kext/Contents/PlugIns/IOHIDLib.plugin/Contents/MacOS/IOHIDLib

VM Arguments:
jvm_args: -Djava.library.path=/Users/wifinaynay/Downloads/New-Beginner-Java-Game-Programming-Src-master/Episode 34/nightmare dungeon/lib/natives/native:/Users/wifinaynay/Downloads/New-Beginner-Java-Game-Programming-Src-master/Episode 34/nightmare dungeon/lib/natives/native/macosx -javaagent:/Applications/IntelliJ IDEA.app/Contents/lib/idea_rt.jar=60082:/Applications/IntelliJ IDEA.app/Contents/bin -Dfile.encoding=UTF-8 
java_command: Game
java_class_path (initial): /Library/Java/JavaVirtualMachines/jdk1.8.0_121.jdk/Contents/Home/jre/lib/charsets.jar:/Library/Java/JavaVirtualMachines/jdk1.8.0_121.jdk/Contents/Home/jre/lib/deploy.jar:/Library/Java/JavaVirtualMachines/jdk1.8.0_121.jdk/Contents/Home/jre/lib/ext/cldrdata.jar:/Library/Java/JavaVirtualMachines/jdk1.8.0_121.jdk/Contents/Home/jre/lib/ext/dnsns.jar:/Library/Java/JavaVirtualMachines/jdk1.8.0_121.jdk/Contents/Home/jre/lib/ext/jaccess.jar:/Library/Java/JavaVirtualMachines/jdk1.8.0_121.jdk/Contents/Home/jre/lib/ext/jfxrt.jar:/Library/Java/JavaVirtualMachines/jdk1.8.0_121.jdk/Contents/Home/jre/lib/ext/localedata.jar:/Library/Java/JavaVirtualMachines/jdk1.8.0_121.jdk/Contents/Home/jre/lib/ext/nashorn.jar:/Library/Java/JavaVirtualMachines/jdk1.8.0_121.jdk/Contents/Home/jre/lib/ext/sunec.jar:/Library/Java/JavaVirtualMachines/jdk1.8.0_121.jdk/Contents/Home/jre/lib/ext/sunjce_provider.jar:/Library/Java/JavaVirtualMachines/jdk1.8.0_121.jdk/Contents/Home/jre/lib/ext/sunpkcs11.jar:/Library/Java/JavaVirtualMachines/jdk1.8.0_121.jdk/Contents/Home/jre/lib/ext/zipfs.jar:/Library/Java/JavaVirtualMachines/jdk1.8.0_121.jdk/Contents/Home/jre/lib/javaws.jar:/Library/Java/JavaVirtualMachines/jdk1.8.0_121.jdk/Contents/Home/jre/lib/jce.jar:/Library/Java/JavaVirtualMachines/jdk1.8.0_121.jdk/Contents/Home/jre/lib/jfr.jar:/Library/Java/JavaVirtualMachines/jdk1.8.0_121.jdk/Contents/Home/jre/lib/jfxswt.jar:/Library/Java/JavaVirtualMachines/jdk1.8.0_121.jdk/Contents/Home/jre/lib/jsse.jar:/Library/Java/JavaVirtualMachines/jdk1.8.0_121.jdk/Contents/Home/jre/lib/management-agent.jar:/Library/Java/JavaVirtualMachines/jdk1.8.0_121.jdk/Contents/Home/jre/lib/plugin.jar:/Library/Java/JavaVirtualMachines/jdk1.8.0_121.jdk/Contents/Home/jre/lib/resources.jar:/Library/Java/JavaVirtualMachines/jdk1.8.0_121.jdk/Contents/Home/jre/lib/rt.jar:/Library/Java/JavaVirtualMachines/jdk1.8.0_121.jdk/Contents/Home/lib/ant-javafx.jar:/Library/Java/JavaVirtualMachines/jdk1.8.0_121.jdk/Contents/Home
Launcher Type: SUN_STANDARD

Environment Variables:
PATH=/usr/local/bin:/usr/bin:/bin:/usr/sbin:/sbin:/usr/local/MacGPG2/bin
SHELL=/bin/bash

Signal Handlers:
SIGSEGV: [libjvm.dylib+0x5b1141], sa_mask[0]=11111111011111110111111111111111, sa_flags=SA_ONSTACK|SA_RESTART|SA_SIGINFO
SIGBUS: [libjvm.dylib+0x5b1141], sa_mask[0]=11111111011111110111111111111111, sa_flags=SA_RESTART|SA_SIGINFO
SIGFPE: [libjvm.dylib+0x487bc4], sa_mask[0]=11111111011111110111111111111111, sa_flags=SA_RESTART|SA_SIGINFO
SIGPIPE: [libjvm.dylib+0x487bc4], sa_mask[0]=11111111011111110111111111111111, sa_flags=SA_RESTART|SA_SIGINFO
SIGXFSZ: [libjvm.dylib+0x487bc4], sa_mask[0]=11111111011111110111111111111111, sa_flags=SA_RESTART|SA_SIGINFO
SIGILL: [libjvm.dylib+0x487bc4], sa_mask[0]=11111111011111110111111111111111, sa_flags=SA_RESTART|SA_SIGINFO
SIGUSR1: SIG_DFL, sa_mask[0]=00000000000000000000000000000000, sa_flags=none
SIGUSR2: [libjvm.dylib+0x4876e2], sa_mask[0]=00100000000000000000000000000000, sa_flags=SA_RESTART|SA_SIGINFO
SIGHUP: [libjvm.dylib+0x485cb9], sa_mask[0]=11111111011111110111111111111111, sa_flags=SA_RESTART|SA_SIGINFO
SIGINT: [libjvm.dylib+0x485cb9], sa_mask[0]=11111111011111110111111111111111, sa_flags=SA_RESTART|SA_SIGINFO
SIGTERM: [libjvm.dylib+0x485cb9], sa_mask[0]=11111111011111110111111111111111, sa_flags=SA_RESTART|SA_SIGINFO
SIGQUIT: [libjvm.dylib+0x485cb9], sa_mask[0]=11111111011111110111111111111111, sa_flags=SA_RESTART|SA_SIGINFO


---------------  S Y S T E M  ---------------

OS:Bsduname:Darwin 14.5.0 Darwin Kernel Version 14.5.0: Tue Apr 11 16:12:42 PDT 2017; root:xnu-2782.50.9.2.3~1/RELEASE_X86_64 x86_64
rlimit: STACK 8192k, CORE 0k, NPROC 709, NOFILE 10240, AS infinity
load average:2.70 2.74 2.56

CPU:total 4 (2 cores per cpu, 2 threads per core) family 6 model 61 stepping 4, cmov, cx8, fxsr, mmx, sse, sse2, sse3, ssse3, sse4.1, sse4.2, popcnt, avx, avx2, aes, clmul, erms, 3dnowpref, lzcnt, ht, tsc, tscinvbit, bmi1, bmi2, adx

Memory: 4k page, physical 8388608k(94744k free)

/proc/meminfo:


vm_info: Java HotSpot(TM) 64-Bit Server VM (25.121-b13) for bsd-amd64 JRE (1.8.0_121-b13), built on Dec 12 2016 20:39:32 by "java_re" with gcc 4.2.1 (Based on Apple Inc. build 5658) (LLVM build 2336.11.00)

time: Fri Nov  3 22:13:58 2017
elapsed time: 13 seconds (0d 0h 0m 13s)

