#
# A fatal error has been detected by the Java Runtime Environment:
#
#  SIGSEGV (0xb) at pc=0x00007fff8aaa4e0e, pid=3978, tid=0x0000000000000713
#
# JRE version: Java(TM) SE Runtime Environment (8.0_121-b13) (build 1.8.0_121-b13)
# Java VM: Java HotSpot(TM) 64-Bit Server VM (25.121-b13 mixed mode bsd-amd64 compressed oops)
# Problematic frame:
# C  [GLEngine+0x16e0e]  glScissor_Exec+0x24
#
# Failed to write core dump. Core dumps have been disabled. To enable core dumping, try "ulimit -c unlimited" before starting Java again
#
# If you would like to submit a bug report, please visit:
#   http://bugreport.java.com/bugreport/crash.jsp
# The crash happened outside the Java Virtual Machine in native code.
# See problematic frame for where to report the bug.
#

---------------  T H R E A D  ---------------

Current thread (0x00007fea73867000):  JavaThread "AppKit Thread" daemon [_thread_in_native, id=1811, stack(0x00007fff51691000,0x00007fff51e91000)]

siginfo: si_signo: 11 (SIGSEGV), si_code: 0 (unknown), si_addr: 0x0000000000000000

Registers:
RAX=0xe4006b7694054630, RBX=0x00007fff75bd8070, RCX=0x00000000000003e8, RDX=0x0000000000000000
RSP=0x00007fff51e89ed0, RBP=0x00007fff51e89ef0, RSI=0x0000000000000000, RDI=0x8000000000000000
R8 =0x0000000000000352, R9 =0x0000000000000000, R10=0x0000000000000038, R11=0x0000000000000206
R12=0x00007fea729a9800, R13=0x000000000003d6cb, R14=0x0000000000001958, R15=0x0000000000000000
RIP=0x00007fff8aaa4e0e, EFLAGS=0x0000000000010202, ERR=0x0000000000000000
  TRAPNO=0x000000000000000d

Top of Stack: (sp=0x00007fff51e89ed0)
0x00007fff51e89ed0:   0000000000000000 00000352000003e8
0x00007fff51e89ee0:   e4006b7694054630 0000000020882992
0x00007fff51e89ef0:   00007fff51e89f60 00007fff92a9582f
0x00007fff51e89f00:   00007fff51e89f60 00007fff20882992
0x00007fff51e89f10:   3ff0000000000000 0000000000000000
0x00007fff51e89f20:   408f400000000000 408f400000000000
0x00007fff51e89f30:   408a900000000000 00007fea7274eb90
0x00007fff51e89f40:   0000000000001958 000000000003d6cb
0x00007fff51e89f50:   00007fea72485230 00007fff90e290c0
0x00007fff51e89f60:   00007fff51e89fb0 00007fff8bef0c34
0x00007fff51e89f70:   0000000000000000 00007fea7273f770
0x00007fff51e89f80:   00007fea729a9800 0000000000000000
0x00007fff51e89f90:   00007fff90e290c0 00007fea726584f0
0x00007fff51e89fa0:   00007fea7273f770 00007fea72485230
0x00007fff51e89fb0:   00007fff51e89fe0 00007fff8bedbb7c
0x00007fff51e89fc0:   00007fea7273f770 0000000000000094
0x00007fff51e89fd0:   00007fea72485230 00007fff51e8a500
0x00007fff51e89fe0:   00007fff51e8a010 000000012c259586
0x00007fff51e89ff0:   00007fea7273f770 000000012c28dc60
0x00007fff51e8a000:   00007fea726584f0 00007fea7273f770
0x00007fff51e8a010:   00007fff51e8a4f0 00007fff8bc9ff45
0x00007fff51e8a020:   0000000000000000 0000000000000000
0x00007fff51e8a030:   408f400000000000 408a900000000000
0x00007fff51e8a040:   0000000000000000 0000000000000000
0x00007fff51e8a050:   408f400000000000 408a900000000000
0x00007fff51e8a060:   408f400000000000 408b400000000000
0x00007fff51e8a070:   401c000000000000 408aa80000000000
0x00007fff51e8a080:   402c000000000000 4030000000000000
0x00007fff51e8a090:   401c000000000000 0000000000000000
0x00007fff51e8a0a0:   0000000000000000 4030000000000000
0x00007fff51e8a0b0:   00007fff8c582129 4018000000000000
0x00007fff51e8a0c0:   00007fea7240fcd0 0000000100000000 

Instructions: (pc=0x00007fff8aaa4e0e)
0x00007fff8aaa4dee:   53 48 83 ec 18 48 8b 1d 06 12 20 ea 48 8b 03 48
0x00007fff8aaa4dfe:   89 45 f0 89 75 e0 89 55 e4 89 4d e8 44 89 45 ec
0x00007fff8aaa4e0e:   66 83 bf 94 98 00 00 00 78 15 66 83 bf 28 9f 00
0x00007fff8aaa4e1e:   00 00 75 1b 66 c7 87 28 9f 00 00 02 05 eb 10 48 

Register to memory mapping:

RAX=0xe4006b7694054630 is an unknown value
RBX=0x00007fff75bd8070: __stack_chk_guard+0 in /usr/lib/system/libsystem_c.dylib at 0x00007fff91201000
RCX=0x00000000000003e8 is an unknown value
RDX=0x0000000000000000 is an unknown value
RSP=0x00007fff51e89ed0 is pointing into the stack for thread: 0x00007fea73867000
RBP=0x00007fff51e89ef0 is pointing into the stack for thread: 0x00007fea73867000
RSI=0x0000000000000000 is an unknown value
RDI=0x8000000000000000 is an unknown value
R8 =0x0000000000000352 is an unknown value
R9 =0x0000000000000000 is an unknown value
R10=0x0000000000000038 is an unknown value
R11=0x0000000000000206 is an unknown value
R12=0x00007fea729a9800 is an unknown value
R13=0x000000000003d6cb is an unknown value
R14=0x0000000000001958 is an unknown value
R15=0x0000000000000000 is an unknown value


Stack: [0x00007fff51691000,0x00007fff51e91000],  sp=0x00007fff51e89ed0,  free space=8163k
Native frames: (J=compiled Java code, j=interpreted, Vv=VM code, C=native code)
C  [GLEngine+0x16e0e]  glScissor_Exec+0x24
C  [OpenGL+0x782f]  CGLSetSurface+0x21e
C  [AppKit+0x332c34]  NSOpenGLContextAttachOnScreenViewSurface+0x109
C  [AppKit+0x31db7c]  -[NSOpenGLContext setView:]+0x83
C  [liblwjgl.dylib+0xa586]  -[MacOSXOpenGLView lockFocus]+0x76
C  [AppKit+0xe1f45]  -[NSView _recursiveDisplayRectIfNeededIgnoringOpacity:isVisibleRect:rectIsVisibleRectForView:topView:]+0x740
C  [AppKit+0xe2fa0]  -[NSView _recursiveDisplayRectIfNeededIgnoringOpacity:isVisibleRect:rectIsVisibleRectForView:topView:]+0x179b
C  [AppKit+0xe12f3]  -[NSThemeFrame _recursiveDisplayRectIfNeededIgnoringOpacity:isVisibleRect:rectIsVisibleRectForView:topView:]+0x14d
C  [AppKit+0xdd68b]  -[NSView _displayRectIgnoringOpacity:isVisibleRect:rectIsVisibleRectForView:]+0xac9
C  [AppKit+0x951ae]  -[NSView displayIfNeeded]+0x754
C  [AppKit+0x94a09]  -[NSWindow displayIfNeeded]+0xec
C  [AppKit+0x94672]  _handleWindowNeedsDisplayOrLayoutOrUpdateConstraints+0x3a8
C  [Foundation+0x4ba73]  __NSFireTimer+0x5f
C  [CoreFoundation+0xb7204]  __CFRUNLOOP_IS_CALLING_OUT_TO_A_TIMER_CALLBACK_FUNCTION__+0x14
C  [CoreFoundation+0xb6e93]  __CFRunLoopDoTimer+0x423
C  [CoreFoundation+0x12a53d]  __CFRunLoopDoTimers+0x12d
C  [CoreFoundation+0x72428]  __CFRunLoopRun+0x7e8
C  [CoreFoundation+0x719f8]  CFRunLoopRunSpecific+0x128
C  [HIToolbox+0x3256f]  RunCurrentEventLoopInMode+0xeb
C  [HIToolbox+0x322ea]  ReceiveNextEventCommon+0x1af
C  [HIToolbox+0x3212b]  _BlockUntilNextEventMatchingListInModeWithFilter+0x47
C  [AppKit+0x918ab]  _DPSNextEvent+0x3d2
C  [AppKit+0x90e58]  -[NSApplication nextEventMatchingMask:untilDate:inMode:dequeue:]+0x15a
C  [libosxapp.dylib+0x23aa]  -[NSApplicationAWT nextEventMatchingMask:untilDate:inMode:dequeue:]+0x7c
C  [AppKit+0x86af3]  -[NSApplication run]+0x252
C  [libosxapp.dylib+0x214d]  +[NSApplicationAWT runAWTLoopWithApp:]+0x9c
C  [libawt_lwawt.dylib+0x45ff7]  -[AWTStarter starter:]+0x389
C  [Foundation+0x92e20]  __NSThreadPerformPerform+0x125
C  [CoreFoundation+0x80821]  __CFRUNLOOP_IS_CALLING_OUT_TO_A_SOURCE0_PERFORM_FUNCTION__+0x11
C  [CoreFoundation+0x729ad]  __CFRunLoopDoSources0+0x10d
C  [CoreFoundation+0x71fdf]  __CFRunLoopRun+0x39f
C  [CoreFoundation+0x719f8]  CFRunLoopRunSpecific+0x128
C  [java+0x6465]  CreateExecutionEnvironment+0x367
C  [java+0x218c]  JLI_Launch+0x7a0
C  [java+0x84c2]  main+0x65
C  [java+0x19e4]  start+0x34
C  0x0000000000000007


---------------  P R O C E S S  ---------------

Java Threads: ( => current thread )
  0x00007fea732b2800 JavaThread "AWT-Shutdown" [_thread_blocked, id=13071, stack(0x00000001293fc000,0x00000001294fc000)]
=>0x00007fea73867000 JavaThread "AppKit Thread" daemon [_thread_in_native, id=1811, stack(0x00007fff51691000,0x00007fff51e91000)]
  0x00007fea7385a800 JavaThread "Service Thread" daemon [_thread_blocked, id=18691, stack(0x00000001277ff000,0x00000001278ff000)]
  0x00007fea73859800 JavaThread "C1 CompilerThread2" daemon [_thread_blocked, id=18179, stack(0x00000001276fc000,0x00000001277fc000)]
  0x00007fea7304f000 JavaThread "C2 CompilerThread1" daemon [_thread_blocked, id=17667, stack(0x00000001275f9000,0x00000001276f9000)]
  0x00007fea73858800 JavaThread "C2 CompilerThread0" daemon [_thread_blocked, id=17155, stack(0x0000000127497000,0x0000000127597000)]
  0x00007fea72827000 JavaThread "Monitor Ctrl-Break" daemon [_thread_in_native, id=16643, stack(0x0000000127394000,0x0000000127494000)]
  0x00007fea73830800 JavaThread "Signal Dispatcher" daemon [_thread_blocked, id=13579, stack(0x0000000127144000,0x0000000127244000)]
  0x00007fea74021800 JavaThread "Finalizer" daemon [_thread_blocked, id=11523, stack(0x0000000125726000,0x0000000125826000)]
  0x00007fea7382b800 JavaThread "Reference Handler" daemon [_thread_blocked, id=11011, stack(0x0000000125623000,0x0000000125723000)]
  0x00007fea74000000 JavaThread "main" [_thread_in_native, id=3331, stack(0x000000010ee11000,0x000000010ef11000)]

Other Threads:
  0x00007fea73829000 VMThread [stack: 0x0000000125520000,0x0000000125620000] [id=10499]
  0x00007fea7408b000 WatcherThread [stack: 0x0000000127903000,0x0000000127a03000] [id=19203]

VM state:not at safepoint (normal execution)

VM Mutex/Monitor currently owned by a thread: None

Heap:
 PSYoungGen      total 26624K, used 11401K [0x0000000795580000, 0x0000000797200000, 0x00000007c0000000)
  eden space 24064K, 46% used [0x0000000795580000,0x000000079605a7b8,0x0000000796d00000)
  from space 2560K, 11% used [0x0000000796d00000,0x0000000796d48000,0x0000000796f80000)
  to   space 2560K, 0% used [0x0000000796f80000,0x0000000796f80000,0x0000000797200000)
 ParOldGen       total 87552K, used 4948K [0x0000000740000000, 0x0000000745580000, 0x0000000795580000)
  object space 87552K, 5% used [0x0000000740000000,0x00000007404d5260,0x0000000745580000)
 Metaspace       used 8001K, capacity 8107K, committed 8320K, reserved 1056768K
  class space    used 807K, capacity 858K, committed 896K, reserved 1048576K

Card table byte_map: [0x000000011ebc0000,0x000000011efc1000] byte_map_base: 0x000000011b1c0000

Marking Bits: (ParMarkBitMap*) 0x000000010e75ed30
 Begin Bits: [0x000000011f678000, 0x0000000121678000)
 End Bits:   [0x0000000121678000, 0x0000000123678000)

Polling page: 0x000000010ef56000

CodeCache: size=245760Kb used=3928Kb max_used=3928Kb free=241831Kb
 bounds [0x000000010f800000, 0x000000010fbe0000, 0x000000011e800000]
 total_blobs=1359 nmethods=953 adapters=320
 compilation: enabled

Compilation events (10 events):
Event: 19.140 Thread 0x00007fea73859800  962   !   3       sun.awt.AWTAutoShutdown::setToolkitBusy (124 bytes)
Event: 19.141 Thread 0x00007fea73859800 nmethod 962 0x000000010fbc7c50 code [0x000000010fbc7e20, 0x000000010fbc86c8]
Event: 19.196 Thread 0x00007fea73859800  963       3       java.nio.HeapByteBuffer::putInt (20 bytes)
Event: 19.197 Thread 0x00007fea73859800 nmethod 963 0x000000010fbd6e50 code [0x000000010fbd6fe0, 0x000000010fbd73a8]
Event: 19.197 Thread 0x00007fea73859800  964       3       java.nio.Bits::putInt (20 bytes)
Event: 19.197 Thread 0x00007fea73859800 nmethod 964 0x000000010fbc7810 code [0x000000010fbc7980, 0x000000010fbc7b78]
Event: 19.221 Thread 0x00007fea73859800  965       3       java.nio.HeapByteBuffer::getInt (18 bytes)
Event: 19.222 Thread 0x00007fea73859800 nmethod 965 0x000000010fbd7510 code [0x000000010fbd7720, 0x000000010fbd8088]
Event: 19.222 Thread 0x00007fea73859800  966       3       java.nio.Bits::getInt (18 bytes)
Event: 19.223 Thread 0x00007fea73859800 nmethod 966 0x000000010fbd8850 code [0x000000010fbd8a60, 0x000000010fbd9418]

GC Heap History (10 events):
Event: 18.584 GC heap before
{Heap before GC invocations=31 (full 0):
 PSYoungGen      total 27648K, used 24448K [0x0000000795580000, 0x0000000797400000, 0x00000007c0000000)
  eden space 24064K, 100% used [0x0000000795580000,0x0000000796d00000,0x0000000796d00000)
  from space 3584K, 10% used [0x0000000797080000,0x00000007970e0000,0x0000000797400000)
  to   space 3584K, 0% used [0x0000000796d00000,0x0000000796d00000,0x0000000797080000)
 ParOldGen       total 87552K, used 4900K [0x0000000740000000, 0x0000000745580000, 0x0000000795580000)
  object space 87552K, 5% used [0x0000000740000000,0x00000007404c9260,0x0000000745580000)
 Metaspace       used 7988K, capacity 8107K, committed 8320K, reserved 1056768K
  class space    used 806K, capacity 858K, committed 896K, reserved 1048576K
Event: 18.586 GC heap after
Heap after GC invocations=31 (full 0):
 PSYoungGen      total 24576K, used 320K [0x0000000795580000, 0x0000000797300000, 0x00000007c0000000)
  eden space 24064K, 0% used [0x0000000795580000,0x0000000795580000,0x0000000796d00000)
  from space 512K, 62% used [0x0000000796d00000,0x0000000796d50000,0x0000000796d80000)
  to   space 3072K, 0% used [0x0000000797000000,0x0000000797000000,0x0000000797300000)
 ParOldGen       total 87552K, used 4916K [0x0000000740000000, 0x0000000745580000, 0x0000000795580000)
  object space 87552K, 5% used [0x0000000740000000,0x00000007404cd260,0x0000000745580000)
 Metaspace       used 7988K, capacity 8107K, committed 8320K, reserved 1056768K
  class space    used 806K, capacity 858K, committed 896K, reserved 1048576K
}
Event: 19.023 GC heap before
{Heap before GC invocations=32 (full 0):
 PSYoungGen      total 24576K, used 24384K [0x0000000795580000, 0x0000000797300000, 0x00000007c0000000)
  eden space 24064K, 100% used [0x0000000795580000,0x0000000796d00000,0x0000000796d00000)
  from space 512K, 62% used [0x0000000796d00000,0x0000000796d50000,0x0000000796d80000)
  to   space 3072K, 0% used [0x0000000797000000,0x0000000797000000,0x0000000797300000)
 ParOldGen       total 87552K, used 4916K [0x0000000740000000, 0x0000000745580000, 0x0000000795580000)
  object space 87552K, 5% used [0x0000000740000000,0x00000007404cd260,0x0000000745580000)
 Metaspace       used 7989K, capacity 8107K, committed 8320K, reserved 1056768K
  class space    used 806K, capacity 858K, committed 896K, reserved 1048576K
Event: 19.026 GC heap after
Heap after GC invocations=32 (full 0):
 PSYoungGen      total 27136K, used 288K [0x0000000795580000, 0x0000000797300000, 0x00000007c0000000)
  eden space 24064K, 0% used [0x0000000795580000,0x0000000795580000,0x0000000796d00000)
  from space 3072K, 9% used [0x0000000797000000,0x0000000797048000,0x0000000797300000)
  to   space 3072K, 0% used [0x0000000796d00000,0x0000000796d00000,0x0000000797000000)
 ParOldGen       total 87552K, used 4932K [0x0000000740000000, 0x0000000745580000, 0x0000000795580000)
  object space 87552K, 5% used [0x0000000740000000,0x00000007404d1260,0x0000000745580000)
 Metaspace       used 7989K, capacity 8107K, committed 8320K, reserved 1056768K
  class space    used 806K, capacity 858K, committed 896K, reserved 1048576K
}
Event: 19.376 GC heap before
{Heap before GC invocations=33 (full 0):
 PSYoungGen      total 27136K, used 24352K [0x0000000795580000, 0x0000000797300000, 0x00000007c0000000)
  eden space 24064K, 100% used [0x0000000795580000,0x0000000796d00000,0x0000000796d00000)
  from space 3072K, 9% used [0x0000000797000000,0x0000000797048000,0x0000000797300000)
  to   space 3072K, 0% used [0x0000000796d00000,0x0000000796d00000,0x0000000797000000)
 ParOldGen       total 87552K, used 4932K [0x0000000740000000, 0x0000000745580000, 0x0000000795580000)
  object space 87552K, 5% used [0x0000000740000000,0x00000007404d1260,0x0000000745580000)
 Metaspace       used 7995K, capacity 8107K, committed 8320K, reserved 1056768K
  class space    used 806K, capacity 858K, committed 896K, reserved 1048576K
Event: 19.378 GC heap after
Heap after GC invocations=33 (full 0):
 PSYoungGen      total 27136K, used 288K [0x0000000795580000, 0x0000000797300000, 0x00000007c0000000)
  eden space 24064K, 0% used [0x0000000795580000,0x0000000795580000,0x0000000796d00000)
  from space 3072K, 9% used [0x0000000796d00000,0x0000000796d48000,0x0000000797000000)
  to   space 3072K, 0% used [0x0000000797000000,0x0000000797000000,0x0000000797300000)
 ParOldGen       total 87552K, used 4948K [0x0000000740000000, 0x0000000745580000, 0x0000000795580000)
  object space 87552K, 5% used [0x0000000740000000,0x00000007404d5260,0x0000000745580000)
 Metaspace       used 7995K, capacity 8107K, committed 8320K, reserved 1056768K
  class space    used 806K, capacity 858K, committed 896K, reserved 1048576K
}
Event: 19.730 GC heap before
{Heap before GC invocations=34 (full 0):
 PSYoungGen      total 27136K, used 24352K [0x0000000795580000, 0x0000000797300000, 0x00000007c0000000)
  eden space 24064K, 100% used [0x0000000795580000,0x0000000796d00000,0x0000000796d00000)
  from space 3072K, 9% used [0x0000000796d00000,0x0000000796d48000,0x0000000797000000)
  to   space 3072K, 0% used [0x0000000797000000,0x0000000797000000,0x0000000797300000)
 ParOldGen       total 87552K, used 4948K [0x0000000740000000, 0x0000000745580000, 0x0000000795580000)
  object space 87552K, 5% used [0x0000000740000000,0x00000007404d5260,0x0000000745580000)
 Metaspace       used 7995K, capacity 8107K, committed 8320K, reserved 1056768K
  class space    used 806K, capacity 858K, committed 896K, reserved 1048576K
Event: 19.732 GC heap after
Heap after GC invocations=34 (full 0):
 PSYoungGen      total 26112K, used 320K [0x0000000795580000, 0x0000000797200000, 0x00000007c0000000)
  eden space 24064K, 0% used [0x0000000795580000,0x0000000795580000,0x0000000796d00000)
  from space 2048K, 15% used [0x0000000797000000,0x0000000797050000,0x0000000797200000)
  to   space 2560K, 0% used [0x0000000796d00000,0x0000000796d00000,0x0000000796f80000)
 ParOldGen       total 87552K, used 4948K [0x0000000740000000, 0x0000000745580000, 0x0000000795580000)
  object space 87552K, 5% used [0x0000000740000000,0x00000007404d5260,0x0000000745580000)
 Metaspace       used 7995K, capacity 8107K, committed 8320K, reserved 1056768K
  class space    used 806K, capacity 858K, committed 896K, reserved 1048576K
}
Event: 20.106 GC heap before
{Heap before GC invocations=35 (full 0):
 PSYoungGen      total 26112K, used 24384K [0x0000000795580000, 0x0000000797200000, 0x00000007c0000000)
  eden space 24064K, 100% used [0x0000000795580000,0x0000000796d00000,0x0000000796d00000)
  from space 2048K, 15% used [0x0000000797000000,0x0000000797050000,0x0000000797200000)
  to   space 2560K, 0% used [0x0000000796d00000,0x0000000796d00000,0x0000000796f80000)
 ParOldGen       total 87552K, used 4948K [0x0000000740000000, 0x0000000745580000, 0x0000000795580000)
  object space 87552K, 5% used [0x0000000740000000,0x00000007404d5260,0x0000000745580000)
 Metaspace       used 7995K, capacity 8107K, committed 8320K, reserved 1056768K
  class space    used 806K, capacity 858K, committed 896K, reserved 1048576K
Event: 20.108 GC heap after
Heap after GC invocations=35 (full 0):
 PSYoungGen      total 26624K, used 288K [0x0000000795580000, 0x0000000797200000, 0x00000007c0000000)
  eden space 24064K, 0% used [0x0000000795580000,0x0000000795580000,0x0000000796d00000)
  from space 2560K, 11% used [0x0000000796d00000,0x0000000796d48000,0x0000000796f80000)
  to   space 2560K, 0% used [0x0000000796f80000,0x0000000796f80000,0x0000000797200000)
 ParOldGen       total 87552K, used 4948K [0x0000000740000000, 0x0000000745580000, 0x0000000795580000)
  object space 87552K, 5% used [0x0000000740000000,0x00000007404d5260,0x0000000745580000)
 Metaspace       used 7995K, capacity 8107K, committed 8320K, reserved 1056768K
  class space    used 806K, capacity 858K, committed 896K, reserved 1048576K
}

Deoptimization events (5 events):
Event: 0.970 Thread 0x00007fea74000000 Uncommon trap: reason=unstable_if action=reinterpret pc=0x000000010f99ad9c method=java.lang.String.replace(CC)Ljava/lang/String; @ 26
Event: 11.568 Thread 0x00007fea74000000 Uncommon trap: reason=unstable_if action=reinterpret pc=0x000000010fbbb488 method=Room.checkCollision(LCharacter;)LEntity; @ 127
Event: 12.867 Thread 0x00007fea74021800 Uncommon trap: reason=unstable_if action=reinterpret pc=0x000000010fbb9304 method=java.lang.ref.Finalizer.remove()V @ 10
Event: 12.867 Thread 0x00007fea74021800 Uncommon trap: reason=unstable_if action=reinterpret pc=0x000000010fbb7c70 method=java.lang.ref.Finalizer.remove()V @ 10
Event: 12.867 Thread 0x00007fea74021800 Uncommon trap: reason=unstable_if action=reinterpret pc=0x000000010fbba718 method=java.lang.ref.Finalizer.remove()V @ 10

Internal exceptions (10 events):
Event: 0.060 Thread 0x00007fea74000000 Exception <a 'java/lang/NoSuchMethodError': Method sun.misc.Unsafe.defineClass(Ljava/lang/String;[BII)Ljava/lang/Class; name or signature does not match> (0x0000000795587ca8) thrown at [/Users/java_re/workspace/8-2-build-macosx-x86_64/jdk8u121/8372/hotspo
Event: 0.060 Thread 0x00007fea74000000 Exception <a 'java/lang/NoSuchMethodError': Method sun.misc.Unsafe.prefetchRead(Ljava/lang/Object;J)V name or signature does not match> (0x0000000795587f90) thrown at [/Users/java_re/workspace/8-2-build-macosx-x86_64/jdk8u121/8372/hotspot/src/share/vm/pri
Event: 0.478 Thread 0x00007fea74000000 Exception <a 'java/security/PrivilegedActionException'> (0x00000007959e87e8) thrown at [/Users/java_re/workspace/8-2-build-macosx-x86_64/jdk8u121/8372/hotspot/src/share/vm/prims/jvm.cpp, line 1390]
Event: 0.478 Thread 0x00007fea74000000 Exception <a 'java/security/PrivilegedActionException'> (0x00000007959e89f8) thrown at [/Users/java_re/workspace/8-2-build-macosx-x86_64/jdk8u121/8372/hotspot/src/share/vm/prims/jvm.cpp, line 1390]
Event: 0.478 Thread 0x00007fea74000000 Exception <a 'java/security/PrivilegedActionException'> (0x00000007959ebf10) thrown at [/Users/java_re/workspace/8-2-build-macosx-x86_64/jdk8u121/8372/hotspot/src/share/vm/prims/jvm.cpp, line 1390]
Event: 0.478 Thread 0x00007fea74000000 Exception <a 'java/security/PrivilegedActionException'> (0x00000007959ec120) thrown at [/Users/java_re/workspace/8-2-build-macosx-x86_64/jdk8u121/8372/hotspot/src/share/vm/prims/jvm.cpp, line 1390]
Event: 0.538 Thread 0x00007fea74000000 Exception <a 'java/lang/NoSuchFieldError': method resolution failed> (0x0000000795b1e3d0) thrown at [/Users/java_re/workspace/8-2-build-macosx-x86_64/jdk8u121/8372/hotspot/src/share/vm/prims/methodHandles.cpp, line 1146]
Event: 0.541 Thread 0x00007fea74000000 Exception <a 'java/lang/NoSuchFieldError': method resolution failed> (0x0000000795b2c3c0) thrown at [/Users/java_re/workspace/8-2-build-macosx-x86_64/jdk8u121/8372/hotspot/src/share/vm/prims/methodHandles.cpp, line 1146]
Event: 0.918 Thread 0x00007fea74000000 Exception <a 'java/io/FileNotFoundException'> (0x0000000795bcee90) thrown at [/Users/java_re/workspace/8-2-build-macosx-x86_64/jdk8u121/8372/hotspot/src/share/vm/prims/jni.cpp, line 709]
Event: 0.918 Thread 0x00007fea74000000 Exception <a 'java/io/FileNotFoundException'> (0x0000000795bcfa18) thrown at [/Users/java_re/workspace/8-2-build-macosx-x86_64/jdk8u121/8372/hotspot/src/share/vm/prims/jni.cpp, line 709]

Events (10 events):
Event: 18.584 Executing VM operation: ParallelGCFailedAllocation
Event: 18.586 Executing VM operation: ParallelGCFailedAllocation done
Event: 19.023 Executing VM operation: ParallelGCFailedAllocation
Event: 19.026 Executing VM operation: ParallelGCFailedAllocation done
Event: 19.376 Executing VM operation: ParallelGCFailedAllocation
Event: 19.378 Executing VM operation: ParallelGCFailedAllocation done
Event: 19.730 Executing VM operation: ParallelGCFailedAllocation
Event: 19.732 Executing VM operation: ParallelGCFailedAllocation done
Event: 20.106 Executing VM operation: ParallelGCFailedAllocation
Event: 20.108 Executing VM operation: ParallelGCFailedAllocation done


Dynamic libraries:
0x0000000003b5b000 	/System/Library/Frameworks/Cocoa.framework/Versions/A/Cocoa
0x0000000003b5b000 	/System/Library/Frameworks/Security.framework/Versions/A/Security
0x0000000003b5b000 	/System/Library/Frameworks/ApplicationServices.framework/Versions/A/ApplicationServices
0x0000000003b5b000 	/usr/lib/libz.1.dylib
0x0000000003b5b000 	/usr/lib/libSystem.B.dylib
0x0000000003b5b000 	/usr/lib/libobjc.A.dylib
0x0000000003b5b000 	/System/Library/Frameworks/CoreFoundation.framework/Versions/A/CoreFoundation
0x0000000003b5b000 	/System/Library/Frameworks/Foundation.framework/Versions/C/Foundation
0x0000000003b5b000 	/System/Library/Frameworks/AppKit.framework/Versions/C/AppKit
0x0000000003b5b000 	/System/Library/Frameworks/CoreData.framework/Versions/A/CoreData
0x0000000003b5b000 	/System/Library/PrivateFrameworks/RemoteViewServices.framework/Versions/A/RemoteViewServices
0x0000000003b5b000 	/System/Library/PrivateFrameworks/UIFoundation.framework/Versions/A/UIFoundation
0x0000000003b5b000 	/System/Library/Frameworks/IOSurface.framework/Versions/A/IOSurface
0x0000000003b5b000 	/System/Library/Frameworks/AudioToolbox.framework/Versions/A/AudioToolbox
0x0000000003b5b000 	/System/Library/Frameworks/AudioUnit.framework/Versions/A/AudioUnit
0x0000000003b5b000 	/System/Library/PrivateFrameworks/DataDetectorsCore.framework/Versions/A/DataDetectorsCore
0x0000000003b5b000 	/System/Library/PrivateFrameworks/DesktopServicesPriv.framework/Versions/A/DesktopServicesPriv
0x0000000003b5b000 	/System/Library/Frameworks/Carbon.framework/Versions/A/Frameworks/HIToolbox.framework/Versions/A/HIToolbox
0x0000000003b5b000 	/System/Library/Frameworks/QuartzCore.framework/Versions/A/QuartzCore
0x0000000003b5b000 	/System/Library/Frameworks/Carbon.framework/Versions/A/Frameworks/SpeechRecognition.framework/Versions/A/SpeechRecognition
0x0000000003b5b000 	/usr/lib/libauto.dylib
0x0000000003b5b000 	/usr/lib/libicucore.A.dylib
0x0000000003b5b000 	/usr/lib/libxml2.2.dylib
0x0000000003b5b000 	/System/Library/PrivateFrameworks/CoreUI.framework/Versions/A/CoreUI
0x0000000003b5b000 	/System/Library/Frameworks/CoreAudio.framework/Versions/A/CoreAudio
0x0000000003b5b000 	/System/Library/Frameworks/DiskArbitration.framework/Versions/A/DiskArbitration
0x0000000003b5b000 	/usr/lib/liblangid.dylib
0x0000000003b5b000 	/System/Library/PrivateFrameworks/MultitouchSupport.framework/Versions/A/MultitouchSupport
0x0000000003b5b000 	/System/Library/Frameworks/IOKit.framework/Versions/A/IOKit
0x0000000003b5b000 	/usr/lib/libDiagnosticMessagesClient.dylib
0x0000000003b5b000 	/System/Library/Frameworks/CoreServices.framework/Versions/A/CoreServices
0x0000000003b5b000 	/System/Library/PrivateFrameworks/PerformanceAnalysis.framework/Versions/A/PerformanceAnalysis
0x0000000003b5b000 	/System/Library/PrivateFrameworks/GenerationalStorage.framework/Versions/A/GenerationalStorage
0x0000000003b5b000 	/System/Library/Frameworks/OpenGL.framework/Versions/A/OpenGL
0x0000000003b5b000 	/System/Library/PrivateFrameworks/Sharing.framework/Versions/A/Sharing
0x0000000003b5b000 	/System/Library/Frameworks/CoreGraphics.framework/Versions/A/CoreGraphics
0x0000000003b5b000 	/System/Library/Frameworks/CoreText.framework/Versions/A/CoreText
0x0000000003b5b000 	/System/Library/Frameworks/ImageIO.framework/Versions/A/ImageIO
0x0000000003b5b000 	/usr/lib/libextension.dylib
0x0000000003b5b000 	/System/Library/PrivateFrameworks/Backup.framework/Versions/A/Backup
0x0000000003b5b000 	/usr/lib/libarchive.2.dylib
0x0000000003b5b000 	/System/Library/Frameworks/CFNetwork.framework/Versions/A/CFNetwork
0x0000000003b5b000 	/System/Library/Frameworks/SystemConfiguration.framework/Versions/A/SystemConfiguration
0x0000000003b5b000 	/usr/lib/libCRFSuite.dylib
0x0000000003b5b000 	/usr/lib/libc++.1.dylib
0x0000000003b5b000 	/usr/lib/libc++abi.dylib
0x0000000003b5b000 	/usr/lib/system/libcache.dylib
0x0000000003b5b000 	/usr/lib/system/libcommonCrypto.dylib
0x0000000003b5b000 	/usr/lib/system/libcompiler_rt.dylib
0x0000000003b5b000 	/usr/lib/system/libcopyfile.dylib
0x0000000003b5b000 	/usr/lib/system/libcorecrypto.dylib
0x0000000003b5b000 	/usr/lib/system/libdispatch.dylib
0x0000000003b5b000 	/usr/lib/system/libdyld.dylib
0x0000000003b5b000 	/usr/lib/system/libkeymgr.dylib
0x0000000003b5b000 	/usr/lib/system/liblaunch.dylib
0x0000000003b5b000 	/usr/lib/system/libmacho.dylib
0x0000000003b5b000 	/usr/lib/system/libquarantine.dylib
0x0000000003b5b000 	/usr/lib/system/libremovefile.dylib
0x0000000003b5b000 	/usr/lib/system/libsystem_asl.dylib
0x0000000003b5b000 	/usr/lib/system/libsystem_blocks.dylib
0x0000000003b5b000 	/usr/lib/system/libsystem_c.dylib
0x0000000003b5b000 	/usr/lib/system/libsystem_configuration.dylib
0x0000000003b5b000 	/usr/lib/system/libsystem_coreservices.dylib
0x0000000003b5b000 	/usr/lib/system/libsystem_coretls.dylib
0x0000000003b5b000 	/usr/lib/system/libsystem_dnssd.dylib
0x0000000003b5b000 	/usr/lib/system/libsystem_info.dylib
0x0000000003b5b000 	/usr/lib/system/libsystem_kernel.dylib
0x0000000003b5b000 	/usr/lib/system/libsystem_m.dylib
0x0000000003b5b000 	/usr/lib/system/libsystem_malloc.dylib
0x0000000003b5b000 	/usr/lib/system/libsystem_network.dylib
0x0000000003b5b000 	/usr/lib/system/libsystem_networkextension.dylib
0x0000000003b5b000 	/usr/lib/system/libsystem_notify.dylib
0x0000000003b5b000 	/usr/lib/system/libsystem_platform.dylib
0x0000000003b5b000 	/usr/lib/system/libsystem_pthread.dylib
0x0000000003b5b000 	/usr/lib/system/libsystem_sandbox.dylib
0x0000000003b5b000 	/usr/lib/system/libsystem_secinit.dylib
0x0000000003b5b000 	/usr/lib/system/libsystem_stats.dylib
0x0000000003b5b000 	/usr/lib/system/libsystem_trace.dylib
0x0000000003b5b000 	/usr/lib/system/libunc.dylib
0x0000000003b5b000 	/usr/lib/system/libunwind.dylib
0x0000000003b5b000 	/usr/lib/system/libxpc.dylib
0x0000000003b5b000 	/usr/lib/libbz2.1.0.dylib
0x0000000003b5b000 	/usr/lib/liblzma.5.dylib
0x0000000003b5b000 	/usr/lib/libbsm.0.dylib
0x0000000003b5b000 	/usr/lib/libsqlite3.dylib
0x0000000003b5b000 	/usr/lib/system/libkxld.dylib
0x0000000003b5b000 	/usr/lib/libxar.1.dylib
0x0000000003b5b000 	/usr/lib/libpam.2.dylib
0x0000000003b5b000 	/usr/lib/libOpenScriptingUtil.dylib
0x0000000003b5b000 	/System/Library/Frameworks/CoreServices.framework/Versions/A/Frameworks/FSEvents.framework/Versions/A/FSEvents
0x0000000003b5b000 	/System/Library/Frameworks/CoreServices.framework/Versions/A/Frameworks/CarbonCore.framework/Versions/A/CarbonCore
0x0000000003b5b000 	/System/Library/Frameworks/CoreServices.framework/Versions/A/Frameworks/Metadata.framework/Versions/A/Metadata
0x0000000003b5b000 	/System/Library/Frameworks/CoreServices.framework/Versions/A/Frameworks/OSServices.framework/Versions/A/OSServices
0x0000000003b5b000 	/System/Library/Frameworks/CoreServices.framework/Versions/A/Frameworks/SearchKit.framework/Versions/A/SearchKit
0x0000000003b5b000 	/System/Library/Frameworks/CoreServices.framework/Versions/A/Frameworks/AE.framework/Versions/A/AE
0x0000000003b5b000 	/System/Library/Frameworks/CoreServices.framework/Versions/A/Frameworks/LaunchServices.framework/Versions/A/LaunchServices
0x0000000003b5b000 	/System/Library/Frameworks/CoreServices.framework/Versions/A/Frameworks/DictionaryServices.framework/Versions/A/DictionaryServices
0x0000000003b5b000 	/System/Library/Frameworks/NetFS.framework/Versions/A/NetFS
0x0000000003b5b000 	/System/Library/PrivateFrameworks/NetAuth.framework/Versions/A/NetAuth
0x0000000003b5b000 	/System/Library/PrivateFrameworks/login.framework/Versions/A/Frameworks/loginsupport.framework/Versions/A/loginsupport
0x0000000003b5b000 	/System/Library/PrivateFrameworks/TCC.framework/Versions/A/TCC
0x0000000003b5b000 	/usr/lib/libmecabra.dylib
0x0000000003b5b000 	/System/Library/Frameworks/ApplicationServices.framework/Versions/A/Frameworks/ATS.framework/Versions/A/ATS
0x0000000003b5b000 	/System/Library/Frameworks/ApplicationServices.framework/Versions/A/Frameworks/ColorSync.framework/Versions/A/ColorSync
0x0000000003b5b000 	/System/Library/Frameworks/ApplicationServices.framework/Versions/A/Frameworks/HIServices.framework/Versions/A/HIServices
0x0000000003b5b000 	/System/Library/Frameworks/ApplicationServices.framework/Versions/A/Frameworks/LangAnalysis.framework/Versions/A/LangAnalysis
0x0000000003b5b000 	/System/Library/Frameworks/ApplicationServices.framework/Versions/A/Frameworks/PrintCore.framework/Versions/A/PrintCore
0x0000000003b5b000 	/System/Library/Frameworks/ApplicationServices.framework/Versions/A/Frameworks/QD.framework/Versions/A/QD
0x0000000003b5b000 	/System/Library/Frameworks/ApplicationServices.framework/Versions/A/Frameworks/SpeechSynthesis.framework/Versions/A/SpeechSynthesis
0x0000000003b5b000 	/System/Library/Frameworks/Accelerate.framework/Versions/A/Accelerate
0x0000000003b5b000 	/System/Library/Frameworks/Accelerate.framework/Versions/A/Frameworks/vImage.framework/Versions/A/vImage
0x0000000003b5b000 	/System/Library/Frameworks/Accelerate.framework/Versions/A/Frameworks/vecLib.framework/Versions/A/vecLib
0x0000000003b5b000 	/System/Library/Frameworks/Accelerate.framework/Versions/A/Frameworks/vecLib.framework/Versions/A/libvDSP.dylib
0x0000000003b5b000 	/System/Library/Frameworks/Accelerate.framework/Versions/A/Frameworks/vecLib.framework/Versions/A/libvMisc.dylib
0x0000000003b5b000 	/System/Library/Frameworks/Accelerate.framework/Versions/A/Frameworks/vecLib.framework/Versions/A/libLAPACK.dylib
0x0000000003b5b000 	/System/Library/Frameworks/Accelerate.framework/Versions/A/Frameworks/vecLib.framework/Versions/A/libBLAS.dylib
0x0000000003b5b000 	/System/Library/Frameworks/Accelerate.framework/Versions/A/Frameworks/vecLib.framework/Versions/A/libLinearAlgebra.dylib
0x0000000003b5b000 	/System/Library/Frameworks/ApplicationServices.framework/Versions/A/Frameworks/ATS.framework/Versions/A/Resources/libFontParser.dylib
0x0000000003b5b000 	/System/Library/Frameworks/ApplicationServices.framework/Versions/A/Frameworks/ATS.framework/Versions/A/Resources/libFontRegistry.dylib
0x0000000003b5b000 	/System/Library/PrivateFrameworks/AppleVPA.framework/Versions/A/AppleVPA
0x0000000003b5b000 	/System/Library/PrivateFrameworks/AppleJPEG.framework/Versions/A/AppleJPEG
0x0000000003b5b000 	/System/Library/Frameworks/ImageIO.framework/Versions/A/Resources/libJPEG.dylib
0x0000000003b5b000 	/System/Library/Frameworks/ImageIO.framework/Versions/A/Resources/libTIFF.dylib
0x0000000003b5b000 	/System/Library/Frameworks/ImageIO.framework/Versions/A/Resources/libPng.dylib
0x0000000003b5b000 	/System/Library/Frameworks/ImageIO.framework/Versions/A/Resources/libGIF.dylib
0x0000000003b5b000 	/System/Library/Frameworks/ImageIO.framework/Versions/A/Resources/libJP2.dylib
0x0000000003b5b000 	/System/Library/Frameworks/ImageIO.framework/Versions/A/Resources/libRadiance.dylib
0x0000000003b5b000 	/System/Library/Frameworks/CoreVideo.framework/Versions/A/CoreVideo
0x0000000003b5b000 	/System/Library/Frameworks/OpenGL.framework/Versions/A/Libraries/libGLU.dylib
0x0000000003b5b000 	/System/Library/Frameworks/OpenGL.framework/Versions/A/Libraries/libGFXShared.dylib
0x0000000003b5b000 	/System/Library/Frameworks/OpenGL.framework/Versions/A/Libraries/libGL.dylib
0x0000000003b5b000 	/System/Library/Frameworks/OpenGL.framework/Versions/A/Libraries/libGLImage.dylib
0x0000000003b5b000 	/System/Library/Frameworks/OpenGL.framework/Versions/A/Libraries/libCVMSPluginSupport.dylib
0x0000000003b5b000 	/System/Library/Frameworks/OpenGL.framework/Versions/A/Libraries/libCoreVMClient.dylib
0x0000000003b5b000 	/usr/lib/libcups.2.dylib
0x0000000003b5b000 	/System/Library/Frameworks/Kerberos.framework/Versions/A/Kerberos
0x0000000003b5b000 	/System/Library/Frameworks/GSS.framework/Versions/A/GSS
0x0000000003b5b000 	/usr/lib/libresolv.9.dylib
0x0000000003b5b000 	/usr/lib/libiconv.2.dylib
0x0000000003b5b000 	/System/Library/PrivateFrameworks/Heimdal.framework/Versions/A/Heimdal
0x0000000003b5b000 	/usr/lib/libheimdal-asn1.dylib
0x0000000003b5b000 	/System/Library/Frameworks/OpenDirectory.framework/Versions/A/OpenDirectory
0x0000000003b5b000 	/System/Library/PrivateFrameworks/CommonAuth.framework/Versions/A/CommonAuth
0x0000000003b5b000 	/System/Library/Frameworks/OpenDirectory.framework/Versions/A/Frameworks/CFOpenDirectory.framework/Versions/A/CFOpenDirectory
0x0000000003b5b000 	/System/Library/Frameworks/SecurityFoundation.framework/Versions/A/SecurityFoundation
0x0000000003b5b000 	/System/Library/PrivateFrameworks/LanguageModeling.framework/Versions/A/LanguageModeling
0x0000000003b5b000 	/usr/lib/libcmph.dylib
0x0000000003b5b000 	/System/Library/Frameworks/ServiceManagement.framework/Versions/A/ServiceManagement
0x0000000003b5b000 	/usr/lib/libxslt.1.dylib
0x0000000003b5b000 	/System/Library/Frameworks/Carbon.framework/Versions/A/Frameworks/Ink.framework/Versions/A/Ink
0x0000000003b5b000 	/System/Library/Frameworks/QuartzCore.framework/Versions/A/Frameworks/CoreImage.framework/Versions/A/CoreImage
0x0000000003b5b000 	/System/Library/PrivateFrameworks/CrashReporterSupport.framework/Versions/A/CrashReporterSupport
0x0000000003b5b000 	/System/Library/Frameworks/OpenCL.framework/Versions/A/OpenCL
0x0000000003b5b000 	/System/Library/PrivateFrameworks/FaceCore.framework/Versions/A/FaceCore
0x0000000003b5b000 	/System/Library/PrivateFrameworks/Ubiquity.framework/Versions/A/Ubiquity
0x0000000003b5b000 	/System/Library/PrivateFrameworks/IconServices.framework/Versions/A/IconServices
0x0000000003b5b000 	/System/Library/PrivateFrameworks/ChunkingLibrary.framework/Versions/A/ChunkingLibrary
0x0000000003b5b000 	/System/Library/PrivateFrameworks/Apple80211.framework/Versions/A/Apple80211
0x0000000003b5b000 	/System/Library/Frameworks/CoreWLAN.framework/Versions/A/CoreWLAN
0x0000000003b5b000 	/System/Library/Frameworks/IOBluetooth.framework/Versions/A/IOBluetooth
0x0000000003b5b000 	/System/Library/PrivateFrameworks/CoreWiFi.framework/Versions/A/CoreWiFi
0x0000000003b5b000 	/System/Library/Frameworks/CoreBluetooth.framework/Versions/A/CoreBluetooth
0x0000000003b5b000 	/System/Library/PrivateFrameworks/DebugSymbols.framework/Versions/A/DebugSymbols
0x0000000003b5b000 	/System/Library/PrivateFrameworks/CoreSymbolication.framework/Versions/A/CoreSymbolication
0x0000000003b5b000 	/System/Library/PrivateFrameworks/Symbolication.framework/Versions/A/Symbolication
0x0000000003b5b000 	/System/Library/PrivateFrameworks/SpeechRecognitionCore.framework/Versions/A/SpeechRecognitionCore
0x000000010de6e000 	/Library/Java/JavaVirtualMachines/jdk1.8.0_121.jdk/Contents/Home/jre/lib/server/libjvm.dylib
0x0000000003b5b000 	/usr/lib/libstdc++.6.dylib
0x000000010ef13000 	/Library/Java/JavaVirtualMachines/jdk1.8.0_121.jdk/Contents/Home/jre/lib/libverify.dylib
0x000000010ef21000 	/Library/Java/JavaVirtualMachines/jdk1.8.0_121.jdk/Contents/Home/jre/lib/libjava.dylib
0x000000010ef57000 	/Library/Java/JavaVirtualMachines/jdk1.8.0_121.jdk/Contents/Home/jre/lib/libinstrument.dylib
0x000000010efcc000 	/Library/Java/JavaVirtualMachines/jdk1.8.0_121.jdk/Contents/Home/jre/lib/libzip.dylib
0x0000000125828000 	/System/Library/Frameworks/JavaVM.framework/Frameworks/JavaRuntimeSupport.framework/JavaRuntimeSupport
0x000000012583e000 	/System/Library/Frameworks/JavaVM.framework/Versions/A/Frameworks/JavaNativeFoundation.framework/Versions/A/JavaNativeFoundation
0x0000000125852000 	/System/Library/Frameworks/JavaVM.framework/Versions/A/JavaVM
0x0000000003b5b000 	/System/Library/Frameworks/Carbon.framework/Versions/A/Carbon
0x000000012585e000 	/System/Library/PrivateFrameworks/JavaLaunching.framework/Versions/A/JavaLaunching
0x0000000003b5b000 	/System/Library/Frameworks/Carbon.framework/Versions/A/Frameworks/CommonPanels.framework/Versions/A/CommonPanels
0x0000000003b5b000 	/System/Library/Frameworks/Carbon.framework/Versions/A/Frameworks/Help.framework/Versions/A/Help
0x0000000003b5b000 	/System/Library/Frameworks/Carbon.framework/Versions/A/Frameworks/ImageCapture.framework/Versions/A/ImageCapture
0x0000000003b5b000 	/System/Library/Frameworks/Carbon.framework/Versions/A/Frameworks/OpenScripting.framework/Versions/A/OpenScripting
0x0000000003b5b000 	/System/Library/Frameworks/Carbon.framework/Versions/A/Frameworks/Print.framework/Versions/A/Print
0x0000000003b5b000 	/System/Library/Frameworks/Carbon.framework/Versions/A/Frameworks/SecurityHI.framework/Versions/A/SecurityHI
0x0000000127599000 	/Library/Java/JavaVirtualMachines/jdk1.8.0_121.jdk/Contents/Home/jre/lib/libnet.dylib
0x0000000127a05000 	/Library/Java/JavaVirtualMachines/jdk1.8.0_121.jdk/Contents/Home/jre/lib/libawt.dylib
0x0000000127aad000 	/Library/Java/JavaVirtualMachines/jdk1.8.0_121.jdk/Contents/Home/jre/lib/./libmlib_image.dylib
0x0000000127b79000 	/Library/Java/JavaVirtualMachines/jdk1.8.0_121.jdk/Contents/Home/jre/lib/libawt_lwawt.dylib
0x0000000127c30000 	/Library/Java/JavaVirtualMachines/jdk1.8.0_121.jdk/Contents/Home/jre/lib/./libosxapp.dylib
0x0000000003b5b000 	/System/Library/Frameworks/ExceptionHandling.framework/Versions/A/ExceptionHandling
0x0000000003b5b000 	/System/Library/PrivateFrameworks/CoreServicesInternal.framework/Versions/A/CoreServicesInternal
0x0000000003b5b000 	/System/Library/PrivateFrameworks/CloudDocs.framework/Versions/A/CloudDocs
0x0000000003b5b000 	/System/Library/PrivateFrameworks/CoreDuet.framework/Versions/A/CoreDuet
0x0000000003b5b000 	/System/Library/Frameworks/CloudKit.framework/Versions/A/CloudKit
0x0000000003b5b000 	/System/Library/PrivateFrameworks/ProtocolBuffer.framework/Versions/A/ProtocolBuffer
0x0000000003b5b000 	/System/Library/PrivateFrameworks/CoreDuetDaemonProtocol.framework/Versions/A/CoreDuetDaemonProtocol
0x0000000003b5b000 	/System/Library/PrivateFrameworks/CoreDuetDebugLogging.framework/Versions/A/CoreDuetDebugLogging
0x0000000003b5b000 	/System/Library/PrivateFrameworks/MMCS.framework/Versions/A/MMCS
0x0000000003b5b000 	/System/Library/Frameworks/CoreLocation.framework/Versions/A/CoreLocation
0x0000000003b5b000 	/System/Library/PrivateFrameworks/ProtectedCloudStorage.framework/Versions/A/ProtectedCloudStorage
0x0000000003b5b000 	/System/Library/PrivateFrameworks/GeoServices.framework/Versions/A/GeoServices
0x0000000003b5b000 	/System/Library/Frameworks/CoreGraphics.framework/Versions/A/Resources/libCGCMS.A.dylib
0x0000000003b5b000 	/System/Library/Frameworks/CoreGraphics.framework/Versions/A/Resources/libRIP.A.dylib
0x0000000003b5b000 	/System/Library/Frameworks/CoreGraphics.framework/Versions/A/Resources/libCGXType.A.dylib
0x0000000003b5b000 	/System/Library/Frameworks/OpenCL.framework/Versions/A/Libraries/libcldcpuengine.dylib
0x0000000003b5b000 	/System/Library/PrivateFrameworks/DiskImages.framework/Versions/A/DiskImages
0x0000000003b5b000 	/System/Library/Frameworks/DiscRecording.framework/Versions/A/DiscRecording
0x0000000003b5b000 	/usr/lib/libcsfde.dylib
0x0000000003b5b000 	/usr/lib/libcurl.4.dylib
0x0000000003b5b000 	/System/Library/PrivateFrameworks/MediaKit.framework/Versions/A/MediaKit
0x0000000003b5b000 	/usr/lib/libCoreStorage.dylib
0x0000000003b5b000 	/System/Library/PrivateFrameworks/EFILogin.framework/Versions/A/EFILogin
0x0000000003b5b000 	/usr/lib/libutil.dylib
0x0000000003b5b000 	/System/Library/PrivateFrameworks/FindMyDevice.framework/Versions/A/FindMyDevice
0x0000000003b5b000 	/System/Library/Frameworks/LDAP.framework/Versions/A/LDAP
0x0000000003b5b000 	/usr/lib/libsasl2.2.dylib
0x0000000003b5b000 	/System/Library/PrivateFrameworks/CoreDaemon.framework/Versions/B/CoreDaemon
0x0000000003b5b000 	/usr/lib/libcrypto.0.9.8.dylib
0x0000000003b5b000 	/System/Library/PrivateFrameworks/AppleSRP.framework/Versions/A/AppleSRP
0x0000000003b5b000 	/System/Library/PrivateFrameworks/TrustEvaluationAgent.framework/Versions/A/TrustEvaluationAgent
0x000000012af47000 	cl_kernels
0x000000012af49000 	/System/Library/Frameworks/OpenCL.framework/Versions/A/Libraries/ImageFormats/unorm8_bgra.dylib
0x000000012af39000 	cl_kernels
0x0000000003b5b000 	/System/Library/PrivateFrameworks/FamilyControls.framework/Versions/A/FamilyControls
0x0000000003b5b000 	/System/Library/PrivateFrameworks/CommerceKit.framework/Versions/A/Frameworks/CommerceCore.framework/Versions/A/CommerceCore
0x0000000003b5b000 	/System/Library/PrivateFrameworks/SystemAdministration.framework/Versions/A/SystemAdministration
0x0000000003b5b000 	/System/Library/PrivateFrameworks/AppContainer.framework/Versions/A/AppContainer
0x0000000003b5b000 	/System/Library/PrivateFrameworks/SecCodeWrapper.framework/Versions/A/SecCodeWrapper
0x0000000003b5b000 	/System/Library/Frameworks/DirectoryService.framework/Versions/A/DirectoryService
0x0000000003b5b000 	/System/Library/PrivateFrameworks/LoginUIKit.framework/Versions/A/Frameworks/LoginUICore.framework/Versions/A/LoginUICore
0x0000000003b5b000 	/usr/lib/libodfde.dylib
0x000000012c1e8000 	/Library/Java/JavaVirtualMachines/jdk1.8.0_121.jdk/Contents/Home/jre/lib/libfontmanager.dylib
0x000000012c24f000 	/Users/wifinaynay/Downloads/New-Beginner-Java-Game-Programming-Src-master/Episode 34/nightmare dungeon/lib/natives/native/macosx/liblwjgl.dylib
0x000000012a3a8000 	/Library/Java/JavaVirtualMachines/jdk1.8.0_121.jdk/Contents/Home/jre/lib/libjawt.dylib
0x0000000003b5b000 	/System/Library/Frameworks/OpenGL.framework/Versions/A/Resources/GLEngine.bundle/GLEngine
0x0000000003b5b000 	/System/Library/Frameworks/OpenGL.framework/Versions/A/Libraries/libGLProgrammability.dylib
0x000000012c2d1000 	/System/Library/Extensions/AppleIntelBDWGraphicsGLDriver.bundle/Contents/MacOS/AppleIntelBDWGraphicsGLDriver
0x0000000003b5b000 	/System/Library/PrivateFrameworks/IOAccelerator.framework/Versions/A/IOAccelerator
0x0000000003b5b000 	/System/Library/PrivateFrameworks/GPUSupport.framework/Versions/A/Libraries/libGPUSupportMercury.dylib
0x0000000003b5b000 	/System/Library/Frameworks/OpenGL.framework/Versions/A/Resources/GLRendererFloat.bundle/GLRendererFloat
0x000000012af3f000 	/Users/wifinaynay/Downloads/New-Beginner-Java-Game-Programming-Src-master/Episode 34/nightmare dungeon/lib/natives/native/macosx/libjinput-osx.dylib
0x000000012dcf8000 	/System/Library/Extensions/IOHIDFamily.kext/Contents/PlugIns/IOHIDLib.plugin/Contents/MacOS/IOHIDLib

VM Arguments:
jvm_args: -Djava.library.path=/Users/wifinaynay/Downloads/New-Beginner-Java-Game-Programming-Src-master/Episode 34/nightmare dungeon/lib/natives/native:/Users/wifinaynay/Downloads/New-Beginner-Java-Game-Programming-Src-master/Episode 34/nightmare dungeon/lib/natives/native/macosx -javaagent:/Applications/IntelliJ IDEA.app/Contents/lib/idea_rt.jar=62691:/Applications/IntelliJ IDEA.app/Contents/bin -Dfile.encoding=UTF-8 
java_command: Game
java_class_path (initial): /Library/Java/JavaVirtualMachines/jdk1.8.0_121.jdk/Contents/Home/jre/lib/charsets.jar:/Library/Java/JavaVirtualMachines/jdk1.8.0_121.jdk/Contents/Home/jre/lib/deploy.jar:/Library/Java/JavaVirtualMachines/jdk1.8.0_121.jdk/Contents/Home/jre/lib/ext/cldrdata.jar:/Library/Java/JavaVirtualMachines/jdk1.8.0_121.jdk/Contents/Home/jre/lib/ext/dnsns.jar:/Library/Java/JavaVirtualMachines/jdk1.8.0_121.jdk/Contents/Home/jre/lib/ext/jaccess.jar:/Library/Java/JavaVirtualMachines/jdk1.8.0_121.jdk/Contents/Home/jre/lib/ext/jfxrt.jar:/Library/Java/JavaVirtualMachines/jdk1.8.0_121.jdk/Contents/Home/jre/lib/ext/localedata.jar:/Library/Java/JavaVirtualMachines/jdk1.8.0_121.jdk/Contents/Home/jre/lib/ext/nashorn.jar:/Library/Java/JavaVirtualMachines/jdk1.8.0_121.jdk/Contents/Home/jre/lib/ext/sunec.jar:/Library/Java/JavaVirtualMachines/jdk1.8.0_121.jdk/Contents/Home/jre/lib/ext/sunjce_provider.jar:/Library/Java/JavaVirtualMachines/jdk1.8.0_121.jdk/Contents/Home/jre/lib/ext/sunpkcs11.jar:/Library/Java/JavaVirtualMachines/jdk1.8.0_121.jdk/Contents/Home/jre/lib/ext/zipfs.jar:/Library/Java/JavaVirtualMachines/jdk1.8.0_121.jdk/Contents/Home/jre/lib/javaws.jar:/Library/Java/JavaVirtualMachines/jdk1.8.0_121.jdk/Contents/Home/jre/lib/jce.jar:/Library/Java/JavaVirtualMachines/jdk1.8.0_121.jdk/Contents/Home/jre/lib/jfr.jar:/Library/Java/JavaVirtualMachines/jdk1.8.0_121.jdk/Contents/Home/jre/lib/jfxswt.jar:/Library/Java/JavaVirtualMachines/jdk1.8.0_121.jdk/Contents/Home/jre/lib/jsse.jar:/Library/Java/JavaVirtualMachines/jdk1.8.0_121.jdk/Contents/Home/jre/lib/management-agent.jar:/Library/Java/JavaVirtualMachines/jdk1.8.0_121.jdk/Contents/Home/jre/lib/plugin.jar:/Library/Java/JavaVirtualMachines/jdk1.8.0_121.jdk/Contents/Home/jre/lib/resources.jar:/Library/Java/JavaVirtualMachines/jdk1.8.0_121.jdk/Contents/Home/jre/lib/rt.jar:/Library/Java/JavaVirtualMachines/jdk1.8.0_121.jdk/Contents/Home/lib/ant-javafx.jar:/Library/Java/JavaVirtualMachines/jdk1.8.0_121.jdk/Contents/Home
Launcher Type: SUN_STANDARD

Environment Variables:
PATH=/usr/local/bin:/usr/bin:/bin:/usr/sbin:/sbin:/usr/local/MacGPG2/bin
SHELL=/bin/bash

Signal Handlers:
SIGSEGV: [libjvm.dylib+0x5b1141], sa_mask[0]=11111111011111110111111111111111, sa_flags=SA_ONSTACK|SA_RESTART|SA_SIGINFO
SIGBUS: [libjvm.dylib+0x5b1141], sa_mask[0]=11111111011111110111111111111111, sa_flags=SA_RESTART|SA_SIGINFO
SIGFPE: [libjvm.dylib+0x487bc4], sa_mask[0]=11111111011111110111111111111111, sa_flags=SA_RESTART|SA_SIGINFO
SIGPIPE: [libjvm.dylib+0x487bc4], sa_mask[0]=11111111011111110111111111111111, sa_flags=SA_RESTART|SA_SIGINFO
SIGXFSZ: [libjvm.dylib+0x487bc4], sa_mask[0]=11111111011111110111111111111111, sa_flags=SA_RESTART|SA_SIGINFO
SIGILL: [libjvm.dylib+0x487bc4], sa_mask[0]=11111111011111110111111111111111, sa_flags=SA_RESTART|SA_SIGINFO
SIGUSR1: SIG_DFL, sa_mask[0]=00000000000000000000000000000000, sa_flags=none
SIGUSR2: [libjvm.dylib+0x4876e2], sa_mask[0]=00100000000000000000000000000000, sa_flags=SA_RESTART|SA_SIGINFO
SIGHUP: [libjvm.dylib+0x485cb9], sa_mask[0]=11111111011111110111111111111111, sa_flags=SA_RESTART|SA_SIGINFO
SIGINT: [libjvm.dylib+0x485cb9], sa_mask[0]=11111111011111110111111111111111, sa_flags=SA_RESTART|SA_SIGINFO
SIGTERM: [libjvm.dylib+0x485cb9], sa_mask[0]=11111111011111110111111111111111, sa_flags=SA_RESTART|SA_SIGINFO
SIGQUIT: [libjvm.dylib+0x485cb9], sa_mask[0]=11111111011111110111111111111111, sa_flags=SA_RESTART|SA_SIGINFO


---------------  S Y S T E M  ---------------

OS:Bsduname:Darwin 14.5.0 Darwin Kernel Version 14.5.0: Tue Apr 11 16:12:42 PDT 2017; root:xnu-2782.50.9.2.3~1/RELEASE_X86_64 x86_64
rlimit: STACK 8192k, CORE 0k, NPROC 709, NOFILE 10240, AS infinity
load average:3.17 2.80 2.81

CPU:total 4 (2 cores per cpu, 2 threads per core) family 6 model 61 stepping 4, cmov, cx8, fxsr, mmx, sse, sse2, sse3, ssse3, sse4.1, sse4.2, popcnt, avx, avx2, aes, clmul, erms, 3dnowpref, lzcnt, ht, tsc, tscinvbit, bmi1, bmi2, adx

Memory: 4k page, physical 8388608k(120244k free)

/proc/meminfo:


vm_info: Java HotSpot(TM) 64-Bit Server VM (25.121-b13) for bsd-amd64 JRE (1.8.0_121-b13), built on Dec 12 2016 20:39:32 by "java_re" with gcc 4.2.1 (Based on Apple Inc. build 5658) (LLVM build 2336.11.00)

time: Sat Nov  4 02:10:30 2017
elapsed time: 20 seconds (0d 0h 0m 20s)

