#
# A fatal error has been detected by the Java Runtime Environment:
#
#  SIGSEGV (0xb) at pc=0x00007fff90e290e9, pid=3476, tid=0x0000000000000713
#
# JRE version: Java(TM) SE Runtime Environment (8.0_121-b13) (build 1.8.0_121-b13)
# Java VM: Java HotSpot(TM) 64-Bit Server VM (25.121-b13 mixed mode bsd-amd64 compressed oops)
# Problematic frame:
# C  [libobjc.A.dylib+0x10e9]  objc_msgSend+0x29
#
# Failed to write core dump. Core dumps have been disabled. To enable core dumping, try "ulimit -c unlimited" before starting Java again
#
# If you would like to submit a bug report, please visit:
#   http://bugreport.java.com/bugreport/crash.jsp
# The crash happened outside the Java Virtual Machine in native code.
# See problematic frame for where to report the bug.
#

---------------  T H R E A D  ---------------

Current thread (0x00007fe59c0b2000):  JavaThread "AppKit Thread" daemon [_thread_in_native, id=1811, stack(0x00007fff55923000,0x00007fff56123000)]

siginfo: si_signo: 11 (SIGSEGV), si_code: 1 (SEGV_MAPERR), si_addr: 0x000001a8b9480000

Registers:
RAX=0x00007fe59b687580, RBX=0x00007fff5611dc98, RCX=0x0000000000000000, RDX=0x00007fe59b767aa0
RSP=0x00007fff5611dab8, RBP=0x00007fff5611dac0, RSI=0x00007fff8c5bf41e, RDI=0x00007fe59b687580
R8 =0x00007fff5611daa0, R9 =0x0000000000000062, R10=0x000001a8b9480000, R11=0x000000010b7bceb8
R12=0x00007fe59b51ea90, R13=0x00000000000f42fe, R14=0x00007fe59b596c00, R15=0x00007fff5611dbf8
RIP=0x00007fff90e290e9, EFLAGS=0x0000000000010206, ERR=0x0000000000000004
  TRAPNO=0x000000000000000e

Top of Stack: (sp=0x00007fff5611dab8)
0x00007fff5611dab8:   00007fff8821245c 00007fff5611de20
0x00007fff5611dac8:   00007fff88102444 00007fff5611db4c
0x00007fff5611dad8:   00007fff5611db50 00007fff5611db54
0x00007fff5611dae8:   00007fff754a0e00 ffffffffffffffff
0x00007fff5611daf8:   0000000000000930 00007fff754a0e18
0x00007fff5611db08:   00007fe59b596c00 0000000000000000
0x00007fff5611db18:   00007fff5611dbf0 0000000000000000
0x00007fff5611db28:   00007fe59b5709f0 00007fff5611dc70
0x00007fff5611db38:   0000000000000062 00000000000f4300
0x00007fff5611db48:   00007fe59b767aa0 00007fe59b689cc0
0x00007fff5611db58:   00007fe59b51ea90 0000000000000001
0x00007fff5611db68:   00000000000f42fe 00007fe59b51ea80
0x00007fff5611db78:   00007fff8d9adc05 0000000175bd8070
0x00007fff5611db88:   00007fff755240d0 0000000042000000
0x00007fff5611db98:   00007fff8d9b4e63 00007fff7546b240
0x00007fff5611dba8:   00007fff5611dc78 00007fff5611dbd0
0x00007fff5611dbb8:   00007fff5611dbf0 0000000000000000
0x00007fff5611dbc8:   0000000000000017 0004840390e4997a
0x00007fff5611dbd8:   00007fe59b51eab4 0000000000000000
0x00007fff5611dbe8:   0000000000000000 00007fe59b571320
0x00007fff5611dbf8:   00007fe59b596c00 0000002000000000
0x00007fff5611dc08:   0000000000000000 00007fff755240d0
0x00007fff5611dc18:   0000000042000000 0000000109afba00
0x00007fff5611dc28:   0000000000000002 0000000109af8000
0x00007fff5611dc38:   00007fe59b751512 0000000000000003
0x00007fff5611dc48:   0000000109afce00 00007fff5611dd40
0x00007fff5611dc58:   00007fff8a7b2b36 00007fff5611dcf0
0x00007fff5611dc68:   00007fff8bcf34ed 0000000000000051
0x00007fff5611dc78:   0000000000000000 00000000000f42e3
0x00007fff5611dc88:   0000000000000053 0000000000000000
0x00007fff5611dc98:   00000000000f42fe 00007fff5611dd14
0x00007fff5611dca8:   0000000000001400 00000000ffffffff 

Instructions: (pc=0x00007fff90e290e9)
0x00007fff90e290c9:   01 2e 75 7e 49 bb f8 ff ff ff ff 7f 00 00 4c 23
0x00007fff90e290d9:   1f 49 89 f2 45 23 53 18 49 c1 e2 04 4d 03 53 10
0x00007fff90e290e9:   49 3b 32 75 04 41 ff 62 08 49 83 3a 00 74 6a 4d
0x00007fff90e290f9:   3b 53 10 74 0d 49 83 ea 10 49 3b 32 75 eb 41 ff 

Register to memory mapping:

RAX=0x00007fe59b687580 is an unknown value
RBX=0x00007fff5611dc98 is pointing into the stack for thread: 0x00007fe59c0b2000
RCX=0x0000000000000000 is an unknown value
RDX=0x00007fe59b767aa0 is an unknown value
RSP=0x00007fff5611dab8 is pointing into the stack for thread: 0x00007fe59c0b2000
RBP=0x00007fff5611dac0 is pointing into the stack for thread: 0x00007fe59c0b2000
RSI=0x00007fff8c5bf41e: -[NSTitlebarContainerView transparent]+0x5e312 in /System/Library/Frameworks/AppKit.framework/Versions/C/AppKit at 0x00007fff8bbbe000
RDI=0x00007fe59b687580 is an unknown value
R8 =0x00007fff5611daa0 is pointing into the stack for thread: 0x00007fe59c0b2000
R9 =0x0000000000000062 is an unknown value
R10=0x000001a8b9480000 is an unknown value
R11=0x000000010b7bceb8 is at entry_point+536 in (nmethod*)0x000000010b7bcad0
R12=0x00007fe59b51ea90 is an unknown value
R13=0x00000000000f42fe is an unknown value
R14=0x00007fe59b596c00 is an unknown value
R15=0x00007fff5611dbf8 is pointing into the stack for thread: 0x00007fe59c0b2000


Stack: [0x00007fff55923000,0x00007fff56123000],  sp=0x00007fff5611dab8,  free space=8170k
Native frames: (J=compiled Java code, j=interpreted, Vv=VM code, C=native code)
C  [libobjc.A.dylib+0x10e9]  objc_msgSend+0x29
C  [CoreFoundation+0x10444]  _CFXNotificationPost+0xc44
C  [Foundation+0x7af1]  -[NSNotificationCenter postNotificationName:object:userInfo:]+0x42
C  [AppKit+0x439c2]  -[NSSurface _disposeSurface]+0x98
C  [AppKit+0x43426]  -[NSSurface setWindow:]+0x42
C  [AppKit+0x33910]  -[NSView _setWindow:]+0xa33
C  [AppKit+0x6af91]  -[NSView removeFromSuperview]+0x1c5
C  [AppKit+0x14bd99]  -[NSView removeFromSuperviewWithoutNeedingDisplay]+0x26
C  [liblwjgl.dylib+0xa205]  +[MacOSXKeyableWindow destroyWindow]+0xb5
C  [Foundation+0x92e20]  __NSThreadPerformPerform+0x125
C  [CoreFoundation+0x80821]  __CFRUNLOOP_IS_CALLING_OUT_TO_A_SOURCE0_PERFORM_FUNCTION__+0x11
C  [CoreFoundation+0x729ad]  __CFRunLoopDoSources0+0x10d
C  [CoreFoundation+0x71fdf]  __CFRunLoopRun+0x39f
C  [CoreFoundation+0x719f8]  CFRunLoopRunSpecific+0x128
C  [HIToolbox+0x3256f]  RunCurrentEventLoopInMode+0xeb
C  [HIToolbox+0x321ee]  ReceiveNextEventCommon+0xb3
C  [HIToolbox+0x3212b]  _BlockUntilNextEventMatchingListInModeWithFilter+0x47
C  [AppKit+0x918ab]  _DPSNextEvent+0x3d2
C  [AppKit+0x90e58]  -[NSApplication nextEventMatchingMask:untilDate:inMode:dequeue:]+0x15a
C  [libosxapp.dylib+0x23aa]  -[NSApplicationAWT nextEventMatchingMask:untilDate:inMode:dequeue:]+0x7c
C  [AppKit+0x86af3]  -[NSApplication run]+0x252
C  [libosxapp.dylib+0x214d]  +[NSApplicationAWT runAWTLoopWithApp:]+0x9c
C  [libawt_lwawt.dylib+0x45ff7]  -[AWTStarter starter:]+0x389
C  [Foundation+0x92e20]  __NSThreadPerformPerform+0x125
C  [CoreFoundation+0x80821]  __CFRUNLOOP_IS_CALLING_OUT_TO_A_SOURCE0_PERFORM_FUNCTION__+0x11
C  [CoreFoundation+0x729ad]  __CFRunLoopDoSources0+0x10d
C  [CoreFoundation+0x71fdf]  __CFRunLoopRun+0x39f
C  [CoreFoundation+0x719f8]  CFRunLoopRunSpecific+0x128
C  [java+0x6465]  CreateExecutionEnvironment+0x367
C  [java+0x218c]  JLI_Launch+0x7a0
C  [java+0x84c2]  main+0x65
C  [java+0x19e4]  start+0x34
C  0x0000000000000007


---------------  P R O C E S S  ---------------

Java Threads: ( => current thread )
  0x00007fe59d08d000 JavaThread "AWT-Shutdown" [_thread_blocked, id=22347, stack(0x000000012517c000,0x000000012527c000)]
  0x00007fe59cac8000 JavaThread "Java2D Queue Flusher" daemon [_thread_blocked, id=55047, stack(0x000000012a01c000,0x000000012a11c000)]
  0x00007fe59b938000 JavaThread "Java2D Disposer" daemon [_thread_blocked, id=54303, stack(0x0000000129cb9000,0x0000000129db9000)]
=>0x00007fe59c0b2000 JavaThread "AppKit Thread" daemon [_thread_in_native, id=1811, stack(0x00007fff55923000,0x00007fff56123000)]
  0x00007fe59c059800 JavaThread "Service Thread" daemon [_thread_blocked, id=18691, stack(0x000000012356d000,0x000000012366d000)]
  0x00007fe59d040800 JavaThread "C1 CompilerThread2" daemon [_thread_blocked, id=18179, stack(0x000000012340b000,0x000000012350b000)]
  0x00007fe59d040000 JavaThread "C2 CompilerThread1" daemon [_thread_blocked, id=17667, stack(0x0000000123308000,0x0000000123408000)]
  0x00007fe59b849800 JavaThread "C2 CompilerThread0" daemon [_thread_blocked, id=17155, stack(0x0000000123205000,0x0000000123305000)]
  0x00007fe59b848000 JavaThread "Monitor Ctrl-Break" daemon [_thread_in_native, id=16643, stack(0x0000000123102000,0x0000000123202000)]
  0x00007fe59c03f000 JavaThread "Signal Dispatcher" daemon [_thread_blocked, id=16155, stack(0x0000000122eb1000,0x0000000122fb1000)]
  0x00007fe59d01f800 JavaThread "Finalizer" daemon [_thread_blocked, id=11523, stack(0x0000000121493000,0x0000000121593000)]
  0x00007fe59d01d000 JavaThread "Reference Handler" daemon [_thread_blocked, id=11011, stack(0x0000000121390000,0x0000000121490000)]
  0x00007fe59d002800 JavaThread "main" [_thread_in_native, id=4867, stack(0x000000010b3a3000,0x000000010b4a3000)]

Other Threads:
  0x00007fe59b80b800 VMThread [stack: 0x000000012128d000,0x000000012138d000] [id=10499]
  0x00007fe59c80e000 WatcherThread [stack: 0x0000000123670000,0x0000000123770000] [id=19203]

VM state:not at safepoint (normal execution)

VM Mutex/Monitor currently owned by a thread: None

Heap:
 PSYoungGen      total 37888K, used 5738K [0x0000000795580000, 0x0000000798680000, 0x00000007c0000000)
  eden space 32768K, 10% used [0x0000000795580000,0x00000007958c1288,0x0000000797580000)
  from space 5120K, 46% used [0x0000000797600000,0x0000000797859868,0x0000000797b00000)
  to   space 8704K, 0% used [0x0000000797e00000,0x0000000797e00000,0x0000000798680000)
 ParOldGen       total 87552K, used 3484K [0x0000000740000000, 0x0000000745580000, 0x0000000795580000)
  object space 87552K, 3% used [0x0000000740000000,0x0000000740367020,0x0000000745580000)
 Metaspace       used 10151K, capacity 10321K, committed 10624K, reserved 1058816K
  class space    used 1080K, capacity 1151K, committed 1152K, reserved 1048576K

Card table byte_map: [0x000000011a905000,0x000000011ad06000] byte_map_base: 0x0000000116f05000

Marking Bits: (ParMarkBitMap*) 0x000000010acf0d30
 Begin Bits: [0x000000011b3bd000, 0x000000011d3bd000)
 End Bits:   [0x000000011d3bd000, 0x000000011f3bd000)

Polling page: 0x0000000109bf3000

CodeCache: size=245760Kb used=4568Kb max_used=4568Kb free=241191Kb
 bounds [0x000000010b545000, 0x000000010b9c5000, 0x000000011a545000]
 total_blobs=1632 nmethods=1119 adapters=427
 compilation: enabled

Compilation events (10 events):
Event: 60.437 Thread 0x00007fe59b849800 1122   !   4       org.newdawn.slick.Input::getControllerCount (25 bytes)
Event: 60.439 Thread 0x00007fe59b849800 nmethod 1122 0x000000010b98fd50 code [0x000000010b98fea0, 0x000000010b98ff38]
Event: 60.448 Thread 0x00007fe59d040800 1123       3       org.newdawn.slick.Input::poll (1561 bytes)
Event: 60.483 Thread 0x00007fe59d040800 nmethod 1123 0x000000010b9ac390 code [0x000000010b9ad4e0, 0x000000010b9bacb8]
Event: 60.535 Thread 0x00007fe59d040800 1124       3       java.nio.HeapByteBuffer::get (14 bytes)
Event: 60.536 Thread 0x00007fe59d040800 nmethod 1124 0x000000010b980750 code [0x000000010b9808e0, 0x000000010b980c88]
Event: 60.929 Thread 0x00007fe59d040800 1125   !   3       org.newdawn.slick.AppGameContainer::gameLoop (81 bytes)
Event: 60.930 Thread 0x00007fe59d040800 nmethod 1125 0x000000010b992590 code [0x000000010b9927c0, 0x000000010b9933c8]
Event: 61.316 Thread 0x00007fe59d040800 1126   !   3       org.lwjgl.opengl.Display::processMessages (44 bytes)
Event: 61.318 Thread 0x00007fe59d040800 nmethod 1126 0x000000010b99c0d0 code [0x000000010b99c360, 0x000000010b99d368]

GC Heap History (10 events):
Event: 5.237 GC heap before
{Heap before GC invocations=1 (full 0):
 PSYoungGen      total 38400K, used 33280K [0x0000000795580000, 0x0000000798000000, 0x00000007c0000000)
  eden space 33280K, 100% used [0x0000000795580000,0x0000000797600000,0x0000000797600000)
  from space 5120K, 0% used [0x0000000797b00000,0x0000000797b00000,0x0000000798000000)
  to   space 5120K, 0% used [0x0000000797600000,0x0000000797600000,0x0000000797b00000)
 ParOldGen       total 87552K, used 0K [0x0000000740000000, 0x0000000745580000, 0x0000000795580000)
  object space 87552K, 0% used [0x0000000740000000,0x0000000740000000,0x0000000745580000)
 Metaspace       used 9968K, capacity 10193K, committed 10368K, reserved 1058816K
  class space    used 1076K, capacity 1151K, committed 1152K, reserved 1048576K
Event: 5.254 GC heap after
Heap after GC invocations=1 (full 0):
 PSYoungGen      total 38400K, used 5106K [0x0000000795580000, 0x0000000798000000, 0x00000007c0000000)
  eden space 33280K, 0% used [0x0000000795580000,0x0000000795580000,0x0000000797600000)
  from space 5120K, 99% used [0x0000000797600000,0x0000000797afc8d8,0x0000000797b00000)
  to   space 5120K, 0% used [0x0000000797b00000,0x0000000797b00000,0x0000000798000000)
 ParOldGen       total 87552K, used 3452K [0x0000000740000000, 0x0000000745580000, 0x0000000795580000)
  object space 87552K, 3% used [0x0000000740000000,0x000000074035f020,0x0000000745580000)
 Metaspace       used 9968K, capacity 10193K, committed 10368K, reserved 1058816K
  class space    used 1076K, capacity 1151K, committed 1152K, reserved 1048576K
}
Event: 19.336 GC heap before
{Heap before GC invocations=2 (full 0):
 PSYoungGen      total 38400K, used 38386K [0x0000000795580000, 0x0000000798000000, 0x00000007c0000000)
  eden space 33280K, 100% used [0x0000000795580000,0x0000000797600000,0x0000000797600000)
  from space 5120K, 99% used [0x0000000797600000,0x0000000797afc8d8,0x0000000797b00000)
  to   space 5120K, 0% used [0x0000000797b00000,0x0000000797b00000,0x0000000798000000)
 ParOldGen       total 87552K, used 3452K [0x0000000740000000, 0x0000000745580000, 0x0000000795580000)
  object space 87552K, 3% used [0x0000000740000000,0x000000074035f020,0x0000000745580000)
 Metaspace       used 10118K, capacity 10257K, committed 10368K, reserved 1058816K
  class space    used 1080K, capacity 1151K, committed 1152K, reserved 1048576K
Event: 19.346 GC heap after
Heap after GC invocations=2 (full 0):
 PSYoungGen      total 38400K, used 2354K [0x0000000795580000, 0x0000000798000000, 0x00000007c0000000)
  eden space 33280K, 0% used [0x0000000795580000,0x0000000795580000,0x0000000797600000)
  from space 5120K, 45% used [0x0000000797b00000,0x0000000797d4c910,0x0000000798000000)
  to   space 5120K, 0% used [0x0000000797600000,0x0000000797600000,0x0000000797b00000)
 ParOldGen       total 87552K, used 3460K [0x0000000740000000, 0x0000000745580000, 0x0000000795580000)
  object space 87552K, 3% used [0x0000000740000000,0x0000000740361020,0x0000000745580000)
 Metaspace       used 10118K, capacity 10257K, committed 10368K, reserved 1058816K
  class space    used 1080K, capacity 1151K, committed 1152K, reserved 1048576K
}
Event: 32.755 GC heap before
{Heap before GC invocations=3 (full 0):
 PSYoungGen      total 38400K, used 35634K [0x0000000795580000, 0x0000000798000000, 0x00000007c0000000)
  eden space 33280K, 100% used [0x0000000795580000,0x0000000797600000,0x0000000797600000)
  from space 5120K, 45% used [0x0000000797b00000,0x0000000797d4c910,0x0000000798000000)
  to   space 5120K, 0% used [0x0000000797600000,0x0000000797600000,0x0000000797b00000)
 ParOldGen       total 87552K, used 3460K [0x0000000740000000, 0x0000000745580000, 0x0000000795580000)
  object space 87552K, 3% used [0x0000000740000000,0x0000000740361020,0x0000000745580000)
 Metaspace       used 10130K, capacity 10257K, committed 10368K, reserved 1058816K
  class space    used 1080K, capacity 1151K, committed 1152K, reserved 1048576K
Event: 32.763 GC heap after
Heap after GC invocations=3 (full 0):
 PSYoungGen      total 38400K, used 2322K [0x0000000795580000, 0x0000000798000000, 0x00000007c0000000)
  eden space 33280K, 0% used [0x0000000795580000,0x0000000795580000,0x0000000797600000)
  from space 5120K, 45% used [0x0000000797600000,0x0000000797844910,0x0000000797b00000)
  to   space 5120K, 0% used [0x0000000797b00000,0x0000000797b00000,0x0000000798000000)
 ParOldGen       total 87552K, used 3468K [0x0000000740000000, 0x0000000745580000, 0x0000000795580000)
  object space 87552K, 3% used [0x0000000740000000,0x0000000740363020,0x0000000745580000)
 Metaspace       used 10130K, capacity 10257K, committed 10368K, reserved 1058816K
  class space    used 1080K, capacity 1151K, committed 1152K, reserved 1048576K
}
Event: 46.171 GC heap before
{Heap before GC invocations=4 (full 0):
 PSYoungGen      total 38400K, used 35602K [0x0000000795580000, 0x0000000798000000, 0x00000007c0000000)
  eden space 33280K, 100% used [0x0000000795580000,0x0000000797600000,0x0000000797600000)
  from space 5120K, 45% used [0x0000000797600000,0x0000000797844910,0x0000000797b00000)
  to   space 5120K, 0% used [0x0000000797b00000,0x0000000797b00000,0x0000000798000000)
 ParOldGen       total 87552K, used 3468K [0x0000000740000000, 0x0000000745580000, 0x0000000795580000)
  object space 87552K, 3% used [0x0000000740000000,0x0000000740363020,0x0000000745580000)
 Metaspace       used 10138K, capacity 10321K, committed 10624K, reserved 1058816K
  class space    used 1080K, capacity 1151K, committed 1152K, reserved 1048576K
Event: 46.179 GC heap after
Heap after GC invocations=4 (full 0):
 PSYoungGen      total 38400K, used 2408K [0x0000000795580000, 0x0000000798000000, 0x00000007c0000000)
  eden space 33280K, 0% used [0x0000000795580000,0x0000000795580000,0x0000000797600000)
  from space 5120K, 47% used [0x0000000797b00000,0x0000000797d5a148,0x0000000798000000)
  to   space 5120K, 0% used [0x0000000797600000,0x0000000797600000,0x0000000797b00000)
 ParOldGen       total 87552K, used 3476K [0x0000000740000000, 0x0000000745580000, 0x0000000795580000)
  object space 87552K, 3% used [0x0000000740000000,0x0000000740365020,0x0000000745580000)
 Metaspace       used 10138K, capacity 10321K, committed 10624K, reserved 1058816K
  class space    used 1080K, capacity 1151K, committed 1152K, reserved 1048576K
}
Event: 60.306 GC heap before
{Heap before GC invocations=5 (full 0):
 PSYoungGen      total 38400K, used 35688K [0x0000000795580000, 0x0000000798000000, 0x00000007c0000000)
  eden space 33280K, 100% used [0x0000000795580000,0x0000000797600000,0x0000000797600000)
  from space 5120K, 47% used [0x0000000797b00000,0x0000000797d5a148,0x0000000798000000)
  to   space 5120K, 0% used [0x0000000797600000,0x0000000797600000,0x0000000797b00000)
 ParOldGen       total 87552K, used 3476K [0x0000000740000000, 0x0000000745580000, 0x0000000795580000)
  object space 87552K, 3% used [0x0000000740000000,0x0000000740365020,0x0000000745580000)
 Metaspace       used 10145K, capacity 10321K, committed 10624K, reserved 1058816K
  class space    used 1080K, capacity 1151K, committed 1152K, reserved 1048576K
Event: 60.315 GC heap after
Heap after GC invocations=5 (full 0):
 PSYoungGen      total 37888K, used 2406K [0x0000000795580000, 0x0000000798680000, 0x00000007c0000000)
  eden space 32768K, 0% used [0x0000000795580000,0x0000000795580000,0x0000000797580000)
  from space 5120K, 46% used [0x0000000797600000,0x0000000797859868,0x0000000797b00000)
  to   space 8704K, 0% used [0x0000000797e00000,0x0000000797e00000,0x0000000798680000)
 ParOldGen       total 87552K, used 3484K [0x0000000740000000, 0x0000000745580000, 0x0000000795580000)
  object space 87552K, 3% used [0x0000000740000000,0x0000000740367020,0x0000000745580000)
 Metaspace       used 10145K, capacity 10321K, committed 10624K, reserved 1058816K
  class space    used 1080K, capacity 1151K, committed 1152K, reserved 1048576K
}

Deoptimization events (10 events):
Event: 4.771 Thread 0x00007fe59d002800 Uncommon trap: reason=class_check action=maybe_recompile pc=0x000000010b79b32c method=java.util.HashMap.putVal(ILjava/lang/Object;Ljava/lang/Object;ZZ)Ljava/lang/Object; @ 253
Event: 4.771 Thread 0x00007fe59d002800 Uncommon trap: reason=class_check action=maybe_recompile pc=0x000000010b79b32c method=java.util.HashMap.putVal(ILjava/lang/Object;Ljava/lang/Object;ZZ)Ljava/lang/Object; @ 253
Event: 4.771 Thread 0x00007fe59d002800 Uncommon trap: reason=class_check action=maybe_recompile pc=0x000000010b79b32c method=java.util.HashMap.putVal(ILjava/lang/Object;Ljava/lang/Object;ZZ)Ljava/lang/Object; @ 253
Event: 5.272 Thread 0x00007fe59d002800 Uncommon trap: reason=unstable_if action=reinterpret pc=0x000000010b85e614 method=java.awt.image.ComponentColorModel.getDataElements(ILjava/lang/Object;)Ljava/lang/Object; @ 2993
Event: 5.273 Thread 0x00007fe59d002800 Uncommon trap: reason=unstable_if action=reinterpret pc=0x000000010b8435ac method=sun.awt.image.ByteInterleavedRaster.getDataElements(IILjava/lang/Object;)Ljava/lang/Object; @ 43
Event: 59.523 Thread 0x00007fe59d002800 Uncommon trap: reason=unstable_if action=reinterpret pc=0x000000010b99fce8 method=org.newdawn.slick.Input.poll(II)V @ 1039
Event: 59.546 Thread 0x00007fe59d002800 Uncommon trap: reason=unstable_if action=reinterpret pc=0x000000010b97ff0c method=org.lwjgl.input.Mouse.next()Z @ 28
Event: 59.973 Thread 0x00007fe59d002800 Uncommon trap: reason=unstable_if action=reinterpret pc=0x000000010b995650 method=org.lwjgl.opengl.MacOSXDisplay.update()V @ 86
Event: 60.396 Thread 0x00007fe59d002800 Uncommon trap: reason=unstable_if action=reinterpret pc=0x000000010b98d8cc method=org.lwjgl.opengl.MacOSXDisplay.update()V @ 86
Event: 61.421 Thread 0x00007fe59d002800 Uncommon trap: reason=unstable_if action=reinterpret pc=0x000000010b93af90 method=sun.misc.URLClassPath$FileLoader.getResource(Ljava/lang/String;Z)Lsun/misc/Resource; @ 50

Internal exceptions (10 events):
Event: 1.057 Thread 0x00007fe59d002800 Exception <a 'java/security/PrivilegedActionException'> (0x00000007959e87e8) thrown at [/Users/java_re/workspace/8-2-build-macosx-x86_64/jdk8u121/8372/hotspot/src/share/vm/prims/jvm.cpp, line 1390]
Event: 1.057 Thread 0x00007fe59d002800 Exception <a 'java/security/PrivilegedActionException'> (0x00000007959e89f8) thrown at [/Users/java_re/workspace/8-2-build-macosx-x86_64/jdk8u121/8372/hotspot/src/share/vm/prims/jvm.cpp, line 1390]
Event: 1.058 Thread 0x00007fe59d002800 Exception <a 'java/security/PrivilegedActionException'> (0x00000007959ebf10) thrown at [/Users/java_re/workspace/8-2-build-macosx-x86_64/jdk8u121/8372/hotspot/src/share/vm/prims/jvm.cpp, line 1390]
Event: 1.058 Thread 0x00007fe59d002800 Exception <a 'java/security/PrivilegedActionException'> (0x00000007959ec120) thrown at [/Users/java_re/workspace/8-2-build-macosx-x86_64/jdk8u121/8372/hotspot/src/share/vm/prims/jvm.cpp, line 1390]
Event: 1.324 Thread 0x00007fe59d002800 Exception <a 'java/lang/NoSuchFieldError': method resolution failed> (0x0000000795b1e3d0) thrown at [/Users/java_re/workspace/8-2-build-macosx-x86_64/jdk8u121/8372/hotspot/src/share/vm/prims/methodHandles.cpp, line 1146]
Event: 1.331 Thread 0x00007fe59d002800 Exception <a 'java/lang/NoSuchFieldError': method resolution failed> (0x0000000795b2c3c0) thrown at [/Users/java_re/workspace/8-2-build-macosx-x86_64/jdk8u121/8372/hotspot/src/share/vm/prims/methodHandles.cpp, line 1146]
Event: 2.278 Thread 0x00007fe59d002800 Exception <a 'java/io/FileNotFoundException'> (0x0000000795bcee90) thrown at [/Users/java_re/workspace/8-2-build-macosx-x86_64/jdk8u121/8372/hotspot/src/share/vm/prims/jni.cpp, line 709]
Event: 2.279 Thread 0x00007fe59d002800 Exception <a 'java/io/FileNotFoundException'> (0x0000000795bcfa18) thrown at [/Users/java_re/workspace/8-2-build-macosx-x86_64/jdk8u121/8372/hotspot/src/share/vm/prims/jni.cpp, line 709]
Event: 5.272 Thread 0x00007fe59d002800 Implicit null exception at 0x000000010b85e085 to 0x000000010b85e5f9
Event: 5.273 Thread 0x00007fe59d002800 Implicit null exception at 0x000000010b843364 to 0x000000010b843591

Events (10 events):
Event: 60.306 Executing VM operation: ParallelGCFailedAllocation
Event: 60.315 Executing VM operation: ParallelGCFailedAllocation done
Event: 60.396 Thread 0x00007fe59d002800 Uncommon trap: trap_request=0xffffff65 fr.pc=0x000000010b98d8cc
Event: 60.396 Thread 0x00007fe59d002800 DEOPT PACKING pc=0x000000010b98d8cc sp=0x000000010b4a26a0
Event: 60.396 Thread 0x00007fe59d002800 DEOPT UNPACKING pc=0x000000010b54a229 sp=0x000000010b4a2608 mode 2
Event: 61.420 loading class org/lwjgl/opengl/CallbackUtil
Event: 61.420 loading class org/lwjgl/opengl/CallbackUtil done
Event: 61.421 Thread 0x00007fe59d002800 Uncommon trap: trap_request=0xffffff65 fr.pc=0x000000010b93af90
Event: 61.421 Thread 0x00007fe59d002800 DEOPT PACKING pc=0x000000010b93af90 sp=0x000000010b4a04b0
Event: 61.421 Thread 0x00007fe59d002800 DEOPT UNPACKING pc=0x000000010b54a229 sp=0x000000010b4a0430 mode 2


Dynamic libraries:
0x0000000003b5b000 	/System/Library/Frameworks/Cocoa.framework/Versions/A/Cocoa
0x0000000003b5b000 	/System/Library/Frameworks/Security.framework/Versions/A/Security
0x0000000003b5b000 	/System/Library/Frameworks/ApplicationServices.framework/Versions/A/ApplicationServices
0x0000000003b5b000 	/usr/lib/libz.1.dylib
0x0000000003b5b000 	/usr/lib/libSystem.B.dylib
0x0000000003b5b000 	/usr/lib/libobjc.A.dylib
0x0000000003b5b000 	/System/Library/Frameworks/CoreFoundation.framework/Versions/A/CoreFoundation
0x0000000003b5b000 	/System/Library/Frameworks/Foundation.framework/Versions/C/Foundation
0x0000000003b5b000 	/System/Library/Frameworks/AppKit.framework/Versions/C/AppKit
0x0000000003b5b000 	/System/Library/Frameworks/CoreData.framework/Versions/A/CoreData
0x0000000003b5b000 	/System/Library/PrivateFrameworks/RemoteViewServices.framework/Versions/A/RemoteViewServices
0x0000000003b5b000 	/System/Library/PrivateFrameworks/UIFoundation.framework/Versions/A/UIFoundation
0x0000000003b5b000 	/System/Library/Frameworks/IOSurface.framework/Versions/A/IOSurface
0x0000000003b5b000 	/System/Library/Frameworks/AudioToolbox.framework/Versions/A/AudioToolbox
0x0000000003b5b000 	/System/Library/Frameworks/AudioUnit.framework/Versions/A/AudioUnit
0x0000000003b5b000 	/System/Library/PrivateFrameworks/DataDetectorsCore.framework/Versions/A/DataDetectorsCore
0x0000000003b5b000 	/System/Library/PrivateFrameworks/DesktopServicesPriv.framework/Versions/A/DesktopServicesPriv
0x0000000003b5b000 	/System/Library/Frameworks/Carbon.framework/Versions/A/Frameworks/HIToolbox.framework/Versions/A/HIToolbox
0x0000000003b5b000 	/System/Library/Frameworks/QuartzCore.framework/Versions/A/QuartzCore
0x0000000003b5b000 	/System/Library/Frameworks/Carbon.framework/Versions/A/Frameworks/SpeechRecognition.framework/Versions/A/SpeechRecognition
0x0000000003b5b000 	/usr/lib/libauto.dylib
0x0000000003b5b000 	/usr/lib/libicucore.A.dylib
0x0000000003b5b000 	/usr/lib/libxml2.2.dylib
0x0000000003b5b000 	/System/Library/PrivateFrameworks/CoreUI.framework/Versions/A/CoreUI
0x0000000003b5b000 	/System/Library/Frameworks/CoreAudio.framework/Versions/A/CoreAudio
0x0000000003b5b000 	/System/Library/Frameworks/DiskArbitration.framework/Versions/A/DiskArbitration
0x0000000003b5b000 	/usr/lib/liblangid.dylib
0x0000000003b5b000 	/System/Library/PrivateFrameworks/MultitouchSupport.framework/Versions/A/MultitouchSupport
0x0000000003b5b000 	/System/Library/Frameworks/IOKit.framework/Versions/A/IOKit
0x0000000003b5b000 	/usr/lib/libDiagnosticMessagesClient.dylib
0x0000000003b5b000 	/System/Library/Frameworks/CoreServices.framework/Versions/A/CoreServices
0x0000000003b5b000 	/System/Library/PrivateFrameworks/PerformanceAnalysis.framework/Versions/A/PerformanceAnalysis
0x0000000003b5b000 	/System/Library/PrivateFrameworks/GenerationalStorage.framework/Versions/A/GenerationalStorage
0x0000000003b5b000 	/System/Library/Frameworks/OpenGL.framework/Versions/A/OpenGL
0x0000000003b5b000 	/System/Library/PrivateFrameworks/Sharing.framework/Versions/A/Sharing
0x0000000003b5b000 	/System/Library/Frameworks/CoreGraphics.framework/Versions/A/CoreGraphics
0x0000000003b5b000 	/System/Library/Frameworks/CoreText.framework/Versions/A/CoreText
0x0000000003b5b000 	/System/Library/Frameworks/ImageIO.framework/Versions/A/ImageIO
0x0000000003b5b000 	/usr/lib/libextension.dylib
0x0000000003b5b000 	/System/Library/PrivateFrameworks/Backup.framework/Versions/A/Backup
0x0000000003b5b000 	/usr/lib/libarchive.2.dylib
0x0000000003b5b000 	/System/Library/Frameworks/CFNetwork.framework/Versions/A/CFNetwork
0x0000000003b5b000 	/System/Library/Frameworks/SystemConfiguration.framework/Versions/A/SystemConfiguration
0x0000000003b5b000 	/usr/lib/libCRFSuite.dylib
0x0000000003b5b000 	/usr/lib/libc++.1.dylib
0x0000000003b5b000 	/usr/lib/libc++abi.dylib
0x0000000003b5b000 	/usr/lib/system/libcache.dylib
0x0000000003b5b000 	/usr/lib/system/libcommonCrypto.dylib
0x0000000003b5b000 	/usr/lib/system/libcompiler_rt.dylib
0x0000000003b5b000 	/usr/lib/system/libcopyfile.dylib
0x0000000003b5b000 	/usr/lib/system/libcorecrypto.dylib
0x0000000003b5b000 	/usr/lib/system/libdispatch.dylib
0x0000000003b5b000 	/usr/lib/system/libdyld.dylib
0x0000000003b5b000 	/usr/lib/system/libkeymgr.dylib
0x0000000003b5b000 	/usr/lib/system/liblaunch.dylib
0x0000000003b5b000 	/usr/lib/system/libmacho.dylib
0x0000000003b5b000 	/usr/lib/system/libquarantine.dylib
0x0000000003b5b000 	/usr/lib/system/libremovefile.dylib
0x0000000003b5b000 	/usr/lib/system/libsystem_asl.dylib
0x0000000003b5b000 	/usr/lib/system/libsystem_blocks.dylib
0x0000000003b5b000 	/usr/lib/system/libsystem_c.dylib
0x0000000003b5b000 	/usr/lib/system/libsystem_configuration.dylib
0x0000000003b5b000 	/usr/lib/system/libsystem_coreservices.dylib
0x0000000003b5b000 	/usr/lib/system/libsystem_coretls.dylib
0x0000000003b5b000 	/usr/lib/system/libsystem_dnssd.dylib
0x0000000003b5b000 	/usr/lib/system/libsystem_info.dylib
0x0000000003b5b000 	/usr/lib/system/libsystem_kernel.dylib
0x0000000003b5b000 	/usr/lib/system/libsystem_m.dylib
0x0000000003b5b000 	/usr/lib/system/libsystem_malloc.dylib
0x0000000003b5b000 	/usr/lib/system/libsystem_network.dylib
0x0000000003b5b000 	/usr/lib/system/libsystem_networkextension.dylib
0x0000000003b5b000 	/usr/lib/system/libsystem_notify.dylib
0x0000000003b5b000 	/usr/lib/system/libsystem_platform.dylib
0x0000000003b5b000 	/usr/lib/system/libsystem_pthread.dylib
0x0000000003b5b000 	/usr/lib/system/libsystem_sandbox.dylib
0x0000000003b5b000 	/usr/lib/system/libsystem_secinit.dylib
0x0000000003b5b000 	/usr/lib/system/libsystem_stats.dylib
0x0000000003b5b000 	/usr/lib/system/libsystem_trace.dylib
0x0000000003b5b000 	/usr/lib/system/libunc.dylib
0x0000000003b5b000 	/usr/lib/system/libunwind.dylib
0x0000000003b5b000 	/usr/lib/system/libxpc.dylib
0x0000000003b5b000 	/usr/lib/libbz2.1.0.dylib
0x0000000003b5b000 	/usr/lib/liblzma.5.dylib
0x0000000003b5b000 	/usr/lib/libbsm.0.dylib
0x0000000003b5b000 	/usr/lib/libsqlite3.dylib
0x0000000003b5b000 	/usr/lib/system/libkxld.dylib
0x0000000003b5b000 	/usr/lib/libxar.1.dylib
0x0000000003b5b000 	/usr/lib/libpam.2.dylib
0x0000000003b5b000 	/usr/lib/libOpenScriptingUtil.dylib
0x0000000003b5b000 	/System/Library/Frameworks/CoreServices.framework/Versions/A/Frameworks/FSEvents.framework/Versions/A/FSEvents
0x0000000003b5b000 	/System/Library/Frameworks/CoreServices.framework/Versions/A/Frameworks/CarbonCore.framework/Versions/A/CarbonCore
0x0000000003b5b000 	/System/Library/Frameworks/CoreServices.framework/Versions/A/Frameworks/Metadata.framework/Versions/A/Metadata
0x0000000003b5b000 	/System/Library/Frameworks/CoreServices.framework/Versions/A/Frameworks/OSServices.framework/Versions/A/OSServices
0x0000000003b5b000 	/System/Library/Frameworks/CoreServices.framework/Versions/A/Frameworks/SearchKit.framework/Versions/A/SearchKit
0x0000000003b5b000 	/System/Library/Frameworks/CoreServices.framework/Versions/A/Frameworks/AE.framework/Versions/A/AE
0x0000000003b5b000 	/System/Library/Frameworks/CoreServices.framework/Versions/A/Frameworks/LaunchServices.framework/Versions/A/LaunchServices
0x0000000003b5b000 	/System/Library/Frameworks/CoreServices.framework/Versions/A/Frameworks/DictionaryServices.framework/Versions/A/DictionaryServices
0x0000000003b5b000 	/System/Library/Frameworks/NetFS.framework/Versions/A/NetFS
0x0000000003b5b000 	/System/Library/PrivateFrameworks/NetAuth.framework/Versions/A/NetAuth
0x0000000003b5b000 	/System/Library/PrivateFrameworks/login.framework/Versions/A/Frameworks/loginsupport.framework/Versions/A/loginsupport
0x0000000003b5b000 	/System/Library/PrivateFrameworks/TCC.framework/Versions/A/TCC
0x0000000003b5b000 	/usr/lib/libmecabra.dylib
0x0000000003b5b000 	/System/Library/Frameworks/ApplicationServices.framework/Versions/A/Frameworks/ATS.framework/Versions/A/ATS
0x0000000003b5b000 	/System/Library/Frameworks/ApplicationServices.framework/Versions/A/Frameworks/ColorSync.framework/Versions/A/ColorSync
0x0000000003b5b000 	/System/Library/Frameworks/ApplicationServices.framework/Versions/A/Frameworks/HIServices.framework/Versions/A/HIServices
0x0000000003b5b000 	/System/Library/Frameworks/ApplicationServices.framework/Versions/A/Frameworks/LangAnalysis.framework/Versions/A/LangAnalysis
0x0000000003b5b000 	/System/Library/Frameworks/ApplicationServices.framework/Versions/A/Frameworks/PrintCore.framework/Versions/A/PrintCore
0x0000000003b5b000 	/System/Library/Frameworks/ApplicationServices.framework/Versions/A/Frameworks/QD.framework/Versions/A/QD
0x0000000003b5b000 	/System/Library/Frameworks/ApplicationServices.framework/Versions/A/Frameworks/SpeechSynthesis.framework/Versions/A/SpeechSynthesis
0x0000000003b5b000 	/System/Library/Frameworks/Accelerate.framework/Versions/A/Accelerate
0x0000000003b5b000 	/System/Library/Frameworks/Accelerate.framework/Versions/A/Frameworks/vImage.framework/Versions/A/vImage
0x0000000003b5b000 	/System/Library/Frameworks/Accelerate.framework/Versions/A/Frameworks/vecLib.framework/Versions/A/vecLib
0x0000000003b5b000 	/System/Library/Frameworks/Accelerate.framework/Versions/A/Frameworks/vecLib.framework/Versions/A/libvDSP.dylib
0x0000000003b5b000 	/System/Library/Frameworks/Accelerate.framework/Versions/A/Frameworks/vecLib.framework/Versions/A/libvMisc.dylib
0x0000000003b5b000 	/System/Library/Frameworks/Accelerate.framework/Versions/A/Frameworks/vecLib.framework/Versions/A/libLAPACK.dylib
0x0000000003b5b000 	/System/Library/Frameworks/Accelerate.framework/Versions/A/Frameworks/vecLib.framework/Versions/A/libBLAS.dylib
0x0000000003b5b000 	/System/Library/Frameworks/Accelerate.framework/Versions/A/Frameworks/vecLib.framework/Versions/A/libLinearAlgebra.dylib
0x0000000003b5b000 	/System/Library/Frameworks/ApplicationServices.framework/Versions/A/Frameworks/ATS.framework/Versions/A/Resources/libFontParser.dylib
0x0000000003b5b000 	/System/Library/Frameworks/ApplicationServices.framework/Versions/A/Frameworks/ATS.framework/Versions/A/Resources/libFontRegistry.dylib
0x0000000003b5b000 	/System/Library/PrivateFrameworks/AppleVPA.framework/Versions/A/AppleVPA
0x0000000003b5b000 	/System/Library/PrivateFrameworks/AppleJPEG.framework/Versions/A/AppleJPEG
0x0000000003b5b000 	/System/Library/Frameworks/ImageIO.framework/Versions/A/Resources/libJPEG.dylib
0x0000000003b5b000 	/System/Library/Frameworks/ImageIO.framework/Versions/A/Resources/libTIFF.dylib
0x0000000003b5b000 	/System/Library/Frameworks/ImageIO.framework/Versions/A/Resources/libPng.dylib
0x0000000003b5b000 	/System/Library/Frameworks/ImageIO.framework/Versions/A/Resources/libGIF.dylib
0x0000000003b5b000 	/System/Library/Frameworks/ImageIO.framework/Versions/A/Resources/libJP2.dylib
0x0000000003b5b000 	/System/Library/Frameworks/ImageIO.framework/Versions/A/Resources/libRadiance.dylib
0x0000000003b5b000 	/System/Library/Frameworks/CoreVideo.framework/Versions/A/CoreVideo
0x0000000003b5b000 	/System/Library/Frameworks/OpenGL.framework/Versions/A/Libraries/libGLU.dylib
0x0000000003b5b000 	/System/Library/Frameworks/OpenGL.framework/Versions/A/Libraries/libGFXShared.dylib
0x0000000003b5b000 	/System/Library/Frameworks/OpenGL.framework/Versions/A/Libraries/libGL.dylib
0x0000000003b5b000 	/System/Library/Frameworks/OpenGL.framework/Versions/A/Libraries/libGLImage.dylib
0x0000000003b5b000 	/System/Library/Frameworks/OpenGL.framework/Versions/A/Libraries/libCVMSPluginSupport.dylib
0x0000000003b5b000 	/System/Library/Frameworks/OpenGL.framework/Versions/A/Libraries/libCoreVMClient.dylib
0x0000000003b5b000 	/usr/lib/libcups.2.dylib
0x0000000003b5b000 	/System/Library/Frameworks/Kerberos.framework/Versions/A/Kerberos
0x0000000003b5b000 	/System/Library/Frameworks/GSS.framework/Versions/A/GSS
0x0000000003b5b000 	/usr/lib/libresolv.9.dylib
0x0000000003b5b000 	/usr/lib/libiconv.2.dylib
0x0000000003b5b000 	/System/Library/PrivateFrameworks/Heimdal.framework/Versions/A/Heimdal
0x0000000003b5b000 	/usr/lib/libheimdal-asn1.dylib
0x0000000003b5b000 	/System/Library/Frameworks/OpenDirectory.framework/Versions/A/OpenDirectory
0x0000000003b5b000 	/System/Library/PrivateFrameworks/CommonAuth.framework/Versions/A/CommonAuth
0x0000000003b5b000 	/System/Library/Frameworks/OpenDirectory.framework/Versions/A/Frameworks/CFOpenDirectory.framework/Versions/A/CFOpenDirectory
0x0000000003b5b000 	/System/Library/Frameworks/SecurityFoundation.framework/Versions/A/SecurityFoundation
0x0000000003b5b000 	/System/Library/PrivateFrameworks/LanguageModeling.framework/Versions/A/LanguageModeling
0x0000000003b5b000 	/usr/lib/libcmph.dylib
0x0000000003b5b000 	/System/Library/Frameworks/ServiceManagement.framework/Versions/A/ServiceManagement
0x0000000003b5b000 	/usr/lib/libxslt.1.dylib
0x0000000003b5b000 	/System/Library/Frameworks/Carbon.framework/Versions/A/Frameworks/Ink.framework/Versions/A/Ink
0x0000000003b5b000 	/System/Library/Frameworks/QuartzCore.framework/Versions/A/Frameworks/CoreImage.framework/Versions/A/CoreImage
0x0000000003b5b000 	/System/Library/PrivateFrameworks/CrashReporterSupport.framework/Versions/A/CrashReporterSupport
0x0000000003b5b000 	/System/Library/Frameworks/OpenCL.framework/Versions/A/OpenCL
0x0000000003b5b000 	/System/Library/PrivateFrameworks/FaceCore.framework/Versions/A/FaceCore
0x0000000003b5b000 	/System/Library/PrivateFrameworks/Ubiquity.framework/Versions/A/Ubiquity
0x0000000003b5b000 	/System/Library/PrivateFrameworks/IconServices.framework/Versions/A/IconServices
0x0000000003b5b000 	/System/Library/PrivateFrameworks/ChunkingLibrary.framework/Versions/A/ChunkingLibrary
0x0000000003b5b000 	/System/Library/PrivateFrameworks/Apple80211.framework/Versions/A/Apple80211
0x0000000003b5b000 	/System/Library/Frameworks/CoreWLAN.framework/Versions/A/CoreWLAN
0x0000000003b5b000 	/System/Library/Frameworks/IOBluetooth.framework/Versions/A/IOBluetooth
0x0000000003b5b000 	/System/Library/PrivateFrameworks/CoreWiFi.framework/Versions/A/CoreWiFi
0x0000000003b5b000 	/System/Library/Frameworks/CoreBluetooth.framework/Versions/A/CoreBluetooth
0x0000000003b5b000 	/System/Library/PrivateFrameworks/DebugSymbols.framework/Versions/A/DebugSymbols
0x0000000003b5b000 	/System/Library/PrivateFrameworks/CoreSymbolication.framework/Versions/A/CoreSymbolication
0x0000000003b5b000 	/System/Library/PrivateFrameworks/Symbolication.framework/Versions/A/Symbolication
0x0000000003b5b000 	/System/Library/PrivateFrameworks/SpeechRecognitionCore.framework/Versions/A/SpeechRecognitionCore
0x000000010a400000 	/Library/Java/JavaVirtualMachines/jdk1.8.0_121.jdk/Contents/Home/jre/lib/server/libjvm.dylib
0x0000000003b5b000 	/usr/lib/libstdc++.6.dylib
0x000000010b4a5000 	/Library/Java/JavaVirtualMachines/jdk1.8.0_121.jdk/Contents/Home/jre/lib/libverify.dylib
0x000000010b4b3000 	/Library/Java/JavaVirtualMachines/jdk1.8.0_121.jdk/Contents/Home/jre/lib/libjava.dylib
0x000000010b4e8000 	/Library/Java/JavaVirtualMachines/jdk1.8.0_121.jdk/Contents/Home/jre/lib/libinstrument.dylib
0x000000010b53c000 	/Library/Java/JavaVirtualMachines/jdk1.8.0_121.jdk/Contents/Home/jre/lib/libzip.dylib
0x0000000121595000 	/System/Library/Frameworks/JavaVM.framework/Frameworks/JavaRuntimeSupport.framework/JavaRuntimeSupport
0x00000001215ab000 	/System/Library/Frameworks/JavaVM.framework/Versions/A/Frameworks/JavaNativeFoundation.framework/Versions/A/JavaNativeFoundation
0x00000001215bf000 	/System/Library/Frameworks/JavaVM.framework/Versions/A/JavaVM
0x0000000003b5b000 	/System/Library/Frameworks/Carbon.framework/Versions/A/Carbon
0x00000001215cb000 	/System/Library/PrivateFrameworks/JavaLaunching.framework/Versions/A/JavaLaunching
0x0000000003b5b000 	/System/Library/Frameworks/Carbon.framework/Versions/A/Frameworks/CommonPanels.framework/Versions/A/CommonPanels
0x0000000003b5b000 	/System/Library/Frameworks/Carbon.framework/Versions/A/Frameworks/Help.framework/Versions/A/Help
0x0000000003b5b000 	/System/Library/Frameworks/Carbon.framework/Versions/A/Frameworks/ImageCapture.framework/Versions/A/ImageCapture
0x0000000003b5b000 	/System/Library/Frameworks/Carbon.framework/Versions/A/Frameworks/OpenScripting.framework/Versions/A/OpenScripting
0x0000000003b5b000 	/System/Library/Frameworks/Carbon.framework/Versions/A/Frameworks/Print.framework/Versions/A/Print
0x0000000003b5b000 	/System/Library/Frameworks/Carbon.framework/Versions/A/Frameworks/SecurityHI.framework/Versions/A/SecurityHI
0x000000012350d000 	/Library/Java/JavaVirtualMachines/jdk1.8.0_121.jdk/Contents/Home/jre/lib/libnet.dylib
0x0000000123772000 	/Library/Java/JavaVirtualMachines/jdk1.8.0_121.jdk/Contents/Home/jre/lib/libawt.dylib
0x000000012381a000 	/Library/Java/JavaVirtualMachines/jdk1.8.0_121.jdk/Contents/Home/jre/lib/./libmlib_image.dylib
0x00000001238e6000 	/Library/Java/JavaVirtualMachines/jdk1.8.0_121.jdk/Contents/Home/jre/lib/libawt_lwawt.dylib
0x000000012399d000 	/Library/Java/JavaVirtualMachines/jdk1.8.0_121.jdk/Contents/Home/jre/lib/./libosxapp.dylib
0x0000000003b5b000 	/System/Library/Frameworks/ExceptionHandling.framework/Versions/A/ExceptionHandling
0x0000000003b5b000 	/System/Library/PrivateFrameworks/CoreServicesInternal.framework/Versions/A/CoreServicesInternal
0x0000000003b5b000 	/System/Library/PrivateFrameworks/CloudDocs.framework/Versions/A/CloudDocs
0x0000000003b5b000 	/System/Library/PrivateFrameworks/CoreDuet.framework/Versions/A/CoreDuet
0x0000000003b5b000 	/System/Library/Frameworks/CloudKit.framework/Versions/A/CloudKit
0x0000000003b5b000 	/System/Library/PrivateFrameworks/ProtocolBuffer.framework/Versions/A/ProtocolBuffer
0x0000000003b5b000 	/System/Library/PrivateFrameworks/CoreDuetDaemonProtocol.framework/Versions/A/CoreDuetDaemonProtocol
0x0000000003b5b000 	/System/Library/PrivateFrameworks/CoreDuetDebugLogging.framework/Versions/A/CoreDuetDebugLogging
0x0000000003b5b000 	/System/Library/PrivateFrameworks/MMCS.framework/Versions/A/MMCS
0x0000000003b5b000 	/System/Library/Frameworks/CoreLocation.framework/Versions/A/CoreLocation
0x0000000003b5b000 	/System/Library/PrivateFrameworks/ProtectedCloudStorage.framework/Versions/A/ProtectedCloudStorage
0x0000000003b5b000 	/System/Library/PrivateFrameworks/GeoServices.framework/Versions/A/GeoServices
0x0000000003b5b000 	/System/Library/Frameworks/CoreGraphics.framework/Versions/A/Resources/libCGCMS.A.dylib
0x0000000003b5b000 	/System/Library/Frameworks/CoreGraphics.framework/Versions/A/Resources/libRIP.A.dylib
0x0000000003b5b000 	/System/Library/Frameworks/CoreGraphics.framework/Versions/A/Resources/libCGXType.A.dylib
0x0000000003b5b000 	/System/Library/Frameworks/OpenCL.framework/Versions/A/Libraries/libcldcpuengine.dylib
0x0000000003b5b000 	/System/Library/PrivateFrameworks/DiskImages.framework/Versions/A/DiskImages
0x0000000003b5b000 	/System/Library/Frameworks/DiscRecording.framework/Versions/A/DiscRecording
0x0000000003b5b000 	/usr/lib/libcsfde.dylib
0x0000000003b5b000 	/usr/lib/libcurl.4.dylib
0x0000000003b5b000 	/System/Library/PrivateFrameworks/MediaKit.framework/Versions/A/MediaKit
0x0000000003b5b000 	/usr/lib/libCoreStorage.dylib
0x0000000003b5b000 	/System/Library/PrivateFrameworks/EFILogin.framework/Versions/A/EFILogin
0x0000000003b5b000 	/usr/lib/libutil.dylib
0x0000000003b5b000 	/System/Library/PrivateFrameworks/FindMyDevice.framework/Versions/A/FindMyDevice
0x0000000003b5b000 	/System/Library/Frameworks/LDAP.framework/Versions/A/LDAP
0x0000000003b5b000 	/usr/lib/libsasl2.2.dylib
0x0000000003b5b000 	/System/Library/PrivateFrameworks/CoreDaemon.framework/Versions/B/CoreDaemon
0x0000000003b5b000 	/usr/lib/libcrypto.0.9.8.dylib
0x0000000003b5b000 	/System/Library/PrivateFrameworks/AppleSRP.framework/Versions/A/AppleSRP
0x0000000003b5b000 	/System/Library/PrivateFrameworks/TrustEvaluationAgent.framework/Versions/A/TrustEvaluationAgent
0x0000000126cb6000 	cl_kernels
0x0000000126cb8000 	/System/Library/Frameworks/OpenCL.framework/Versions/A/Libraries/ImageFormats/unorm8_bgra.dylib
0x0000000126ca8000 	cl_kernels
0x0000000003b5b000 	/System/Library/PrivateFrameworks/FamilyControls.framework/Versions/A/FamilyControls
0x0000000003b5b000 	/System/Library/PrivateFrameworks/CommerceKit.framework/Versions/A/Frameworks/CommerceCore.framework/Versions/A/CommerceCore
0x0000000003b5b000 	/System/Library/PrivateFrameworks/SystemAdministration.framework/Versions/A/SystemAdministration
0x0000000003b5b000 	/System/Library/PrivateFrameworks/AppContainer.framework/Versions/A/AppContainer
0x0000000003b5b000 	/System/Library/PrivateFrameworks/SecCodeWrapper.framework/Versions/A/SecCodeWrapper
0x0000000003b5b000 	/System/Library/Frameworks/DirectoryService.framework/Versions/A/DirectoryService
0x0000000003b5b000 	/System/Library/PrivateFrameworks/LoginUIKit.framework/Versions/A/Frameworks/LoginUICore.framework/Versions/A/LoginUICore
0x0000000003b5b000 	/usr/lib/libodfde.dylib
0x0000000127f57000 	/Library/Java/JavaVirtualMachines/jdk1.8.0_121.jdk/Contents/Home/jre/lib/libfontmanager.dylib
0x0000000127fbe000 	/Users/wifinaynay/Downloads/New-Beginner-Java-Game-Programming-Src-master/Episode 34/nightmare dungeon/lib/natives/native/macosx/liblwjgl.dylib
0x0000000126128000 	/Library/Java/JavaVirtualMachines/jdk1.8.0_121.jdk/Contents/Home/jre/lib/libjawt.dylib
0x0000000003b5b000 	/System/Library/Frameworks/OpenGL.framework/Versions/A/Resources/GLEngine.bundle/GLEngine
0x0000000003b5b000 	/System/Library/Frameworks/OpenGL.framework/Versions/A/Libraries/libGLProgrammability.dylib
0x0000000128040000 	/System/Library/Extensions/AppleIntelBDWGraphicsGLDriver.bundle/Contents/MacOS/AppleIntelBDWGraphicsGLDriver
0x0000000003b5b000 	/System/Library/PrivateFrameworks/IOAccelerator.framework/Versions/A/IOAccelerator
0x0000000003b5b000 	/System/Library/PrivateFrameworks/GPUSupport.framework/Versions/A/Libraries/libGPUSupportMercury.dylib
0x0000000003b5b000 	/System/Library/Frameworks/OpenGL.framework/Versions/A/Resources/GLRendererFloat.bundle/GLRendererFloat
0x0000000126cad000 	/Users/wifinaynay/Downloads/New-Beginner-Java-Game-Programming-Src-master/Episode 34/nightmare dungeon/lib/natives/native/macosx/libjinput-osx.dylib
0x0000000129a68000 	/System/Library/Extensions/IOHIDFamily.kext/Contents/PlugIns/IOHIDLib.plugin/Contents/MacOS/IOHIDLib
0x0000000129ca4000 	/Library/Java/JavaVirtualMachines/jdk1.8.0_121.jdk/Contents/Home/jre/lib/libnio.dylib
0x0000000129dbb000 	/Library/Java/JavaVirtualMachines/jdk1.8.0_121.jdk/Contents/Home/jre/lib/libjpeg.dylib

VM Arguments:
jvm_args: -Djava.library.path=/Users/wifinaynay/Downloads/New-Beginner-Java-Game-Programming-Src-master/Episode 34/nightmare dungeon/lib/natives/native:/Users/wifinaynay/Downloads/New-Beginner-Java-Game-Programming-Src-master/Episode 34/nightmare dungeon/lib/natives/native/macosx -javaagent:/Applications/IntelliJ IDEA.app/Contents/lib/idea_rt.jar=58517:/Applications/IntelliJ IDEA.app/Contents/bin -Dfile.encoding=UTF-8 
java_command: Game
java_class_path (initial): /Library/Java/JavaVirtualMachines/jdk1.8.0_121.jdk/Contents/Home/jre/lib/charsets.jar:/Library/Java/JavaVirtualMachines/jdk1.8.0_121.jdk/Contents/Home/jre/lib/deploy.jar:/Library/Java/JavaVirtualMachines/jdk1.8.0_121.jdk/Contents/Home/jre/lib/ext/cldrdata.jar:/Library/Java/JavaVirtualMachines/jdk1.8.0_121.jdk/Contents/Home/jre/lib/ext/dnsns.jar:/Library/Java/JavaVirtualMachines/jdk1.8.0_121.jdk/Contents/Home/jre/lib/ext/jaccess.jar:/Library/Java/JavaVirtualMachines/jdk1.8.0_121.jdk/Contents/Home/jre/lib/ext/jfxrt.jar:/Library/Java/JavaVirtualMachines/jdk1.8.0_121.jdk/Contents/Home/jre/lib/ext/localedata.jar:/Library/Java/JavaVirtualMachines/jdk1.8.0_121.jdk/Contents/Home/jre/lib/ext/nashorn.jar:/Library/Java/JavaVirtualMachines/jdk1.8.0_121.jdk/Contents/Home/jre/lib/ext/sunec.jar:/Library/Java/JavaVirtualMachines/jdk1.8.0_121.jdk/Contents/Home/jre/lib/ext/sunjce_provider.jar:/Library/Java/JavaVirtualMachines/jdk1.8.0_121.jdk/Contents/Home/jre/lib/ext/sunpkcs11.jar:/Library/Java/JavaVirtualMachines/jdk1.8.0_121.jdk/Contents/Home/jre/lib/ext/zipfs.jar:/Library/Java/JavaVirtualMachines/jdk1.8.0_121.jdk/Contents/Home/jre/lib/javaws.jar:/Library/Java/JavaVirtualMachines/jdk1.8.0_121.jdk/Contents/Home/jre/lib/jce.jar:/Library/Java/JavaVirtualMachines/jdk1.8.0_121.jdk/Contents/Home/jre/lib/jfr.jar:/Library/Java/JavaVirtualMachines/jdk1.8.0_121.jdk/Contents/Home/jre/lib/jfxswt.jar:/Library/Java/JavaVirtualMachines/jdk1.8.0_121.jdk/Contents/Home/jre/lib/jsse.jar:/Library/Java/JavaVirtualMachines/jdk1.8.0_121.jdk/Contents/Home/jre/lib/management-agent.jar:/Library/Java/JavaVirtualMachines/jdk1.8.0_121.jdk/Contents/Home/jre/lib/plugin.jar:/Library/Java/JavaVirtualMachines/jdk1.8.0_121.jdk/Contents/Home/jre/lib/resources.jar:/Library/Java/JavaVirtualMachines/jdk1.8.0_121.jdk/Contents/Home/jre/lib/rt.jar:/Library/Java/JavaVirtualMachines/jdk1.8.0_121.jdk/Contents/Home/lib/ant-javafx.jar:/Library/Java/JavaVirtualMachines/jdk1.8.0_121.jdk/Contents/Home
Launcher Type: SUN_STANDARD

Environment Variables:
PATH=/usr/local/bin:/usr/bin:/bin:/usr/sbin:/sbin:/usr/local/MacGPG2/bin
SHELL=/bin/bash

Signal Handlers:
SIGSEGV: [libjvm.dylib+0x5b1141], sa_mask[0]=11111111011111110111111111111111, sa_flags=SA_ONSTACK|SA_RESTART|SA_SIGINFO
SIGBUS: [libjvm.dylib+0x5b1141], sa_mask[0]=11111111011111110111111111111111, sa_flags=SA_RESTART|SA_SIGINFO
SIGFPE: [libjvm.dylib+0x487bc4], sa_mask[0]=11111111011111110111111111111111, sa_flags=SA_RESTART|SA_SIGINFO
SIGPIPE: [libjvm.dylib+0x487bc4], sa_mask[0]=11111111011111110111111111111111, sa_flags=SA_RESTART|SA_SIGINFO
SIGXFSZ: [libjvm.dylib+0x487bc4], sa_mask[0]=11111111011111110111111111111111, sa_flags=SA_RESTART|SA_SIGINFO
SIGILL: [libjvm.dylib+0x487bc4], sa_mask[0]=11111111011111110111111111111111, sa_flags=SA_RESTART|SA_SIGINFO
SIGUSR1: SIG_DFL, sa_mask[0]=00000000000000000000000000000000, sa_flags=none
SIGUSR2: [libjvm.dylib+0x4876e2], sa_mask[0]=00100000000000000000000000000000, sa_flags=SA_RESTART|SA_SIGINFO
SIGHUP: [libjvm.dylib+0x485cb9], sa_mask[0]=11111111011111110111111111111111, sa_flags=SA_RESTART|SA_SIGINFO
SIGINT: [libjvm.dylib+0x485cb9], sa_mask[0]=11111111011111110111111111111111, sa_flags=SA_RESTART|SA_SIGINFO
SIGTERM: [libjvm.dylib+0x485cb9], sa_mask[0]=11111111011111110111111111111111, sa_flags=SA_RESTART|SA_SIGINFO
SIGQUIT: [libjvm.dylib+0x485cb9], sa_mask[0]=11111111011111110111111111111111, sa_flags=SA_RESTART|SA_SIGINFO


---------------  S Y S T E M  ---------------

OS:Bsduname:Darwin 14.5.0 Darwin Kernel Version 14.5.0: Tue Apr 11 16:12:42 PDT 2017; root:xnu-2782.50.9.2.3~1/RELEASE_X86_64 x86_64
rlimit: STACK 8192k, CORE 0k, NPROC 709, NOFILE 10240, AS infinity
load average:3.63 3.49 3.22

CPU:total 4 (2 cores per cpu, 2 threads per core) family 6 model 61 stepping 4, cmov, cx8, fxsr, mmx, sse, sse2, sse3, ssse3, sse4.1, sse4.2, popcnt, avx, avx2, aes, clmul, erms, 3dnowpref, lzcnt, ht, tsc, tscinvbit, bmi1, bmi2, adx

Memory: 4k page, physical 8388608k(62792k free)

/proc/meminfo:


vm_info: Java HotSpot(TM) 64-Bit Server VM (25.121-b13) for bsd-amd64 JRE (1.8.0_121-b13), built on Dec 12 2016 20:39:32 by "java_re" with gcc 4.2.1 (Based on Apple Inc. build 5658) (LLVM build 2336.11.00)

time: Fri Nov  3 19:30:30 2017
elapsed time: 61 seconds (0d 0h 1m 1s)

